#
# A fatal error has been detected by the Java Runtime Environment:
#
#  SIGSEGV (0xb) at pc=0x0000000000000000, pid=10338, tid=0x00007fc04108b700
#
# JRE version: Java(TM) SE Runtime Environment (8.0_111-b14) (build 1.8.0_111-b14)
# Java VM: Java HotSpot(TM) 64-Bit Server VM (25.111-b14 mixed mode linux-amd64 compressed oops)
# Problematic frame:
# C  0x0000000000000000
#
# Failed to write core dump. Core dumps have been disabled. To enable core dumping, try "ulimit -c unlimited" before starting Java again
#
# If you would like to submit a bug report, please visit:
#   http://bugreport.java.com/bugreport/crash.jsp
#

---------------  T H R E A D  ---------------

Current thread (0x00007fc03c024800):  GCTaskThread [stack: 0x00007fc040f8b000,0x00007fc04108c000] [id=10346]

siginfo: si_signo: 11 (SIGSEGV), si_code: 1 (SEGV_MAPERR), si_addr: 0x0000000000000000

Registers:
RAX=0x00007fc044bada80, RBX=0x00000000d888c988, RCX=0x0000000000000003, RDX=0x0000000000000001
RSP=0x00007fc04108aba8, RBP=0x00007fc04108ac20, RSI=0x00000000d84a1f08, RDI=0x000000010000fa58
R8 =0x0000000000000001, R9 =0x00000000d888fff0, R10=0x00007fc044111159, R11=0x00007fc0442e28f0
R12=0x00000000d84a1f08, R13=0x0000000000000405, R14=0x0000000000000000, R15=0x00007fc03c0758e8
RIP=0x0000000000000000, EFLAGS=0x0000000000010246, CSGSFS=0x0000000000000033, ERR=0x0000000000000014
  TRAPNO=0x000000000000000e

Top of Stack: (sp=0x00007fc04108aba8)
0x00007fc04108aba8:   00007fc043aea038 00007fc04108ac20
0x00007fc04108abb8:   00007fc044111159 00007fc04108ac20
0x00007fc04108abc8:   00007fc03c075880 00007fc04108ac30
0x00007fc04108abd8:   00007fc04108ac40 00007fc04108ac50
0x00007fc04108abe8:   00007fc04108ac10 00007fc04108ac20
0x00007fc04108abf8:   00000000d888c988 00007fc03c075880
0x00007fc04108ac08:   00007fc0440ecc70 0000000000000000
0x00007fc04108ac18:   00007fc03c0758e8 00007fc04108ad10
0x00007fc04108ac28:   00007fc043ae9898 00007fc04108ac90
0x00007fc04108ac38:   00007fc04108aca0 00007fc04108acb0
0x00007fc04108ac48:   00007fc04108ac70 00007fc04108ac80
0x00007fc04108ac58:   00007fc04108acd0 010000008818d600
0x00007fc04108ac68:   00007fc03c075918 00000000d84a1b20
0x00007fc04108ac78:   0000000000000405 0000000000000000
0x00007fc04108ac88:   0000000000000005 00007fc04108ad10
0x00007fc04108ac98:   00007fc043aea43e 003ac92f0001c5cd
0x00007fc04108aca8:   0000000000000000 00399836000153dc
0x00007fc04108acb8:   00007fc03c075880 00399837000153dc
0x00007fc04108acc8:   00007fc03c075901 00000000d888c989
0x00007fc04108acd8:   00007fc04108ad30 00007fc03c027420
0x00007fc04108ace8:   0000000000437b6d 00007fc0440ecc70
0x00007fc04108acf8:   0000000000000003 00007fc04108ad30
0x00007fc04108ad08:   00007fc04108ad3c 00007fc04108ad70
0x00007fc04108ad18:   00007fc043aed69e 00007fc000295aa0
0x00007fc04108ad28:   00007fc03c075880 0000000086f6db2d
0x00007fc04108ad38:   62591bee437335a7 00007fc04108ad70
0x00007fc04108ad48:   00007fc000295aa0 00007fc03c024800
0x00007fc04108ad58:   0000000000000001 00007fc03c025170
0x00007fc04108ad68:   00007fc043cae943 00007fc04108ae80
0x00007fc04108ad78:   00007fc04373429f 0000000000000000
0x00007fc04108ad88:   00007fc04108adc0 00007fc04108ae40
0x00007fc04108ad98:   0000000000000000 00007fc03c0251b0 

Instructions: (pc=0x0000000000000000)
0xffffffffffffffe0:   

Register to memory mapping:

RAX=0x00007fc044bada80 is an unknown value
RBX=0x00000000d888c988 is an oop

[error occurred during error reporting (printing register info), id 0xb]

Stack: [0x00007fc040f8b000,0x00007fc04108c000],  sp=0x00007fc04108aba8,  free space=1022k

---------------  P R O C E S S  ---------------

Java Threads: ( => current thread )
  0x00007fbfd8147000 JavaThread "Thread-0" [_thread_in_native, id=10361, stack(0x00007fbfeb1dc000,0x00007fbfeb2dd000)]
  0x00007fbfd807b000 JavaThread "TimerQueue" daemon [_thread_blocked, id=10360, stack(0x00007fbfebeff000,0x00007fbfec000000)]
  0x00007fc03c00a800 JavaThread "DestroyJavaVM" [_thread_blocked, id=10340, stack(0x00007fc044c57000,0x00007fc044d58000)]
  0x00007fc03c38f800 JavaThread "AWT-EventQueue-0" [_thread_blocked, id=10359, stack(0x00007fc00832f000,0x00007fc008430000)]
  0x00007fc03c3d6000 JavaThread "AWT-Shutdown" [_thread_blocked, id=10358, stack(0x00007fc008430000,0x00007fc008531000)]
  0x00007fc03c358800 JavaThread "AWT-XAWT" daemon [_thread_in_native, id=10357, stack(0x00007fc008e5a000,0x00007fc008f5b000)]
  0x00007fc03c33b800 JavaThread "Java2D Disposer" daemon [_thread_blocked, id=10356, stack(0x00007fc00936b000,0x00007fc00946c000)]
  0x00007fc03c0c2000 JavaThread "Service Thread" daemon [_thread_blocked, id=10354, stack(0x00007fc00b0d3000,0x00007fc00b1d4000)]
  0x00007fc03c0bf000 JavaThread "C1 CompilerThread2" daemon [_thread_blocked, id=10353, stack(0x00007fc00b1d4000,0x00007fc00b2d5000)]
  0x00007fc03c0bd000 JavaThread "C2 CompilerThread1" daemon [_thread_blocked, id=10352, stack(0x00007fc00b2d5000,0x00007fc00b3d6000)]
  0x00007fc03c0ba000 JavaThread "C2 CompilerThread0" daemon [_thread_blocked, id=10351, stack(0x00007fc00b3d6000,0x00007fc00b4d7000)]
  0x00007fc03c0b8800 JavaThread "Signal Dispatcher" daemon [_thread_blocked, id=10350, stack(0x00007fc00b4d7000,0x00007fc00b5d8000)]
  0x00007fc03c084800 JavaThread "Finalizer" daemon [_thread_blocked, id=10349, stack(0x00007fc02408e000,0x00007fc02418f000)]
  0x00007fc03c080000 JavaThread "Reference Handler" daemon [_thread_blocked, id=10348, stack(0x00007fc02418f000,0x00007fc024290000)]

Other Threads:
  0x00007fc03c078000 VMThread [stack: 0x00007fc02c06d000,0x00007fc02c16e000] [id=10347]
  0x00007fc03c0c5000 WatcherThread [stack: 0x00007fc00afd2000,0x00007fc00b0d3000] [id=10355]

=>0x00007fc03c024800 (exited) GCTaskThread [stack: 0x00007fc040f8b000,0x00007fc04108c000] [id=10346]

VM state:at safepoint (normal execution)

VM Mutex/Monitor currently owned by a thread:  ([mutex/lock_event])
[0x00007fc03c006220] ExpandHeap_lock - owner thread: 0x00007fc03c023000
[0x00007fc03c0068a0] Threads_lock - owner thread: 0x00007fc03c078000
[0x00007fc03c006da0] Heap_lock - owner thread: 0x00007fc03c38f800

Heap:
 PSYoungGen      total 25088K, used 24192K [0x00000000d7100000, 0x00000000d8a80000, 0x0000000100000000)
  eden space 24064K, 100% used [0x00000000d7100000,0x00000000d8880000,0x00000000d8880000)
  from space 1024K, 12% used [0x00000000d8980000,0x00000000d89a0000,0x00000000d8a80000)
  to   space 1024K, 25% used [0x00000000d8880000,0x00000000d88c0000,0x00000000d8980000)
 ParOldGen       total 84992K, used 49948K [0x0000000085200000, 0x00000000c6580000, 0x00000000d7100000)
  object space 84992K, 58% used [0x0000000085200000,0x00000000882c7340,0x000000008a500000)
 Metaspace       used 20336K, capacity 20621K, committed 20864K, reserved 1067008K
  class space    used 2292K, capacity 2378K, committed 2432K, reserved 1048576K

Card table byte_map: [0x00007fc04161f000,0x00007fc0419f7000] byte_map_base: 0x00007fc0411f6000

Marking Bits: (ParMarkBitMap*) 0x00007fc044120220
 Begin Bits: [0x00007fc024290000, 0x00007fc026148000)
 End Bits:   [0x00007fc026148000, 0x00007fc028000000)

Polling page: 0x00007fc044d6f000

CodeCache: size=245760Kb used=9270Kb max_used=9418Kb free=236489Kb
 bounds [0x00007fc02d000000, 0x00007fc02d9b0000, 0x00007fc03c000000]
 total_blobs=3418 nmethods=2784 adapters=547
 compilation: enabled

Compilation events (10 events):
Event: 7678,709 Thread 0x00007fc03c0ba000 3450       4       org.jfree.chart.block.BorderArrangement::arrange (252 bytes)
Event: 7678,709 Thread 0x00007fc03c0bd000 3451       4       org.jfree.chart.title.LegendTitle::draw (95 bytes)
Event: 7678,714 Thread 0x00007fc03c0ba000 nmethod 3450 0x00007fc02d604ed0 code [0x00007fc02d605080, 0x00007fc02d6053d8]
Event: 7678,714 Thread 0x00007fc03c0ba000 3452       4       java.awt.geom.Path2D$Double::getPathIterator (23 bytes)
Event: 7678,715 Thread 0x00007fc03c0ba000 nmethod 3452 0x00007fc02d72c7d0 code [0x00007fc02d72c920, 0x00007fc02d72ca38]
Event: 7678,715 Thread 0x00007fc03c0ba000 3453       4       org.jfree.chart.block.LabelBlock::draw (184 bytes)
Event: 7678,722 Thread 0x00007fc03c0bd000 nmethod 3451 0x00007fc02d6e6ed0 code [0x00007fc02d6e7120, 0x00007fc02d6e7b30]
Event: 7678,722 Thread 0x00007fc03c0bd000 3454       4       sun.java2d.pipe.ValidatePipe::draw (20 bytes)
Event: 7678,737 Thread 0x00007fc03c0bd000 nmethod 3454 0x00007fc02d364410 code [0x00007fc02d3648c0, 0x00007fc02d3656f0]
Event: 7678,742 Thread 0x00007fc03c0ba000 nmethod 3453 0x00007fc02d1a8950 code [0x00007fc02d1a8d00, 0x00007fc02d1aa330]

GC Heap History (10 events):
Event: 8527,829 GC heap after
Heap after GC invocations=4358 (full 0):
 PSYoungGen      total 20480K, used 96K [0x00000000d7100000, 0x00000000d8600000, 0x0000000100000000)
  eden space 19456K, 0% used [0x00000000d7100000,0x00000000d7100000,0x00000000d8400000)
  from space 1024K, 9% used [0x00000000d8500000,0x00000000d8518000,0x00000000d8600000)
  to   space 1024K, 0% used [0x00000000d8400000,0x00000000d8400000,0x00000000d8500000)
 ParOldGen       total 84992K, used 48676K [0x0000000085200000, 0x000000008a500000, 0x00000000d7100000)
  object space 84992K, 57% used [0x0000000085200000,0x0000000088189340,0x000000008a500000)
 Metaspace       used 20336K, capacity 20621K, committed 20864K, reserved 1067008K
  class space    used 2292K, capacity 2378K, committed 2432K, reserved 1048576K
}
Event: 8528,828 GC heap before
{Heap before GC invocations=4359 (full 0):
 PSYoungGen      total 20480K, used 19552K [0x00000000d7100000, 0x00000000d8600000, 0x0000000100000000)
  eden space 19456K, 100% used [0x00000000d7100000,0x00000000d8400000,0x00000000d8400000)
  from space 1024K, 9% used [0x00000000d8500000,0x00000000d8518000,0x00000000d8600000)
  to   space 1024K, 0% used [0x00000000d8400000,0x00000000d8400000,0x00000000d8500000)
 ParOldGen       total 84992K, used 48676K [0x0000000085200000, 0x000000008a500000, 0x00000000d7100000)
  object space 84992K, 57% used [0x0000000085200000,0x0000000088189340,0x000000008a500000)
 Metaspace       used 20336K, capacity 20621K, committed 20864K, reserved 1067008K
  class space    used 2292K, capacity 2378K, committed 2432K, reserved 1048576K
Event: 8528,830 GC heap after
Heap after GC invocations=4359 (full 0):
 PSYoungGen      total 20480K, used 128K [0x00000000d7100000, 0x00000000d8600000, 0x0000000100000000)
  eden space 19456K, 0% used [0x00000000d7100000,0x00000000d7100000,0x00000000d8400000)
  from space 1024K, 12% used [0x00000000d8400000,0x00000000d8420000,0x00000000d8500000)
  to   space 1024K, 0% used [0x00000000d8500000,0x00000000d8500000,0x00000000d8600000)
 ParOldGen       total 84992K, used 48684K [0x0000000085200000, 0x000000008a500000, 0x00000000d7100000)
  object space 84992K, 57% used [0x0000000085200000,0x000000008818b340,0x000000008a500000)
 Metaspace       used 20336K, capacity 20621K, committed 20864K, reserved 1067008K
  class space    used 2292K, capacity 2378K, committed 2432K, reserved 1048576K
}
Event: 8529,822 GC heap before
{Heap before GC invocations=4360 (full 0):
 PSYoungGen      total 20480K, used 19584K [0x00000000d7100000, 0x00000000d8600000, 0x0000000100000000)
  eden space 19456K, 100% used [0x00000000d7100000,0x00000000d8400000,0x00000000d8400000)
  from space 1024K, 12% used [0x00000000d8400000,0x00000000d8420000,0x00000000d8500000)
  to   space 1024K, 0% used [0x00000000d8500000,0x00000000d8500000,0x00000000d8600000)
 ParOldGen       total 84992K, used 48684K [0x0000000085200000, 0x000000008a500000, 0x00000000d7100000)
  object space 84992K, 57% used [0x0000000085200000,0x000000008818b340,0x000000008a500000)
 Metaspace       used 20336K, capacity 20621K, committed 20864K, reserved 1067008K
  class space    used 2292K, capacity 2378K, committed 2432K, reserved 1048576K
Event: 8529,823 GC heap after
Heap after GC invocations=4360 (full 0):
 PSYoungGen      total 19968K, used 96K [0x00000000d7100000, 0x00000000d8580000, 0x0000000100000000)
  eden space 19456K, 0% used [0x00000000d7100000,0x00000000d7100000,0x00000000d8400000)
  from space 512K, 18% used [0x00000000d8500000,0x00000000d8518000,0x00000000d8580000)
  to   space 512K, 0% used [0x00000000d8480000,0x00000000d8480000,0x00000000d8500000)
 ParOldGen       total 84992K, used 48692K [0x0000000085200000, 0x000000008a500000, 0x00000000d7100000)
  object space 84992K, 57% used [0x0000000085200000,0x000000008818d340,0x000000008a500000)
 Metaspace       used 20336K, capacity 20621K, committed 20864K, reserved 1067008K
  class space    used 2292K, capacity 2378K, committed 2432K, reserved 1048576K
}
Event: 8529,847 GC heap before
{Heap before GC invocations=4361 (full 0):
 PSYoungGen      total 19968K, used 19552K [0x00000000d7100000, 0x00000000d8580000, 0x0000000100000000)
  eden space 19456K, 100% used [0x00000000d7100000,0x00000000d8400000,0x00000000d8400000)
  from space 512K, 18% used [0x00000000d8500000,0x00000000d8518000,0x00000000d8580000)
  to   space 512K, 0% used [0x00000000d8480000,0x00000000d8480000,0x00000000d8500000)
 ParOldGen       total 84992K, used 48692K [0x0000000085200000, 0x000000008a500000, 0x00000000d7100000)
  object space 84992K, 57% used [0x0000000085200000,0x000000008818d340,0x000000008a500000)
 Metaspace       used 20336K, capacity 20621K, committed 20864K, reserved 1067008K
  class space    used 2292K, capacity 2378K, committed 2432K, reserved 1048576K
Event: 8529,850 GC heap after
Heap after GC invocations=4361 (full 0):
 PSYoungGen      total 20480K, used 512K [0x00000000d7100000, 0x00000000d8b00000, 0x0000000100000000)
  eden space 19968K, 0% used [0x00000000d7100000,0x00000000d7100000,0x00000000d8480000)
  from space 512K, 100% used [0x00000000d8480000,0x00000000d8500000,0x00000000d8500000)
  to   space 1536K, 0% used [0x00000000d8980000,0x00000000d8980000,0x00000000d8b00000)
 ParOldGen       total 84992K, used 49932K [0x0000000085200000, 0x000000008a500000, 0x00000000d7100000)
  object space 84992K, 58% used [0x0000000085200000,0x00000000882c3340,0x000000008a500000)
 Metaspace       used 20336K, capacity 20621K, committed 20864K, reserved 1067008K
  class space    used 2292K, capacity 2378K, committed 2432K, reserved 1048576K
}
Event: 8531,828 GC heap before
{Heap before GC invocations=4362 (full 0):
 PSYoungGen      total 20480K, used 20480K [0x00000000d7100000, 0x00000000d8b00000, 0x0000000100000000)
  eden space 19968K, 100% used [0x00000000d7100000,0x00000000d8480000,0x00000000d8480000)
  from space 512K, 100% used [0x00000000d8480000,0x00000000d8500000,0x00000000d8500000)
  to   space 1536K, 0% used [0x00000000d8980000,0x00000000d8980000,0x00000000d8b00000)
 ParOldGen       total 84992K, used 49932K [0x0000000085200000, 0x000000008a500000, 0x00000000d7100000)
  object space 84992K, 58% used [0x0000000085200000,0x00000000882c3340,0x000000008a500000)
 Metaspace       used 20336K, capacity 20621K, committed 20864K, reserved 1067008K
  class space    used 2292K, capacity 2378K, committed 2432K, reserved 1048576K
Event: 8531,830 GC heap after
Heap after GC invocations=4362 (full 0):
 PSYoungGen      total 25088K, used 128K [0x00000000d7100000, 0x00000000d8a80000, 0x0000000100000000)
  eden space 24064K, 0% used [0x00000000d7100000,0x00000000d7100000,0x00000000d8880000)
  from space 1024K, 12% used [0x00000000d8980000,0x00000000d89a0000,0x00000000d8a80000)
  to   space 1024K, 0% used [0x00000000d8880000,0x00000000d8880000,0x00000000d8980000)
 ParOldGen       total 84992K, used 49940K [0x0000000085200000, 0x000000008a500000, 0x00000000d7100000)
  object space 84992K, 58% used [0x0000000085200000,0x00000000882c5340,0x000000008a500000)
 Metaspace       used 20336K, capacity 20621K, committed 20864K, reserved 1067008K
  class space    used 2292K, capacity 2378K, committed 2432K, reserved 1048576K
}
Event: 8532,835 GC heap before
{Heap before GC invocations=4363 (full 0):
 PSYoungGen      total 25088K, used 24192K [0x00000000d7100000, 0x00000000d8a80000, 0x0000000100000000)
  eden space 24064K, 100% used [0x00000000d7100000,0x00000000d8880000,0x00000000d8880000)
  from space 1024K, 12% used [0x00000000d8980000,0x00000000d89a0000,0x00000000d8a80000)
  to   space 1024K, 0% used [0x00000000d8880000,0x00000000d8880000,0x00000000d8980000)
 ParOldGen       total 84992K, used 49940K [0x0000000085200000, 0x000000008a500000, 0x00000000d7100000)
  object space 84992K, 58% used [0x0000000085200000,0x00000000882c5340,0x000000008a500000)
 Metaspace       used 20336K, capacity 20621K, committed 20864K, reserved 1067008K
  class space    used 2292K, capacity 2378K, committed 2432K, reserved 1048576K

Deoptimization events (10 events):
Event: 0,377 Thread 0x00007fc03c38f800 Uncommon trap: reason=unstable_if action=reinterpret pc=0x00007fc02d2504dc method=java.util.HashMap.putVal(ILjava/lang/Object;Ljava/lang/Object;ZZ)Ljava/lang/Object; @ 109
Event: 0,454 Thread 0x00007fc03c38f800 Uncommon trap: reason=unstable_if action=reinterpret pc=0x00007fc02d284120 method=java.lang.CharacterData.of(I)Ljava/lang/CharacterData; @ 4
Event: 0,615 Thread 0x00007fc03c38f800 Uncommon trap: reason=unstable_if action=reinterpret pc=0x00007fc02d23c0ec method=java.lang.String.replace(CC)Ljava/lang/String; @ 26
Event: 2,646 Thread 0x00007fc03c38f800 Uncommon trap: reason=unstable_if action=reinterpret pc=0x00007fc02d42ed70 method=java.lang.StrictMath.floorOrCeil(DDDD)D @ 24
Event: 6,370 Thread 0x00007fbfd0003000 Uncommon trap: reason=unstable_if action=reinterpret pc=0x00007fc02d49a574 method=java.io.FilterOutputStream.write([BII)V @ 31
Event: 8,935 Thread 0x00007fbfd0003000 Uncommon trap: reason=unstable_if action=reinterpret pc=0x00007fc02d1b01a4 method=java.util.Properties.loadConvert([CII[C)Ljava/lang/String; @ 57
Event: 11,647 Thread 0x00007fc03c38f800 Uncommon trap: reason=unstable_if action=reinterpret pc=0x00007fc02d484f60 method=java.lang.ref.SoftReference.get()Ljava/lang/Object; @ 17
Event: 2678,040 Thread 0x00007fc03c38f800 Uncommon trap: reason=unstable_if action=reinterpret pc=0x00007fc02d507c8c method=org.jfree.data.time.Minute.compareTo(Ljava/lang/Object;)I @ 25
Event: 7630,705 Thread 0x00007fc03c358800 Uncommon trap: reason=unstable_if action=reinterpret pc=0x00007fc02d25c3f8 method=java.util.concurrent.locks.ReentrantLock$Sync.nonfairTryAcquire(I)Z @ 19
Event: 8369,801 Thread 0x00007fc03c358800 Uncommon trap: reason=unstable_if action=reinterpret pc=0x00007fc02d1f0924 method=java.util.concurrent.locks.ReentrantLock$Sync.nonfairTryAcquire(I)Z @ 19

Internal exceptions (10 events):
Event: 0,251 Thread 0x00007fc03c00a800 Exception <a 'java/lang/ClassNotFoundException': ToggleButton> (0x00000000d76190d0) thrown at [/HUDSON3/workspace/8-2-build-linux-amd64/jdk8u111/7883/hotspot/src/share/vm/classfile/systemDictionary.cpp, line 210]
Event: 0,251 Thread 0x00007fc03c00a800 Exception <a 'java/lang/ClassNotFoundException': javax/swing/JToolBarSeparator> (0x00000000d7619530) thrown at [/HUDSON3/workspace/8-2-build-linux-amd64/jdk8u111/7883/hotspot/src/share/vm/classfile/systemDictionary.cpp, line 210]
Event: 0,251 Thread 0x00007fc03c00a800 Exception <a 'java/lang/ClassNotFoundException': ToolBarSeparator> (0x00000000d76199c8) thrown at [/HUDSON3/workspace/8-2-build-linux-amd64/jdk8u111/7883/hotspot/src/share/vm/classfile/systemDictionary.cpp, line 210]
Event: 0,251 Thread 0x00007fc03c00a800 Exception <a 'java/lang/ClassNotFoundException': ToolTip> (0x00000000d761a108) thrown at [/HUDSON3/workspace/8-2-build-linux-amd64/jdk8u111/7883/hotspot/src/share/vm/classfile/systemDictionary.cpp, line 210]
Event: 0,252 Thread 0x00007fc03c00a800 Exception <a 'java/lang/ClassNotFoundException': Tree> (0x00000000d761ad28) thrown at [/HUDSON3/workspace/8-2-build-linux-amd64/jdk8u111/7883/hotspot/src/share/vm/classfile/systemDictionary.cpp, line 210]
Event: 0,252 Thread 0x00007fc03c00a800 Exception <a 'java/lang/ClassNotFoundException': Tree> (0x00000000d761b468) thrown at [/HUDSON3/workspace/8-2-build-linux-amd64/jdk8u111/7883/hotspot/src/share/vm/classfile/systemDictionary.cpp, line 210]
Event: 0,252 Thread 0x00007fc03c00a800 Exception <a 'java/lang/ClassNotFoundException': javax/swing/JTreeCell> (0x00000000d761b7e8) thrown at [/HUDSON3/workspace/8-2-build-linux-amd64/jdk8u111/7883/hotspot/src/share/vm/classfile/systemDictionary.cpp, line 210]
Event: 0,252 Thread 0x00007fc03c00a800 Exception <a 'java/lang/ClassNotFoundException': TreeCell> (0x00000000d761bc70) thrown at [/HUDSON3/workspace/8-2-build-linux-amd64/jdk8u111/7883/hotspot/src/share/vm/classfile/systemDictionary.cpp, line 210]
Event: 0,252 Thread 0x00007fc03c00a800 Exception <a 'java/lang/ClassNotFoundException': RootPane> (0x00000000d761c6d0) thrown at [/HUDSON3/workspace/8-2-build-linux-amd64/jdk8u111/7883/hotspot/src/share/vm/classfile/systemDictionary.cpp, line 210]
Event: 0,736 Thread 0x00007fc03c38f800 Exception <a 'java/lang/UnsupportedOperationException': > (0x00000000d873a770) thrown at [/HUDSON3/workspace/8-2-build-linux-amd64/jdk8u111/7883/hotspot/src/share/vm/prims/jni.cpp, line 735]

Events (10 events):
Event: 8527,829 Executing VM operation: ParallelGCFailedAllocation done
Event: 8528,828 Executing VM operation: ParallelGCFailedAllocation
Event: 8528,830 Executing VM operation: ParallelGCFailedAllocation done
Event: 8529,822 Executing VM operation: ParallelGCFailedAllocation
Event: 8529,823 Executing VM operation: ParallelGCFailedAllocation done
Event: 8529,847 Executing VM operation: ParallelGCFailedAllocation
Event: 8529,850 Executing VM operation: ParallelGCFailedAllocation done
Event: 8531,828 Executing VM operation: ParallelGCFailedAllocation
Event: 8531,830 Executing VM operation: ParallelGCFailedAllocation done
Event: 8532,835 Executing VM operation: ParallelGCFailedAllocation


Dynamic libraries:
00400000-00401000 r-xp 00000000 08:02 1967913                            /home/glazen/jdk1.8.0_111/jre/bin/java
00600000-00601000 rw-p 00000000 08:02 1967913                            /home/glazen/jdk1.8.0_111/jre/bin/java
00898000-008b9000 rw-p 00000000 00:00 0                                  [heap]
85200000-c6580000 rw-p 00000000 00:00 0 
c6580000-d7100000 ---p 00000000 00:00 0 
d7100000-d8a80000 rw-p 00000000 00:00 0 
d8a80000-100000000 ---p 00000000 00:00 0 
100000000-100260000 rw-p 00000000 00:00 0 
100260000-140000000 ---p 00000000 00:00 0 
7fbfd0000000-7fbfd0021000 rw-p 00000000 00:00 0 
7fbfd0021000-7fbfd4000000 ---p 00000000 00:00 0 
7fbfd4000000-7fbfd40e3000 rw-p 00000000 00:00 0 
7fbfd40e3000-7fbfd8000000 ---p 00000000 00:00 0 
7fbfd8000000-7fbfd840d000 rw-p 00000000 00:00 0 
7fbfd840d000-7fbfdc000000 ---p 00000000 00:00 0 
7fbfdc000000-7fbfdc021000 rw-p 00000000 00:00 0 
7fbfdc021000-7fbfe0000000 ---p 00000000 00:00 0 
7fbfe0000000-7fbfe0021000 rw-p 00000000 00:00 0 
7fbfe0021000-7fbfe4000000 ---p 00000000 00:00 0 
7fbfe4000000-7fbfe4024000 rw-p 00000000 00:00 0 
7fbfe4024000-7fbfe8000000 ---p 00000000 00:00 0 
7fbfeaed6000-7fbfeaedb000 r--s 002f8000 08:02 1967650                    /home/glazen/jdk1.8.0_111/jre/lib/charsets.jar
7fbfeaedb000-7fbfeb0db000 rw-p 00000000 00:00 0 
7fbfeb0db000-7fbfeb0de000 ---p 00000000 00:00 0 
7fbfeb0de000-7fbfeb1dc000 rw-p 00000000 00:00 0 
7fbfeb1dc000-7fbfeb1df000 ---p 00000000 00:00 0 
7fbfeb1df000-7fbfeb4dd000 rw-p 00000000 00:00 0 
7fbfeb4dd000-7fbfeb4f0000 r--s 00345000 08:02 1967621                    /home/glazen/jdk1.8.0_111/jre/lib/resources.jar
7fbfeb4f0000-7fbfeb51a000 r-xp 00000000 08:02 1967726                    /home/glazen/jdk1.8.0_111/jre/lib/amd64/libdcpr.so
7fbfeb51a000-7fbfeb71a000 ---p 0002a000 08:02 1967726                    /home/glazen/jdk1.8.0_111/jre/lib/amd64/libdcpr.so
7fbfeb71a000-7fbfeb71d000 rw-p 0002a000 08:02 1967726                    /home/glazen/jdk1.8.0_111/jre/lib/amd64/libdcpr.so
7fbfeb71d000-7fbfeb91d000 rw-p 00000000 00:00 0 
7fbfebb64000-7fbfebd64000 rw-p 00000000 00:00 0 
7fbfebd64000-7fbfebd6f000 r--s 00000000 08:02 11403365                   /var/cache/fontconfig/945677eb7aeaf62f1d50efc3fb3ec7d8-le64.cache-6
7fbfebd6f000-7fbfebd75000 r--s 00000000 08:02 11410960                   /var/cache/fontconfig/2cd17615ca594fa2959ae173292e504c-le64.cache-6
7fbfebd75000-7fbfebd76000 r--s 00000000 08:02 11410959                   /var/cache/fontconfig/0d8c3b2ac0904cb8a57a757ad11a4a08-le64.cache-6
7fbfebd76000-7fbfebd8b000 r--s 00000000 08:02 11410933                   /var/cache/fontconfig/04aabc0a78ac019cf9454389977116d2-le64.cache-6
7fbfebd8b000-7fbfebd8c000 r--s 00000000 08:02 11410894                   /var/cache/fontconfig/1ac9eb803944fde146138c791f5cc56a-le64.cache-6
7fbfebd8c000-7fbfebd90000 r--s 00000000 08:02 11410893                   /var/cache/fontconfig/385c0604a188198f04d133e54aba7fe7-le64.cache-6
7fbfebd90000-7fbfebd91000 r--s 00000000 08:02 11410794                   /var/cache/fontconfig/dc05db6664285cc2f12bf69c139ae4c3-le64.cache-6
7fbfebd91000-7fbfebd94000 r--s 00000000 08:02 11410791                   /var/cache/fontconfig/767a8244fc0220cfb567a839d0392e0b-le64.cache-6
7fbfebd94000-7fbfebd95000 r--s 00000000 08:02 11410790                   /var/cache/fontconfig/4794a0821666d79190d59a36cb4f44b5-le64.cache-6
7fbfebd95000-7fbfebdbc000 r--s 00000000 08:02 11410785                   /var/cache/fontconfig/0bd3dc0958fa2205aaaa8ebb13e2872b-le64.cache-6
7fbfebdbc000-7fbfebdc1000 r--s 00000000 08:02 11410784                   /var/cache/fontconfig/8801497958630a81b71ace7c5f9b32a8-le64.cache-6
7fbfebdc1000-7fbfebdc8000 r--s 00000000 08:02 11410594                   /var/cache/fontconfig/3047814df9a2f067bd2d96a2b9c36e5a-le64.cache-6
7fbfebdc8000-7fbfebddb000 r--s 00000000 08:02 11410585                   /var/cache/fontconfig/d52a8644073d54c13679302ca1180695-le64.cache-6
7fbfebea9000-7fbfebeb4000 r--s 00000000 08:02 11403365                   /var/cache/fontconfig/945677eb7aeaf62f1d50efc3fb3ec7d8-le64.cache-6
7fbfebeb4000-7fbfebeba000 r--s 00000000 08:02 11410960                   /var/cache/fontconfig/2cd17615ca594fa2959ae173292e504c-le64.cache-6
7fbfebeba000-7fbfebebb000 r--s 00000000 08:02 11410959                   /var/cache/fontconfig/0d8c3b2ac0904cb8a57a757ad11a4a08-le64.cache-6
7fbfebebb000-7fbfebed0000 r--s 00000000 08:02 11410933                   /var/cache/fontconfig/04aabc0a78ac019cf9454389977116d2-le64.cache-6
7fbfebed0000-7fbfebed1000 r--s 00000000 08:02 11410894                   /var/cache/fontconfig/1ac9eb803944fde146138c791f5cc56a-le64.cache-6
7fbfebed1000-7fbfebed5000 r--s 00000000 08:02 11410893                   /var/cache/fontconfig/385c0604a188198f04d133e54aba7fe7-le64.cache-6
7fbfebed5000-7fbfebed8000 r--s 00000000 08:02 11410791                   /var/cache/fontconfig/767a8244fc0220cfb567a839d0392e0b-le64.cache-6
7fbfebed8000-7fbfebeff000 r--s 00000000 08:02 11410785                   /var/cache/fontconfig/0bd3dc0958fa2205aaaa8ebb13e2872b-le64.cache-6
7fbfebeff000-7fbfebf02000 ---p 00000000 00:00 0 
7fbfebf02000-7fbfec000000 rw-p 00000000 00:00 0 
7fbfec000000-7fbfec021000 rw-p 00000000 00:00 0 
7fbfec021000-7fbff0000000 ---p 00000000 00:00 0 
7fbff0000000-7fbff0021000 rw-p 00000000 00:00 0 
7fbff0021000-7fbff4000000 ---p 00000000 00:00 0 
7fbff4000000-7fbff45d6000 rw-p 00000000 00:00 0 
7fbff45d6000-7fbff8000000 ---p 00000000 00:00 0 
7fbff8000000-7fbff8021000 rw-p 00000000 00:00 0 
7fbff8021000-7fbffc000000 ---p 00000000 00:00 0 
7fbffc000000-7fbffd17e000 rw-p 00000000 00:00 0 
7fbffd17e000-7fc000000000 ---p 00000000 00:00 0 
7fc000000000-7fc00190e000 rw-p 00000000 00:00 0 
7fc00190e000-7fc004000000 ---p 00000000 00:00 0 
7fc004000000-7fc004021000 rw-p 00000000 00:00 0 
7fc004021000-7fc008000000 ---p 00000000 00:00 0 
7fc008000000-7fc008008000 r--s 00000000 08:02 11404028                   /var/cache/fontconfig/bf3b770c553c462765856025a94f1ce6-le64.cache-6
7fc008008000-7fc00800e000 r--s 00000000 08:02 11410591                   /var/cache/fontconfig/b47c4e1ecd0709278f4910c18777a504-le64.cache-6
7fc00800e000-7fc008012000 r--s 00000000 08:02 11410532                   /var/cache/fontconfig/d589a48862398ed80a3d6066f4f56f4c-le64.cache-6
7fc008012000-7fc008013000 r--s 00000000 08:02 11410794                   /var/cache/fontconfig/dc05db6664285cc2f12bf69c139ae4c3-le64.cache-6
7fc008013000-7fc008014000 r--s 00000000 08:02 11410790                   /var/cache/fontconfig/4794a0821666d79190d59a36cb4f44b5-le64.cache-6
7fc008014000-7fc008019000 r--s 00000000 08:02 11410784                   /var/cache/fontconfig/8801497958630a81b71ace7c5f9b32a8-le64.cache-6
7fc008019000-7fc00801a000 r--s 00000000 08:02 11410595                   /var/cache/fontconfig/bab58bb527bb656aaa9f116d68a48d89-le64.cache-6
7fc00801a000-7fc008021000 r--s 00000000 08:02 11410594                   /var/cache/fontconfig/3047814df9a2f067bd2d96a2b9c36e5a-le64.cache-6
7fc008021000-7fc008029000 r--s 00000000 08:02 11404028                   /var/cache/fontconfig/bf3b770c553c462765856025a94f1ce6-le64.cache-6
7fc008029000-7fc00802a000 r--s 00000000 08:02 11410593                   /var/cache/fontconfig/56cf4f4769d0f4abc89a4895d7bd3ae1-le64.cache-6
7fc00802a000-7fc00802b000 r--s 00000000 08:02 11410592                   /var/cache/fontconfig/b9d506c9ac06c20b433354fa67a72993-le64.cache-6
7fc00802b000-7fc008031000 r--s 00000000 08:02 11410591                   /var/cache/fontconfig/b47c4e1ecd0709278f4910c18777a504-le64.cache-6
7fc008031000-7fc008044000 r--s 00000000 08:02 11410585                   /var/cache/fontconfig/d52a8644073d54c13679302ca1180695-le64.cache-6
7fc008044000-7fc008045000 r--s 00000000 08:02 11410584                   /var/cache/fontconfig/551ecf3b0e8b0bca0f25c0944f561853-le64.cache-6
7fc008045000-7fc008049000 r--s 00000000 08:02 11410532                   /var/cache/fontconfig/d589a48862398ed80a3d6066f4f56f4c-le64.cache-6
7fc008049000-7fc00804a000 r--s 00000000 08:02 11410531                   /var/cache/fontconfig/30829fa25452a46451e813d634d7f916-le64.cache-6
7fc00804a000-7fc00804b000 r--s 00000000 08:02 11410527                   /var/cache/fontconfig/0c9eb80ebd1c36541ebe2852d3bb0c49-le64.cache-6
7fc00804b000-7fc00804e000 r--s 00000000 08:02 11410321                   /var/cache/fontconfig/75114ca45c98e8a441da0ff356701271-le64.cache-6
7fc00804e000-7fc008059000 r--s 00000000 08:02 11410320                   /var/cache/fontconfig/83bf95040141907cd45bb53cf7c1c148-le64.cache-6
7fc008059000-7fc00806b000 r--s 00000000 08:02 11403344                   /var/cache/fontconfig/9b89f8e3dae116d678bbf48e5f21f69b-le64.cache-6
7fc00806b000-7fc00806e000 r--s 00000000 08:02 11403360                   /var/cache/fontconfig/e13b20fdb08344e0e664864cc2ede53d-le64.cache-6
7fc00806e000-7fc008072000 r--s 00000000 08:02 11403370                   /var/cache/fontconfig/7ef2298fde41cc6eeb7af42e48b7d293-le64.cache-6
7fc00808a000-7fc0080f3000 r-xp 00000000 08:02 1967758                    /home/glazen/jdk1.8.0_111/jre/lib/amd64/libt2k.so
7fc0080f3000-7fc0082f3000 ---p 00069000 08:02 1967758                    /home/glazen/jdk1.8.0_111/jre/lib/amd64/libt2k.so
7fc0082f3000-7fc0082fa000 rw-p 00069000 08:02 1967758                    /home/glazen/jdk1.8.0_111/jre/lib/amd64/libt2k.so
7fc0082fa000-7fc00830a000 rw-p 00000000 00:00 0 
7fc00830a000-7fc008314000 r--s 00115000 08:02 1967540                    /home/glazen/jdk1.8.0_111/jre/lib/ext/localedata.jar
7fc008314000-7fc00832f000 r--s 0038e000 08:02 1967577                    /home/glazen/jdk1.8.0_111/jre/lib/ext/cldrdata.jar
7fc00832f000-7fc008332000 ---p 00000000 00:00 0 
7fc008332000-7fc008430000 rw-p 00000000 00:00 0 
7fc008430000-7fc008433000 ---p 00000000 00:00 0 
7fc008433000-7fc008731000 rw-p 00000000 00:00 0 
7fc008731000-7fc008742000 r-xp 00000000 08:02 1967756                    /home/glazen/jdk1.8.0_111/jre/lib/amd64/libnio.so
7fc008742000-7fc008941000 ---p 00011000 08:02 1967756                    /home/glazen/jdk1.8.0_111/jre/lib/amd64/libnio.so
7fc008941000-7fc008942000 rw-p 00010000 08:02 1967756                    /home/glazen/jdk1.8.0_111/jre/lib/amd64/libnio.so
7fc008942000-7fc008c43000 rw-p 00000000 00:00 0 
7fc008c43000-7fc008c59000 r-xp 00000000 08:02 1967757                    /home/glazen/jdk1.8.0_111/jre/lib/amd64/libnet.so
7fc008c59000-7fc008e59000 ---p 00016000 08:02 1967757                    /home/glazen/jdk1.8.0_111/jre/lib/amd64/libnet.so
7fc008e59000-7fc008e5a000 rw-p 00016000 08:02 1967757                    /home/glazen/jdk1.8.0_111/jre/lib/amd64/libnet.so
7fc008e5a000-7fc008e5d000 ---p 00000000 00:00 0 
7fc008e5d000-7fc008f5b000 rw-p 00000000 00:00 0 
7fc008f5b000-7fc008f60000 r-xp 00000000 08:02 2892395                    /usr/lib/x86_64-linux-gnu/libXfixes.so.3.1.0
7fc008f60000-7fc00915f000 ---p 00005000 08:02 2892395                    /usr/lib/x86_64-linux-gnu/libXfixes.so.3.1.0
7fc00915f000-7fc009160000 r--p 00004000 08:02 2892395                    /usr/lib/x86_64-linux-gnu/libXfixes.so.3.1.0
7fc009160000-7fc009161000 rw-p 00005000 08:02 2892395                    /usr/lib/x86_64-linux-gnu/libXfixes.so.3.1.0
7fc009161000-7fc00916a000 r-xp 00000000 08:02 2892387                    /usr/lib/x86_64-linux-gnu/libXcursor.so.1.0.2
7fc00916a000-7fc009369000 ---p 00009000 08:02 2892387                    /usr/lib/x86_64-linux-gnu/libXcursor.so.1.0.2
7fc009369000-7fc00936a000 r--p 00008000 08:02 2892387                    /usr/lib/x86_64-linux-gnu/libXcursor.so.1.0.2
7fc00936a000-7fc00936b000 rw-p 00009000 08:02 2892387                    /usr/lib/x86_64-linux-gnu/libXcursor.so.1.0.2
7fc00936b000-7fc00936e000 ---p 00000000 00:00 0 
7fc00936e000-7fc00946c000 rw-p 00000000 00:00 0 
7fc00946c000-7fc009482000 r-xp 00000000 08:02 9048472                    /lib/x86_64-linux-gnu/libgcc_s.so.1
7fc009482000-7fc009681000 ---p 00016000 08:02 9048472                    /lib/x86_64-linux-gnu/libgcc_s.so.1
7fc009681000-7fc009682000 rw-p 00015000 08:02 9048472                    /lib/x86_64-linux-gnu/libgcc_s.so.1
7fc009682000-7fc0096e7000 r-xp 00000000 08:02 1967593                    /home/glazen/jdk1.8.0_111/jre/lib/amd64/libfontmanager.so
7fc0096e7000-7fc0098e6000 ---p 00065000 08:02 1967593                    /home/glazen/jdk1.8.0_111/jre/lib/amd64/libfontmanager.so
7fc0098e6000-7fc0098eb000 rw-p 00064000 08:02 1967593                    /home/glazen/jdk1.8.0_111/jre/lib/amd64/libfontmanager.so
7fc0098eb000-7fc0098fb000 rw-p 00000000 00:00 0 
7fc0098fb000-7fc009900000 r-xp 00000000 08:02 2892391                    /usr/lib/x86_64-linux-gnu/libXdmcp.so.6.0.0
7fc009900000-7fc009aff000 ---p 00005000 08:02 2892391                    /usr/lib/x86_64-linux-gnu/libXdmcp.so.6.0.0
7fc009aff000-7fc009b00000 r--p 00004000 08:02 2892391                    /usr/lib/x86_64-linux-gnu/libXdmcp.so.6.0.0
7fc009b00000-7fc009b01000 rw-p 00005000 08:02 2892391                    /usr/lib/x86_64-linux-gnu/libXdmcp.so.6.0.0
7fc009b01000-7fc009b03000 r-xp 00000000 08:02 2892380                    /usr/lib/x86_64-linux-gnu/libXau.so.6.0.0
7fc009b03000-7fc009d03000 ---p 00002000 08:02 2892380                    /usr/lib/x86_64-linux-gnu/libXau.so.6.0.0
7fc009d03000-7fc009d04000 r--p 00002000 08:02 2892380                    /usr/lib/x86_64-linux-gnu/libXau.so.6.0.0
7fc009d04000-7fc009d05000 rw-p 00003000 08:02 2892380                    /usr/lib/x86_64-linux-gnu/libXau.so.6.0.0
7fc009d05000-7fc009d26000 r-xp 00000000 08:02 2893600                    /usr/lib/x86_64-linux-gnu/libxcb.so.1.1.0
7fc009d26000-7fc009f25000 ---p 00021000 08:02 2893600                    /usr/lib/x86_64-linux-gnu/libxcb.so.1.1.0
7fc009f25000-7fc009f26000 r--p 00020000 08:02 2893600                    /usr/lib/x86_64-linux-gnu/libxcb.so.1.1.0
7fc009f26000-7fc009f27000 rw-p 00021000 08:02 2893600                    /usr/lib/x86_64-linux-gnu/libxcb.so.1.1.0
7fc009f27000-7fc009f36000 r-xp 00000000 08:02 2892401                    /usr/lib/x86_64-linux-gnu/libXi.so.6.1.0
7fc009f36000-7fc00a135000 ---p 0000f000 08:02 2892401                    /usr/lib/x86_64-linux-gnu/libXi.so.6.1.0
7fc00a135000-7fc00a136000 r--p 0000e000 08:02 2892401                    /usr/lib/x86_64-linux-gnu/libXi.so.6.1.0
7fc00a136000-7fc00a137000 rw-p 0000f000 08:02 2892401                    /usr/lib/x86_64-linux-gnu/libXi.so.6.1.0
7fc00a137000-7fc00a13c000 r-xp 00000000 08:02 2892419                    /usr/lib/x86_64-linux-gnu/libXtst.so.6.1.0
7fc00a13c000-7fc00a33b000 ---p 00005000 08:02 2892419                    /usr/lib/x86_64-linux-gnu/libXtst.so.6.1.0
7fc00a33b000-7fc00a33c000 r--p 00004000 08:02 2892419                    /usr/lib/x86_64-linux-gnu/libXtst.so.6.1.0
7fc00a33c000-7fc00a33d000 rw-p 00005000 08:02 2892419                    /usr/lib/x86_64-linux-gnu/libXtst.so.6.1.0
7fc00a33d000-7fc00a346000 r-xp 00000000 08:02 2892413                    /usr/lib/x86_64-linux-gnu/libXrender.so.1.3.0
7fc00a346000-7fc00a545000 ---p 00009000 08:02 2892413                    /usr/lib/x86_64-linux-gnu/libXrender.so.1.3.0
7fc00a545000-7fc00a546000 r--p 00008000 08:02 2892413                    /usr/lib/x86_64-linux-gnu/libXrender.so.1.3.0
7fc00a546000-7fc00a547000 rw-p 00009000 08:02 2892413                    /usr/lib/x86_64-linux-gnu/libXrender.so.1.3.0
7fc00a547000-7fc00a67c000 r-xp 00000000 08:02 2892376                    /usr/lib/x86_64-linux-gnu/libX11.so.6.3.0
7fc00a67c000-7fc00a87c000 ---p 00135000 08:02 2892376                    /usr/lib/x86_64-linux-gnu/libX11.so.6.3.0
7fc00a87c000-7fc00a87d000 r--p 00135000 08:02 2892376                    /usr/lib/x86_64-linux-gnu/libX11.so.6.3.0
7fc00a87d000-7fc00a881000 rw-p 00136000 08:02 2892376                    /usr/lib/x86_64-linux-gnu/libX11.so.6.3.0
7fc00a881000-7fc00a892000 r-xp 00000000 08:02 2892393                    /usr/lib/x86_64-linux-gnu/libXext.so.6.4.0
7fc00a892000-7fc00aa91000 ---p 00011000 08:02 2892393                    /usr/lib/x86_64-linux-gnu/libXext.so.6.4.0
7fc00aa91000-7fc00aa92000 r--p 00010000 08:02 2892393                    /usr/lib/x86_64-linux-gnu/libXext.so.6.4.0
7fc00aa92000-7fc00aa93000 rw-p 00011000 08:02 2892393                    /usr/lib/x86_64-linux-gnu/libXext.so.6.4.0
7fc00aa93000-7fc00aa94000 r--s 00000000 08:02 11410595                   /var/cache/fontconfig/bab58bb527bb656aaa9f116d68a48d89-le64.cache-6
7fc00aa94000-7fc00aa95000 r--s 00000000 08:02 11410593                   /var/cache/fontconfig/56cf4f4769d0f4abc89a4895d7bd3ae1-le64.cache-6
7fc00aa95000-7fc00aaa7000 r--s 00000000 08:02 11403344                   /var/cache/fontconfig/9b89f8e3dae116d678bbf48e5f21f69b-le64.cache-6
7fc00aaa7000-7fc00aafb000 r-xp 00000000 08:02 1967649                    /home/glazen/jdk1.8.0_111/jre/lib/amd64/libawt_xawt.so
7fc00aafb000-7fc00acfb000 ---p 00054000 08:02 1967649                    /home/glazen/jdk1.8.0_111/jre/lib/amd64/libawt_xawt.so
7fc00acfb000-7fc00acff000 rw-p 00054000 08:02 1967649                    /home/glazen/jdk1.8.0_111/jre/lib/amd64/libawt_xawt.so
7fc00acff000-7fc00ad00000 rw-p 00000000 00:00 0 
7fc00ad00000-7fc00ada2000 r-xp 00000000 08:02 1967759                    /home/glazen/jdk1.8.0_111/jre/lib/amd64/libawt.so
7fc00ada2000-7fc00afa2000 ---p 000a2000 08:02 1967759                    /home/glazen/jdk1.8.0_111/jre/lib/amd64/libawt.so
7fc00afa2000-7fc00afae000 rw-p 000a2000 08:02 1967759                    /home/glazen/jdk1.8.0_111/jre/lib/amd64/libawt.so
7fc00afae000-7fc00afd2000 rw-p 00000000 00:00 0 
7fc00afd2000-7fc00afd3000 ---p 00000000 00:00 0 
7fc00afd3000-7fc00b0d3000 rw-p 00000000 00:00 0 
7fc00b0d3000-7fc00b0d6000 ---p 00000000 00:00 0 
7fc00b0d6000-7fc00b1d4000 rw-p 00000000 00:00 0 
7fc00b1d4000-7fc00b1d7000 ---p 00000000 00:00 0 
7fc00b1d7000-7fc00b2d5000 rw-p 00000000 00:00 0 
7fc00b2d5000-7fc00b2d8000 ---p 00000000 00:00 0 
7fc00b2d8000-7fc00b3d6000 rw-p 00000000 00:00 0 
7fc00b3d6000-7fc00b3d9000 ---p 00000000 00:00 0 
7fc00b3d9000-7fc00b4d7000 rw-p 00000000 00:00 0 
7fc00b4d7000-7fc00b4da000 ---p 00000000 00:00 0 
7fc00b4da000-7fc00b5d8000 rw-p 00000000 00:00 0 
7fc00b5d8000-7fc00c000000 r--p 00000000 08:02 2891573                    /usr/lib/locale/locale-archive
7fc00c000000-7fc00c021000 rw-p 00000000 00:00 0 
7fc00c021000-7fc010000000 ---p 00000000 00:00 0 
7fc010000000-7fc010021000 rw-p 00000000 00:00 0 
7fc010021000-7fc014000000 ---p 00000000 00:00 0 
7fc014000000-7fc014021000 rw-p 00000000 00:00 0 
7fc014021000-7fc018000000 ---p 00000000 00:00 0 
7fc018000000-7fc018021000 rw-p 00000000 00:00 0 
7fc018021000-7fc01c000000 ---p 00000000 00:00 0 
7fc01c000000-7fc01c021000 rw-p 00000000 00:00 0 
7fc01c021000-7fc020000000 ---p 00000000 00:00 0 
7fc020000000-7fc020021000 rw-p 00000000 00:00 0 
7fc020021000-7fc024000000 ---p 00000000 00:00 0 
7fc024000000-7fc02400b000 r--s 00000000 08:02 11410320                   /var/cache/fontconfig/83bf95040141907cd45bb53cf7c1c148-le64.cache-6
7fc02400b000-7fc024028000 r--s 00249000 08:02 2229294                    /home/glazen/Desktop/Java_Project-master/lib/commons-math3-3.6.1-sources.jar
7fc024028000-7fc02403d000 r--s 001ca000 08:02 2229334                    /home/glazen/Desktop/Java_Project-master/lib/commons-math3-3.6.1-test-sources.jar
7fc02403d000-7fc024067000 r--s 002ad000 08:02 2228844                    /home/glazen/Desktop/Java_Project-master/lib/commons-math3-3.6.1-tests.jar
7fc024067000-7fc02408e000 r--s 001f6000 08:02 2229331                    /home/glazen/Desktop/Java_Project-master/lib/commons-math3-3.6.1.jar
7fc02408e000-7fc024091000 ---p 00000000 00:00 0 
7fc024091000-7fc02418f000 rw-p 00000000 00:00 0 
7fc02418f000-7fc024192000 ---p 00000000 00:00 0 
7fc024192000-7fc028000000 rw-p 00000000 00:00 0 
7fc028000000-7fc028021000 rw-p 00000000 00:00 0 
7fc028021000-7fc02c000000 ---p 00000000 00:00 0 
7fc02c000000-7fc02c001000 r--s 00000000 08:02 11410592                   /var/cache/fontconfig/b9d506c9ac06c20b433354fa67a72993-le64.cache-6
7fc02c001000-7fc02c002000 r--s 00000000 08:02 11410584                   /var/cache/fontconfig/551ecf3b0e8b0bca0f25c0944f561853-le64.cache-6
7fc02c002000-7fc02c003000 r--s 00000000 08:02 11410531                   /var/cache/fontconfig/30829fa25452a46451e813d634d7f916-le64.cache-6
7fc02c003000-7fc02c006000 r--s 00000000 08:02 11410321                   /var/cache/fontconfig/75114ca45c98e8a441da0ff356701271-le64.cache-6
7fc02c006000-7fc02c009000 r--s 00000000 08:02 11403360                   /var/cache/fontconfig/e13b20fdb08344e0e664864cc2ede53d-le64.cache-6
7fc02c009000-7fc02c00d000 r--s 00000000 08:02 11403370                   /var/cache/fontconfig/7ef2298fde41cc6eeb7af42e48b7d293-le64.cache-6
7fc02c00d000-7fc02c04d000 r--s 00646000 08:02 2229340                    /home/glazen/Desktop/Java_Project-master/lib/commons-math3-3.6.1-javadoc.jar
7fc02c04d000-7fc02c05d000 r--s 00080000 08:02 2228841                    /home/glazen/Desktop/Java_Project-master/lib/joda-time-2.4.jar
7fc02c05d000-7fc02c065000 r--s 00137000 08:02 2228848                    /home/glazen/Desktop/Java_Project-master/lib/joda-time-2.4-javadoc.jar
7fc02c065000-7fc02c06a000 r--s 000af000 08:02 2228776                    /home/glazen/Desktop/Java_Project-master/lib/joda-time-2.4-sources.jar
7fc02c06a000-7fc02c06d000 r--s 00011000 08:02 2228825                    /home/glazen/Desktop/Java_Project-master/lib/servlet.jar
7fc02c06d000-7fc02c06e000 ---p 00000000 00:00 0 
7fc02c06e000-7fc02d000000 rw-p 00000000 00:00 0 
7fc02d000000-7fc02d9b0000 rwxp 00000000 00:00 0 
7fc02d9b0000-7fc03c000000 ---p 00000000 00:00 0 
7fc03c000000-7fc03c3e9000 rw-p 00000000 00:00 0 
7fc03c3e9000-7fc040000000 ---p 00000000 00:00 0 
7fc040000000-7fc040001000 r--s 00000000 08:02 11410527                   /var/cache/fontconfig/0c9eb80ebd1c36541ebe2852d3bb0c49-le64.cache-6
7fc040001000-7fc040002000 r--s 00002000 08:02 2229336                    /home/glazen/Desktop/Java_Project-master/lib/commons-math3-3.6.1-tools.jar
7fc040002000-7fc040005000 r--s 0001b000 08:02 2228823                    /home/glazen/Desktop/Java_Project-master/lib/junit.jar
7fc040005000-7fc040016000 r--s 0014c000 08:02 2228821                    /home/glazen/Desktop/Java_Project-master/lib/jfreechart-1.0.13.jar
7fc040016000-7fc040166000 rw-p 00000000 00:00 0 
7fc040166000-7fc04033e000 r--s 03d2a000 08:02 1967891                    /home/glazen/jdk1.8.0_111/jre/lib/rt.jar
7fc04033e000-7fc040f8b000 rw-p 00000000 00:00 0 
7fc040f8b000-7fc040f8c000 ---p 00000000 00:00 0 
7fc040f8c000-7fc04108c000 rw-p 00000000 00:00 0 
7fc04108c000-7fc04108d000 ---p 00000000 00:00 0 
7fc04108d000-7fc04118d000 rw-p 00000000 00:00 0 
7fc04118d000-7fc04118e000 ---p 00000000 00:00 0 
7fc04118e000-7fc04128e000 rw-p 00000000 00:00 0 
7fc04128e000-7fc04128f000 ---p 00000000 00:00 0 
7fc04128f000-7fc041599000 rw-p 00000000 00:00 0 
7fc041599000-7fc04161f000 ---p 00000000 00:00 0 
7fc04161f000-7fc041829000 rw-p 00000000 00:00 0 
7fc041829000-7fc0418ae000 ---p 00000000 00:00 0 
7fc0418ae000-7fc0418bc000 rw-p 00000000 00:00 0 
7fc0418bc000-7fc0419f6000 ---p 00000000 00:00 0 
7fc0419f6000-7fc041a1e000 rw-p 00000000 00:00 0 
7fc041a1e000-7fc041db7000 ---p 00000000 00:00 0 
7fc041db7000-7fc041dd1000 r-xp 00000000 08:02 1967755                    /home/glazen/jdk1.8.0_111/jre/lib/amd64/libzip.so
7fc041dd1000-7fc041fd1000 ---p 0001a000 08:02 1967755                    /home/glazen/jdk1.8.0_111/jre/lib/amd64/libzip.so
7fc041fd1000-7fc041fd2000 rw-p 0001a000 08:02 1967755                    /home/glazen/jdk1.8.0_111/jre/lib/amd64/libzip.so
7fc041fd2000-7fc041fdd000 r-xp 00000000 08:02 9048533                    /lib/x86_64-linux-gnu/libnss_files-2.23.so
7fc041fdd000-7fc0421dc000 ---p 0000b000 08:02 9048533                    /lib/x86_64-linux-gnu/libnss_files-2.23.so
7fc0421dc000-7fc0421dd000 r--p 0000a000 08:02 9048533                    /lib/x86_64-linux-gnu/libnss_files-2.23.so
7fc0421dd000-7fc0421de000 rw-p 0000b000 08:02 9048533                    /lib/x86_64-linux-gnu/libnss_files-2.23.so
7fc0421de000-7fc0421e4000 rw-p 00000000 00:00 0 
7fc0421e4000-7fc0421ef000 r-xp 00000000 08:02 9048543                    /lib/x86_64-linux-gnu/libnss_nis-2.23.so
7fc0421ef000-7fc0423ee000 ---p 0000b000 08:02 9048543                    /lib/x86_64-linux-gnu/libnss_nis-2.23.so
7fc0423ee000-7fc0423ef000 r--p 0000a000 08:02 9048543                    /lib/x86_64-linux-gnu/libnss_nis-2.23.so
7fc0423ef000-7fc0423f0000 rw-p 0000b000 08:02 9048543                    /lib/x86_64-linux-gnu/libnss_nis-2.23.so
7fc0423f0000-7fc042406000 r-xp 00000000 08:02 9048527                    /lib/x86_64-linux-gnu/libnsl-2.23.so
7fc042406000-7fc042605000 ---p 00016000 08:02 9048527                    /lib/x86_64-linux-gnu/libnsl-2.23.so
7fc042605000-7fc042606000 r--p 00015000 08:02 9048527                    /lib/x86_64-linux-gnu/libnsl-2.23.so
7fc042606000-7fc042607000 rw-p 00016000 08:02 9048527                    /lib/x86_64-linux-gnu/libnsl-2.23.so
7fc042607000-7fc042609000 rw-p 00000000 00:00 0 
7fc042609000-7fc042611000 r-xp 00000000 08:02 9048529                    /lib/x86_64-linux-gnu/libnss_compat-2.23.so
7fc042611000-7fc042810000 ---p 00008000 08:02 9048529                    /lib/x86_64-linux-gnu/libnss_compat-2.23.so
7fc042810000-7fc042811000 r--p 00007000 08:02 9048529                    /lib/x86_64-linux-gnu/libnss_compat-2.23.so
7fc042811000-7fc042812000 rw-p 00008000 08:02 9048529                    /lib/x86_64-linux-gnu/libnss_compat-2.23.so
7fc042812000-7fc04283d000 r-xp 00000000 08:02 1967728                    /home/glazen/jdk1.8.0_111/jre/lib/amd64/libjava.so
7fc04283d000-7fc042a3c000 ---p 0002b000 08:02 1967728                    /home/glazen/jdk1.8.0_111/jre/lib/amd64/libjava.so
7fc042a3c000-7fc042a3e000 rw-p 0002a000 08:02 1967728                    /home/glazen/jdk1.8.0_111/jre/lib/amd64/libjava.so
7fc042a3e000-7fc042a4b000 r-xp 00000000 08:02 1967691                    /home/glazen/jdk1.8.0_111/jre/lib/amd64/libverify.so
7fc042a4b000-7fc042c4a000 ---p 0000d000 08:02 1967691                    /home/glazen/jdk1.8.0_111/jre/lib/amd64/libverify.so
7fc042c4a000-7fc042c4c000 rw-p 0000c000 08:02 1967691                    /home/glazen/jdk1.8.0_111/jre/lib/amd64/libverify.so
7fc042c4c000-7fc042c53000 r-xp 00000000 08:02 9048588                    /lib/x86_64-linux-gnu/librt-2.23.so
7fc042c53000-7fc042e52000 ---p 00007000 08:02 9048588                    /lib/x86_64-linux-gnu/librt-2.23.so
7fc042e52000-7fc042e53000 r--p 00006000 08:02 9048588                    /lib/x86_64-linux-gnu/librt-2.23.so
7fc042e53000-7fc042e54000 rw-p 00007000 08:02 9048588                    /lib/x86_64-linux-gnu/librt-2.23.so
7fc042e54000-7fc042f5c000 r-xp 00000000 08:02 9048504                    /lib/x86_64-linux-gnu/libm-2.23.so
7fc042f5c000-7fc04315b000 ---p 00108000 08:02 9048504                    /lib/x86_64-linux-gnu/libm-2.23.so
7fc04315b000-7fc04315c000 r--p 00107000 08:02 9048504                    /lib/x86_64-linux-gnu/libm-2.23.so
7fc04315c000-7fc04315d000 rw-p 00108000 08:02 9048504                    /lib/x86_64-linux-gnu/libm-2.23.so
7fc04315d000-7fc043e2a000 r-xp 00000000 08:02 1967606                    /home/glazen/jdk1.8.0_111/jre/lib/amd64/server/libjvm.so
7fc043e2a000-7fc044029000 ---p 00ccd000 08:02 1967606                    /home/glazen/jdk1.8.0_111/jre/lib/amd64/server/libjvm.so
7fc044029000-7fc044102000 rw-p 00ccc000 08:02 1967606                    /home/glazen/jdk1.8.0_111/jre/lib/amd64/server/libjvm.so
7fc044102000-7fc04414d000 rw-p 00000000 00:00 0 
7fc04414d000-7fc04430d000 r-xp 00000000 08:02 9048434                    /lib/x86_64-linux-gnu/libc-2.23.so
7fc04430d000-7fc04450c000 ---p 001c0000 08:02 9048434                    /lib/x86_64-linux-gnu/libc-2.23.so
7fc04450c000-7fc044510000 r--p 001bf000 08:02 9048434                    /lib/x86_64-linux-gnu/libc-2.23.so
7fc044510000-7fc044512000 rw-p 001c3000 08:02 9048434                    /lib/x86_64-linux-gnu/libc-2.23.so
7fc044512000-7fc044516000 rw-p 00000000 00:00 0 
7fc044516000-7fc044519000 r-xp 00000000 08:02 9048458                    /lib/x86_64-linux-gnu/libdl-2.23.so
7fc044519000-7fc044718000 ---p 00003000 08:02 9048458                    /lib/x86_64-linux-gnu/libdl-2.23.so
7fc044718000-7fc044719000 r--p 00002000 08:02 9048458                    /lib/x86_64-linux-gnu/libdl-2.23.so
7fc044719000-7fc04471a000 rw-p 00003000 08:02 9048458                    /lib/x86_64-linux-gnu/libdl-2.23.so
7fc04471a000-7fc04472f000 r-xp 00000000 08:02 1967670                    /home/glazen/jdk1.8.0_111/jre/lib/amd64/jli/libjli.so
7fc04472f000-7fc04492f000 ---p 00015000 08:02 1967670                    /home/glazen/jdk1.8.0_111/jre/lib/amd64/jli/libjli.so
7fc04492f000-7fc044930000 rw-p 00015000 08:02 1967670                    /home/glazen/jdk1.8.0_111/jre/lib/amd64/jli/libjli.so
7fc044930000-7fc044948000 r-xp 00000000 08:02 9048580                    /lib/x86_64-linux-gnu/libpthread-2.23.so
7fc044948000-7fc044b47000 ---p 00018000 08:02 9048580                    /lib/x86_64-linux-gnu/libpthread-2.23.so
7fc044b47000-7fc044b48000 r--p 00017000 08:02 9048580                    /lib/x86_64-linux-gnu/libpthread-2.23.so
7fc044b48000-7fc044b49000 rw-p 00018000 08:02 9048580                    /lib/x86_64-linux-gnu/libpthread-2.23.so
7fc044b49000-7fc044b4d000 rw-p 00000000 00:00 0 
7fc044b4d000-7fc044b73000 r-xp 00000000 08:02 9048406                    /lib/x86_64-linux-gnu/ld-2.23.so
7fc044b73000-7fc044b80000 r--s 000fa000 08:02 2228820                    /home/glazen/Desktop/Java_Project-master/lib/jfreechart-1.0.1.jar
7fc044b80000-7fc044b86000 r--s 0004a000 08:02 2228818                    /home/glazen/Desktop/Java_Project-master/lib/jcommon-1.0.23.jar
7fc044b86000-7fc044b8c000 r--s 00046000 08:02 2228817                    /home/glazen/Desktop/Java_Project-master/lib/jcommon-1.0.16.jar
7fc044b8c000-7fc044c57000 rw-p 00000000 00:00 0 
7fc044c57000-7fc044c5a000 ---p 00000000 00:00 0 
7fc044c5a000-7fc044d5c000 rw-p 00000000 00:00 0 
7fc044d5c000-7fc044d5d000 r--s 00006000 08:02 2228822                    /home/glazen/Desktop/Java_Project-master/lib/jpcap.jar
7fc044d5d000-7fc044d61000 r--s 00028000 08:02 2228819                    /home/glazen/Desktop/Java_Project-master/lib/jcommon-xml-1.0.23.jar
7fc044d61000-7fc044d66000 r--s 00043000 08:02 2228815                    /home/glazen/Desktop/Java_Project-master/lib/jcommon-1.0.0.jar
7fc044d66000-7fc044d6e000 rw-s 00000000 08:02 3675543                    /tmp/hsperfdata_glazen/10338
7fc044d6e000-7fc044d6f000 rw-p 00000000 00:00 0 
7fc044d6f000-7fc044d70000 ---p 00000000 00:00 0 
7fc044d70000-7fc044d72000 rw-p 00000000 00:00 0 
7fc044d72000-7fc044d73000 r--p 00025000 08:02 9048406                    /lib/x86_64-linux-gnu/ld-2.23.so
7fc044d73000-7fc044d74000 rw-p 00026000 08:02 9048406                    /lib/x86_64-linux-gnu/ld-2.23.so
7fc044d74000-7fc044d75000 rw-p 00000000 00:00 0 
7fffa2831000-7fffa2852000 rw-p 00000000 00:00 0                          [stack]
7fffa29b8000-7fffa29ba000 r--p 00000000 00:00 0                          [vvar]
7fffa29ba000-7fffa29bc000 r-xp 00000000 00:00 0                          [vdso]
ffffffffff600000-ffffffffff601000 r-xp 00000000 00:00 0                  [vsyscall]

VM Arguments:
jvm_args: -Dfile.encoding=UTF-8 
java_command: Server.ServerUI
java_class_path (initial): /home/glazen/Desktop/Java_Project-master/lib/jcommon-1.0.0.jar:/home/glazen/Desktop/Java_Project-master/lib/jcommon-1.0.16.jar:/home/glazen/Desktop/Java_Project-master/lib/jcommon-1.0.23.jar:/home/glazen/Desktop/Java_Project-master/lib/jcommon-xml-1.0.23.jar:/home/glazen/Desktop/Java_Project-master/lib/jfreechart-1.0.1.jar:/home/glazen/Desktop/Java_Project-master/lib/jfreechart-1.0.13.jar:/home/glazen/Desktop/Java_Project-master/lib/jpcap.jar:/home/glazen/Desktop/Java_Project-master/lib/junit.jar:/home/glazen/Desktop/Java_Project-master/lib/servlet.jar:/home/glazen/Desktop/Java_Project-master/lib/joda-time-2.4-sources.jar:/home/glazen/Desktop/Java_Project-master/lib/joda-time-2.4-javadoc.jar:/home/glazen/Desktop/Java_Project-master/lib/joda-time-2.4.jar:/home/glazen/Desktop/Java_Project-master/lib/commons-math3-3.6.1-javadoc.jar:/home/glazen/Desktop/Java_Project-master/lib/commons-math3-3.6.1.jar:/home/glazen/Desktop/Java_Project-master/lib/commons-math3-3.6.1-tools.jar:/home/glazen/Desktop/Java_Project-master/lib/commons-math3-3.6.1-tests.jar:/home/glazen/Desktop/Java_Project-master/lib/commons-math3-3.6.1-test-sources.jar:/home/glazen/Desktop/Java_Project-master/lib/commons-math3-3.6.1-sources.jar:/home/glazen/Desktop/Java_Project-master/build/classes
Launcher Type: SUN_STANDARD

Environment Variables:
PATH=/usr/local/sbin:/usr/local/bin:/usr/sbin:/usr/bin:/sbin:/bin:/usr/games:/usr/local/games:/snap/bin
LD_LIBRARY_PATH=/home/glazen/jdk1.8.0_111/jre/lib/amd64:/home/glazen/jdk1.8.0_111/jre/lib/i386:
SHELL=/bin/bash
DISPLAY=:0.0

Signal Handlers:
SIGSEGV: [libjvm.so+0xac64b0], sa_mask[0]=11111111011111111101111111111110, sa_flags=SA_RESTART|SA_SIGINFO
SIGBUS: [libjvm.so+0xac64b0], sa_mask[0]=11111111011111111101111111111110, sa_flags=SA_RESTART|SA_SIGINFO
SIGFPE: [libjvm.so+0x91f950], sa_mask[0]=11111111011111111101111111111110, sa_flags=SA_RESTART|SA_SIGINFO
SIGPIPE: [libjvm.so+0x91f950], sa_mask[0]=11111111011111111101111111111110, sa_flags=SA_RESTART|SA_SIGINFO
SIGXFSZ: [libjvm.so+0x91f950], sa_mask[0]=11111111011111111101111111111110, sa_flags=SA_RESTART|SA_SIGINFO
SIGILL: [libjvm.so+0x91f950], sa_mask[0]=11111111011111111101111111111110, sa_flags=SA_RESTART|SA_SIGINFO
SIGUSR1: SIG_DFL, sa_mask[0]=00000000000000000000000000000000, sa_flags=none
SIGUSR2: [libjvm.so+0x920f80], sa_mask[0]=00100000000000000000000000000000, sa_flags=SA_RESTART|SA_SIGINFO
SIGHUP: [libjvm.so+0x922380], sa_mask[0]=11111111011111111101111111111110, sa_flags=SA_RESTART|SA_SIGINFO
SIGINT: SIG_IGN, sa_mask[0]=00000000000000000000000000000000, sa_flags=none
SIGTERM: [libjvm.so+0x922380], sa_mask[0]=11111111011111111101111111111110, sa_flags=SA_RESTART|SA_SIGINFO
SIGQUIT: [libjvm.so+0x922380], sa_mask[0]=11111111011111111101111111111110, sa_flags=SA_RESTART|SA_SIGINFO


---------------  S Y S T E M  ---------------

OS:DISTRIB_ID=Ubuntu
DISTRIB_RELEASE=16.04
DISTRIB_CODENAME=xenial
DISTRIB_DESCRIPTION="Ubuntu 16.04 LTS"

uname:Linux 4.4.0-63-generic #84-Ubuntu SMP Wed Feb 1 17:20:32 UTC 2017 x86_64
libc:glibc 2.23 NPTL 2.23 
rlimit: STACK 8192k, CORE 0k, NPROC 31237, NOFILE 65536, AS infinity
load average:0,00 0,02 0,01

/proc/meminfo:
MemTotal:        8052720 kB
MemFree:         4594344 kB
MemAvailable:    6161504 kB
Buffers:          288580 kB
Cached:          1481276 kB
SwapCached:            0 kB
Active:          2598132 kB
Inactive:         539020 kB
Active(anon):    1370816 kB
Inactive(anon):    97072 kB
Active(file):    1227316 kB
Inactive(file):   441948 kB
Unevictable:          32 kB
Mlocked:              32 kB
SwapTotal:       8266748 kB
SwapFree:        8266748 kB
Dirty:                36 kB
Writeback:             0 kB
AnonPages:       1375788 kB
Mapped:           246032 kB
Shmem:            100592 kB
Slab:             232144 kB
SReclaimable:     203320 kB
SUnreclaim:        28824 kB
KernelStack:        6928 kB
PageTables:        22316 kB
NFS_Unstable:          0 kB
Bounce:                0 kB
WritebackTmp:          0 kB
CommitLimit:    12293108 kB
Committed_AS:    4447876 kB
VmallocTotal:   34359738367 kB
VmallocUsed:           0 kB
VmallocChunk:          0 kB
HardwareCorrupted:     0 kB
AnonHugePages:    946176 kB
CmaTotal:              0 kB
CmaFree:               0 kB
HugePages_Total:       0
HugePages_Free:        0
HugePages_Rsvd:        0
HugePages_Surp:        0
Hugepagesize:       2048 kB
DirectMap4k:      130076 kB
DirectMap2M:     8136704 kB


CPU:total 4 (4 cores per cpu, 1 threads per core) family 6 model 42 stepping 7, cmov, cx8, fxsr, mmx, sse, sse2, sse3, ssse3, sse4.1, sse4.2, popcnt, avx, aes, clmul, tsc, tscinvbit

/proc/cpuinfo:
processor	: 0
vendor_id	: GenuineIntel
cpu family	: 6
model		: 42
model name	: Intel(R) Core(TM) i5-2320 CPU @ 3.00GHz
stepping	: 7
microcode	: 0x29
cpu MHz		: 2337.773
cache size	: 6144 KB
physical id	: 0
siblings	: 4
core id		: 0
cpu cores	: 4
apicid		: 0
initial apicid	: 0
fpu		: yes
fpu_exception	: yes
cpuid level	: 13
wp		: yes
flags		: fpu vme de pse tsc msr pae mce cx8 apic sep mtrr pge mca cmov pat pse36 clflush dts acpi mmx fxsr sse sse2 ss ht tm pbe syscall nx rdtscp lm constant_tsc arch_perfmon pebs bts rep_good nopl xtopology nonstop_tsc aperfmperf eagerfpu pni pclmulqdq dtes64 monitor ds_cpl vmx est tm2 ssse3 cx16 xtpr pdcm pcid sse4_1 sse4_2 popcnt tsc_deadline_timer aes xsave avx lahf_lm epb tpr_shadow vnmi flexpriority ept vpid xsaveopt dtherm ida arat pln pts
bugs		:
bogomips	: 5986.19
clflush size	: 64
cache_alignment	: 64
address sizes	: 36 bits physical, 48 bits virtual
power management:

processor	: 1
vendor_id	: GenuineIntel
cpu family	: 6
model		: 42
model name	: Intel(R) Core(TM) i5-2320 CPU @ 3.00GHz
stepping	: 7
microcode	: 0x29
cpu MHz		: 2323.593
cache size	: 6144 KB
physical id	: 0
siblings	: 4
core id		: 1
cpu cores	: 4
apicid		: 2
initial apicid	: 2
fpu		: yes
fpu_exception	: yes
cpuid level	: 13
wp		: yes
flags		: fpu vme de pse tsc msr pae mce cx8 apic sep mtrr pge mca cmov pat pse36 clflush dts acpi mmx fxsr sse sse2 ss ht tm pbe syscall nx rdtscp lm constant_tsc arch_perfmon pebs bts rep_good nopl xtopology nonstop_tsc aperfmperf eagerfpu pni pclmulqdq dtes64 monitor ds_cpl vmx est tm2 ssse3 cx16 xtpr pdcm pcid sse4_1 sse4_2 popcnt tsc_deadline_timer aes xsave avx lahf_lm epb tpr_shadow vnmi flexpriority ept vpid xsaveopt dtherm ida arat pln pts
bugs		:
bogomips	: 5986.19
clflush size	: 64
cache_alignment	: 64
address sizes	: 36 bits physical, 48 bits virtual
power management:

processor	: 2
vendor_id	: GenuineIntel
cpu family	: 6
model		: 42
model name	: Intel(R) Core(TM) i5-2320 CPU @ 3.00GHz
stepping	: 7
microcode	: 0x29
cpu MHz		: 2306.367
cache size	: 6144 KB
physical id	: 0
siblings	: 4
core id		: 2
cpu cores	: 4
apicid		: 4
initial apicid	: 4
fpu		: yes
fpu_exception	: yes
cpuid level	: 13
wp		: yes
flags		: fpu vme de pse tsc msr pae mce cx8 apic sep mtrr pge mca cmov pat pse36 clflush dts acpi mmx fxsr sse sse2 ss ht tm pbe syscall nx rdtscp lm constant_tsc arch_perfmon pebs bts rep_good nopl xtopology nonstop_tsc aperfmperf eagerfpu pni pclmulqdq dtes64 monitor ds_cpl vmx est tm2 ssse3 cx16 xtpr pdcm pcid sse4_1 sse4_2 popcnt tsc_deadline_timer aes xsave avx lahf_lm epb tpr_shadow vnmi flexpriority ept vpid xsaveopt dtherm ida arat pln pts
bugs		:
bogomips	: 5986.19
clflush size	: 64
cache_alignment	: 64
address sizes	: 36 bits physical, 48 bits virtual
power management:

processor	: 3
vendor_id	: GenuineIntel
cpu family	: 6
model		: 42
model name	: Intel(R) Core(TM) i5-2320 CPU @ 3.00GHz
stepping	: 7
microcode	: 0x29
cpu MHz		: 2746.523
cache size	: 6144 KB
physical id	: 0
siblings	: 4
core id		: 3
cpu cores	: 4
apicid		: 6
initial apicid	: 6
fpu		: yes
fpu_exception	: yes
cpuid level	: 13
wp		: yes
flags		: fpu vme de pse tsc msr pae mce cx8 apic sep mtrr pge mca cmov pat pse36 clflush dts acpi mmx fxsr sse sse2 ss ht tm pbe syscall nx rdtscp lm constant_tsc arch_perfmon pebs bts rep_good nopl xtopology nonstop_tsc aperfmperf eagerfpu pni pclmulqdq dtes64 monitor ds_cpl vmx est tm2 ssse3 cx16 xtpr pdcm pcid sse4_1 sse4_2 popcnt tsc_deadline_timer aes xsave avx lahf_lm epb tpr_shadow vnmi flexpriority ept vpid xsaveopt dtherm ida arat pln pts
bugs		:
bogomips	: 5986.19
clflush size	: 64
cache_alignment	: 64
address sizes	: 36 bits physical, 48 bits virtual
power management:



Memory: 4k page, physical 8052720k(4594344k free), swap 8266748k(8266748k free)

vm_info: Java HotSpot(TM) 64-Bit Server VM (25.111-b14) for linux-amd64 JRE (1.8.0_111-b14), built on Sep 22 2016 16:14:03 by "java_re" with gcc 4.3.0 20080428 (Red Hat 4.3.0-8)

time: Thu Feb 23 19:37:35 2017
elapsed time: 8532 seconds (0d 2h 22m 12s)

