#
# A fatal error has been detected by the Java Runtime Environment:
#
#  SIGSEGV (0xb) at pc=0x00007f7e8800a000, pid=6947, tid=0x00007f7e8e0fc700
#
# JRE version: Java(TM) SE Runtime Environment (8.0_111-b14) (build 1.8.0_111-b14)
# Java VM: Java HotSpot(TM) 64-Bit Server VM (25.111-b14 mixed mode linux-amd64 compressed oops)
# Problematic frame:
# C  0x00007f7e8800a000
#
# Failed to write core dump. Core dumps have been disabled. To enable core dumping, try "ulimit -c unlimited" before starting Java again
#
# If you would like to submit a bug report, please visit:
#   http://bugreport.java.com/bugreport/crash.jsp
#

---------------  T H R E A D  ---------------

Current thread (0x00007f7e88021000):  GCTaskThread [stack: 0x00007f7e8dffc000,0x00007f7e8e0fd000] [id=6953]

siginfo: si_signo: 11 (SIGSEGV), si_code: 2 (SEGV_ACCERR), si_addr: 0x00007f7e8800a000

Registers:
RAX=0x0000000100001ef8, RBX=0x00000000dd6a3f78, RCX=0x0000000000000003, RDX=0x00000000dd6a3f78
RSP=0x00007f7e8e0fba68, RBP=0x00007f7e8e0fba90, RSI=0x00007f7e88074fc0, RDI=0x0000000100002208
R8 =0x00000000dd6a3f78, R9 =0xfffffffffffffff8, R10=0x00007f7e90f81159, R11=0x00007f7e90f81164
R12=0x0000000000000001, R13=0x00007f7e88074fc0, R14=0xfffffffc00000008, R15=0xffffffff80000001
RIP=0x00007f7e8800a000, EFLAGS=0x0000000000010293, CSGSFS=0x0000000000000033, ERR=0x0000000000000015
  TRAPNO=0x000000000000000e

Top of Stack: (sp=0x00007f7e8e0fba68)
0x00007f7e8e0fba68:   00007f7e90957caf 00007f7e8e0fba90
0x00007f7e8e0fba78:   0000000000000000 00000000dd6a3f78
0x00007f7e8e0fba88:   0000000000000001 00007f7e8e0fbb10
0x00007f7e8e0fba98:   00007f7e90959fb2 00000000de4b8355
0x00007f7e8e0fbaa8:   00007f7e90f81159 0000000100001938
0x00007f7e8e0fbab8:   00007f7e88074fc0 00007f7e8e0fbb20
0x00007f7e8e0fbac8:   00007f7e9061c7ec 00000000ddb30000
0x00007f7e8e0fbad8:   0000000000001000 0000000087d66d6d
0x00007f7e8e0fbae8:   00000000ddb36894 00007f7e88074fc0
0x00007f7e8e0fbaf8:   00007f7e90f5cc70 0000000000000000
0x00007f7e8e0fbb08:   00007f7e88075028 00007f7e8e0fbc00
0x00007f7e8e0fbb18:   00007f7e909598e0 00007f7e8e0fbb80
0x00007f7e8e0fbb28:   00007f7e8e0fbb90 00007f7e8e0fbba0
0x00007f7e8e0fbb38:   00007f7e8e0fbb60 00007f7e8e0fbb70
0x00007f7e8e0fbb48:   00007f7e8e0fbbc0 00007f7e8e0fbbb0
0x00007f7e8e0fbb58:   00007f7e88075058 00000000850bf8e0
0x00007f7e8e0fbb68:   00007f7e88075020 00007f7e88017b20
0x00007f7e8e0fbb78:   000000008517f0c4 00007f7e8e0fbc00
0x00007f7e8e0fbb88:   00007f7e908ccdaf 0000000100005d28
0x00007f7e8e0fbb98:   00007f7e90f90390 00007f7e8e0fbc00
0x00007f7e8e0fbba8:   00007f7e9061c5f0 0000000085905b65
0x00007f7e8e0fbbb8:   00007f7e90f90390 00000000ddb36895
0x00007f7e8e0fbbc8:   00007f7e88075020 0000000000000000
0x00007f7e8e0fbbd8:   0000000085921138 0000000085921000
0x00007f7e8e0fbbe8:   00007f7e8e492908 00007f7e88017b20
0x00007f7e8e0fbbf8:   00007f7e8e492909 00007f7e8e0fbcc0
0x00007f7e8e0fbc08:   00007f7e903cc58e 00007f7e8801eb40
0x00007f7e8e0fbc18:   00007f7e8e492908 00007f7e8e492781
0x00007f7e8e0fbc28:   00007f7e90f81159 00007f7e88074fc0
0x00007f7e8e0fbc38:   0000000086e747e8 00007f7e88017860
0x00007f7e8e0fbc48:   00007f7e8e49d3a4 00000000858f0018
0x00007f7e8e0fbc58:   0000000000000200 0000000085921138 

Instructions: (pc=0x00007f7e8800a000)
0x00007f7e88009fe0:   90 00 00 00 00 00 00 00 2b 02 00 00 02 00 0d 00
0x00007f7e88009ff0:   80 6a 01 00 00 00 00 00 f5 02 00 00 00 00 00 00
0x00007f7e8800a000:   90 65 f3 90 7e 7f 00 00 00 00 00 00 00 00 00 00
0x00007f7e8800a010:   00 00 00 00 00 00 00 00 00 00 00 00 02 00 0d 00 

Register to memory mapping:

RAX=0x0000000100001ef8 is pointing into metadata
RBX=0x00000000dd6a3f78 is an oop

[error occurred during error reporting (printing register info), id 0xb]

Stack: [0x00007f7e8dffc000,0x00007f7e8e0fd000],  sp=0x00007f7e8e0fba68,  free space=1022k
Native frames: (J=compiled Java code, j=interpreted, Vv=VM code, C=native code)
C  0x00007f7e8800a000
V  [libjvm.so+0x98cfb2]  oopDesc* PSPromotionManager::copy_to_survivor_space<false>(oopDesc*)+0xe2
V  [libjvm.so+0x98c8e0]  PSPromotionManager::drain_stacks_depth(bool)+0x830
V  [libjvm.so+0x3ff58e]  CardTableExtension::scavenge_contents_parallel(ObjectStartArray*, MutableSpace*, HeapWord*, PSPromotionManager*, unsigned int, unsigned int)+0xafe
V  [libjvm.so+0x99015b]  OldToYoungRootsTask::do_it(GCTaskManager*, unsigned int)+0x4b
V  [libjvm.so+0x5d729f]  GCTaskThread::run()+0x12f
V  [libjvm.so+0x924ea8]  java_start(Thread*)+0x108


---------------  P R O C E S S  ---------------

Java Threads: ( => current thread )
  0x00007f7e300b2000 JavaThread "Thread-2" [_thread_in_native, id=6974, stack(0x00007f7e4c028000,0x00007f7e4c129000)]
  0x00007f7e30083000 JavaThread "TimerQueue" daemon [_thread_blocked, id=6969, stack(0x00007f7e4caed000,0x00007f7e4cbee000)]
  0x00007f7e8800a000 JavaThread "DestroyJavaVM" [_thread_blocked, id=6951, stack(0x00007f7e91ac8000,0x00007f7e91bc9000)]
  0x00007f7e882ef800 JavaThread "AWT-EventQueue-0" [_thread_blocked, id=6968, stack(0x00007f7e4d06e000,0x00007f7e4d16f000)]
  0x00007f7e882e4000 JavaThread "AWT-Shutdown" [_thread_blocked, id=6967, stack(0x00007f7e4d16f000,0x00007f7e4d270000)]
  0x00007f7e882ba000 JavaThread "AWT-XAWT" daemon [_thread_in_native, id=6966, stack(0x00007f7e4db99000,0x00007f7e4dc9a000)]
  0x00007f7e8829d000 JavaThread "Java2D Disposer" daemon [_thread_blocked, id=6965, stack(0x00007f7e4e0aa000,0x00007f7e4e1ab000)]
  0x00007f7e880db800 JavaThread "Service Thread" daemon [_thread_blocked, id=6963, stack(0x00007f7e4fdfe000,0x00007f7e4feff000)]
  0x00007f7e880be800 JavaThread "C1 CompilerThread2" daemon [_thread_blocked, id=6962, stack(0x00007f7e4feff000,0x00007f7e50000000)]
  0x00007f7e880bc800 JavaThread "C2 CompilerThread1" daemon [_thread_blocked, id=6961, stack(0x00007f7e6407e000,0x00007f7e6417f000)]
  0x00007f7e880b9800 JavaThread "C2 CompilerThread0" daemon [_thread_blocked, id=6960, stack(0x00007f7e6417f000,0x00007f7e64280000)]
  0x00007f7e880b8800 JavaThread "Signal Dispatcher" daemon [_thread_blocked, id=6959, stack(0x00007f7e780d3000,0x00007f7e781d4000)]
  0x00007f7e88084000 JavaThread "Finalizer" daemon [_thread_blocked, id=6958, stack(0x00007f7e78bfc000,0x00007f7e78cfd000)]
  0x00007f7e8807f800 JavaThread "Reference Handler" daemon [_thread_blocked, id=6957, stack(0x00007f7e78cfd000,0x00007f7e78dfe000)]

Other Threads:
  0x00007f7e88078000 VMThread [stack: 0x00007f7e78dfe000,0x00007f7e78eff000] [id=6956]
  0x00007f7e880de800 WatcherThread [stack: 0x00007f7e4fcfd000,0x00007f7e4fdfe000] [id=6964]

=>0x00007f7e88021000 (exited) GCTaskThread [stack: 0x00007f7e8dffc000,0x00007f7e8e0fd000] [id=6953]

VM state:at safepoint (normal execution)

VM Mutex/Monitor currently owned by a thread:  ([mutex/lock_event])
[0x00007f7e88006360] Threads_lock - owner thread: 0x00007f7e88078000
[0x00007f7e88006860] Heap_lock - owner thread: 0x00007f7e882ef800

Heap:
 PSYoungGen      total 117760K, used 109824K [0x00000000d7000000, 0x00000000ded80000, 0x0000000100000000)
  eden space 108544K, 100% used [0x00000000d7000000,0x00000000dda00000,0x00000000dda00000)
  from space 9216K, 13% used [0x00000000de380000,0x00000000de4c0000,0x00000000dec80000)
  to   space 9728K, 42% used [0x00000000dda00000,0x00000000dde10000,0x00000000de380000)
 ParOldGen       total 1343488K, used 31193K [0x0000000085000000, 0x00000000d7000000, 0x00000000d7000000)
  object space 1343488K, 2% used [0x0000000085000000,0x0000000086e767e8,0x00000000d7000000)
 Metaspace       used 17966K, capacity 18190K, committed 18560K, reserved 1064960K
  class space    used 2034K, capacity 2115K, committed 2176K, reserved 1048576K

Card table byte_map: [0x00007f7e8e48e000,0x00007f7e8e867000] byte_map_base: 0x00007f7e8e066000

Marking Bits: (ParMarkBitMap*) 0x00007f7e90f90220
 Begin Bits: [0x00007f7e64280000, 0x00007f7e66140000)
 End Bits:   [0x00007f7e66140000, 0x00007f7e68000000)

Polling page: 0x00007f7e91bdf000

CodeCache: size=245760Kb used=9243Kb max_used=9243Kb free=236516Kb
 bounds [0x00007f7e79000000, 0x00007f7e79980000, 0x00007f7e88000000]
 total_blobs=3363 nmethods=2759 adapters=517
 compilation: enabled

Compilation events (10 events):
Event: 19812,565 Thread 0x00007f7e880b9800 nmethod 3457 0x00007f7e7956eed0 code [0x00007f7e7956f060, 0x00007f7e7956f298]
Event: 19812,565 Thread 0x00007f7e880bc800 nmethod 3458 0x00007f7e79660dd0 code [0x00007f7e79660f40, 0x00007f7e796610f8]
Event: 29748,446 Thread 0x00007f7e880be800 3459 % !   3       sun.awt.X11.XToolkit::run @ 59 (410 bytes)
Event: 29748,451 Thread 0x00007f7e880be800 nmethod 3459% 0x00007f7e794c01d0 code [0x00007f7e794c0ba0, 0x00007f7e794c8518]
Event: 30114,952 Thread 0x00007f7e880be800 3460 %     3       java.awt.EventDispatchThread::pumpEventsForFilter @ 10 (47 bytes)
Event: 30114,953 Thread 0x00007f7e880be800 nmethod 3460% 0x00007f7e79623d10 code [0x00007f7e79623ee0, 0x00007f7e796244b8]
Event: 30257,827 Thread 0x00007f7e880be800 3461   !   3       sun.awt.X11.XToolkit::run (410 bytes)
Event: 30257,836 Thread 0x00007f7e880be800 nmethod 3461 0x00007f7e79973050 code [0x00007f7e79973a00, 0x00007f7e79979db8]
Event: 30627,018 Thread 0x00007f7e880be800 3462       3       java.awt.EventDispatchThread::pumpEventsForFilter (47 bytes)
Event: 30627,019 Thread 0x00007f7e880be800 nmethod 3462 0x00007f7e796a9c90 code [0x00007f7e796a9e60, 0x00007f7e796aa378]

GC Heap History (10 events):
Event: 33105,431 GC heap after
Heap after GC invocations=28060 (full 20):
 PSYoungGen      total 83456K, used 5920K [0x00000000d7000000, 0x00000000dcd80000, 0x0000000100000000)
  eden space 75264K, 0% used [0x00000000d7000000,0x00000000d7000000,0x00000000db980000)
  from space 8192K, 72% used [0x00000000dc180000,0x00000000dc748000,0x00000000dc980000)
  to   space 8192K, 0% used [0x00000000db980000,0x00000000db980000,0x00000000dc180000)
 ParOldGen       total 52736K, used 31153K [0x0000000085000000, 0x0000000088380000, 0x00000000d7000000)
  object space 52736K, 59% used [0x0000000085000000,0x0000000086e6c7e8,0x0000000088380000)
 Metaspace       used 17966K, capacity 18190K, committed 18560K, reserved 1064960K
  class space    used 2034K, capacity 2115K, committed 2176K, reserved 1048576K
}
Event: 33106,429 GC heap before
{Heap before GC invocations=28061 (full 20):
 PSYoungGen      total 83456K, used 81184K [0x00000000d7000000, 0x00000000dcd80000, 0x0000000100000000)
  eden space 75264K, 100% used [0x00000000d7000000,0x00000000db980000,0x00000000db980000)
  from space 8192K, 72% used [0x00000000dc180000,0x00000000dc748000,0x00000000dc980000)
  to   space 8192K, 0% used [0x00000000db980000,0x00000000db980000,0x00000000dc180000)
 ParOldGen       total 52736K, used 31153K [0x0000000085000000, 0x0000000088380000, 0x00000000d7000000)
  object space 52736K, 59% used [0x0000000085000000,0x0000000086e6c7e8,0x0000000088380000)
 Metaspace       used 17966K, capacity 18190K, committed 18560K, reserved 1064960K
  class space    used 2034K, capacity 2115K, committed 2176K, reserved 1048576K
Event: 33106,435 GC heap after
Heap after GC invocations=28061 (full 20):
 PSYoungGen      total 83456K, used 5824K [0x00000000d7000000, 0x00000000dd980000, 0x0000000100000000)
  eden space 75264K, 0% used [0x00000000d7000000,0x00000000d7000000,0x00000000db980000)
  from space 8192K, 71% used [0x00000000db980000,0x00000000dbf30000,0x00000000dc180000)
  to   space 8704K, 0% used [0x00000000dd100000,0x00000000dd100000,0x00000000dd980000)
 ParOldGen       total 52736K, used 31161K [0x0000000085000000, 0x0000000088380000, 0x00000000d7000000)
  object space 52736K, 59% used [0x0000000085000000,0x0000000086e6e7e8,0x0000000088380000)
 Metaspace       used 17966K, capacity 18190K, committed 18560K, reserved 1064960K
  class space    used 2034K, capacity 2115K, committed 2176K, reserved 1048576K
}
Event: 33107,417 GC heap before
{Heap before GC invocations=28062 (full 20):
 PSYoungGen      total 83456K, used 81088K [0x00000000d7000000, 0x00000000dd980000, 0x0000000100000000)
  eden space 75264K, 100% used [0x00000000d7000000,0x00000000db980000,0x00000000db980000)
  from space 8192K, 71% used [0x00000000db980000,0x00000000dbf30000,0x00000000dc180000)
  to   space 8704K, 0% used [0x00000000dd100000,0x00000000dd100000,0x00000000dd980000)
 ParOldGen       total 52736K, used 31161K [0x0000000085000000, 0x0000000088380000, 0x00000000d7000000)
  object space 52736K, 59% used [0x0000000085000000,0x0000000086e6e7e8,0x0000000088380000)
 Metaspace       used 17966K, capacity 18190K, committed 18560K, reserved 1064960K
  class space    used 2034K, capacity 2115K, committed 2176K, reserved 1048576K
Event: 33107,424 GC heap after
Heap after GC invocations=28062 (full 20):
 PSYoungGen      total 99328K, used 5696K [0x00000000d7000000, 0x00000000dd980000, 0x0000000100000000)
  eden space 90624K, 0% used [0x00000000d7000000,0x00000000d7000000,0x00000000dc880000)
  from space 8704K, 65% used [0x00000000dd100000,0x00000000dd690000,0x00000000dd980000)
  to   space 8704K, 0% used [0x00000000dc880000,0x00000000dc880000,0x00000000dd100000)
 ParOldGen       total 52736K, used 31169K [0x0000000085000000, 0x0000000088380000, 0x00000000d7000000)
  object space 52736K, 59% used [0x0000000085000000,0x0000000086e707e8,0x0000000088380000)
 Metaspace       used 17966K, capacity 18190K, committed 18560K, reserved 1064960K
  class space    used 2034K, capacity 2115K, committed 2176K, reserved 1048576K
}
Event: 33108,440 GC heap before
{Heap before GC invocations=28063 (full 20):
 PSYoungGen      total 99328K, used 96320K [0x00000000d7000000, 0x00000000dd980000, 0x0000000100000000)
  eden space 90624K, 100% used [0x00000000d7000000,0x00000000dc880000,0x00000000dc880000)
  from space 8704K, 65% used [0x00000000dd100000,0x00000000dd690000,0x00000000dd980000)
  to   space 8704K, 0% used [0x00000000dc880000,0x00000000dc880000,0x00000000dd100000)
 ParOldGen       total 52736K, used 31169K [0x0000000085000000, 0x0000000088380000, 0x00000000d7000000)
  object space 52736K, 59% used [0x0000000085000000,0x0000000086e707e8,0x0000000088380000)
 Metaspace       used 17966K, capacity 18190K, committed 18560K, reserved 1064960K
  class space    used 2034K, capacity 2115K, committed 2176K, reserved 1048576K
Event: 33108,448 GC heap after
Heap after GC invocations=28063 (full 20):
 PSYoungGen      total 99328K, used 6976K [0x00000000d7000000, 0x00000000dec80000, 0x0000000100000000)
  eden space 90624K, 0% used [0x00000000d7000000,0x00000000d7000000,0x00000000dc880000)
  from space 8704K, 80% used [0x00000000dc880000,0x00000000dcf50000,0x00000000dd100000)
  to   space 9216K, 0% used [0x00000000de380000,0x00000000de380000,0x00000000dec80000)
 ParOldGen       total 52736K, used 31177K [0x0000000085000000, 0x0000000088380000, 0x00000000d7000000)
  object space 52736K, 59% used [0x0000000085000000,0x0000000086e727e8,0x0000000088380000)
 Metaspace       used 17966K, capacity 18190K, committed 18560K, reserved 1064960K
  class space    used 2034K, capacity 2115K, committed 2176K, reserved 1048576K
}
Event: 33110,386 GC heap before
{Heap before GC invocations=28064 (full 20):
 PSYoungGen      total 99328K, used 97600K [0x00000000d7000000, 0x00000000dec80000, 0x0000000100000000)
  eden space 90624K, 100% used [0x00000000d7000000,0x00000000dc880000,0x00000000dc880000)
  from space 8704K, 80% used [0x00000000dc880000,0x00000000dcf50000,0x00000000dd100000)
  to   space 9216K, 0% used [0x00000000de380000,0x00000000de380000,0x00000000dec80000)
 ParOldGen       total 52736K, used 31177K [0x0000000085000000, 0x0000000088380000, 0x00000000d7000000)
  object space 52736K, 59% used [0x0000000085000000,0x0000000086e727e8,0x0000000088380000)
 Metaspace       used 17966K, capacity 18190K, committed 18560K, reserved 1064960K
  class space    used 2034K, capacity 2115K, committed 2176K, reserved 1048576K
Event: 33110,389 GC heap after
Heap after GC invocations=28064 (full 20):
 PSYoungGen      total 117760K, used 1280K [0x00000000d7000000, 0x00000000ded80000, 0x0000000100000000)
  eden space 108544K, 0% used [0x00000000d7000000,0x00000000d7000000,0x00000000dda00000)
  from space 9216K, 13% used [0x00000000de380000,0x00000000de4c0000,0x00000000dec80000)
  to   space 9728K, 0% used [0x00000000dda00000,0x00000000dda00000,0x00000000de380000)
 ParOldGen       total 52736K, used 31185K [0x0000000085000000, 0x0000000088380000, 0x00000000d7000000)
  object space 52736K, 59% used [0x0000000085000000,0x0000000086e747e8,0x0000000088380000)
 Metaspace       used 17966K, capacity 18190K, committed 18560K, reserved 1064960K
  class space    used 2034K, capacity 2115K, committed 2176K, reserved 1048576K
}
Event: 33111,407 GC heap before
{Heap before GC invocations=28065 (full 20):
 PSYoungGen      total 117760K, used 109824K [0x00000000d7000000, 0x00000000ded80000, 0x0000000100000000)
  eden space 108544K, 100% used [0x00000000d7000000,0x00000000dda00000,0x00000000dda00000)
  from space 9216K, 13% used [0x00000000de380000,0x00000000de4c0000,0x00000000dec80000)
  to   space 9728K, 0% used [0x00000000dda00000,0x00000000dda00000,0x00000000de380000)
 ParOldGen       total 52736K, used 31185K [0x0000000085000000, 0x0000000088380000, 0x00000000d7000000)
  object space 52736K, 59% used [0x0000000085000000,0x0000000086e747e8,0x0000000088380000)
 Metaspace       used 17966K, capacity 18190K, committed 18560K, reserved 1064960K
  class space    used 2034K, capacity 2115K, committed 2176K, reserved 1048576K

Deoptimization events (10 events):
Event: 11503,405 Thread 0x00007f7e882ef800 Uncommon trap: reason=unstable_if action=reinterpret pc=0x00007f7e794b94f4 method=java.lang.ref.ReferenceQueue.poll()Ljava/lang/ref/Reference; @ 4
Event: 11503,405 Thread 0x00007f7e882ef800 Uncommon trap: reason=unstable_if action=reinterpret pc=0x00007f7e798ba56c method=sun.util.locale.provider.LocaleResources.removeEmptyReferences()V @ 9
Event: 12390,540 Thread 0x00007f7e882ef800 Uncommon trap: reason=unstable_if action=reinterpret pc=0x00007f7e796c5d08 method=java.util.Calendar.set(II)V @ 64
Event: 14082,781 Thread 0x00007f7e882ba000 Uncommon trap: reason=unstable_if action=reinterpret pc=0x00007f7e7926c624 method=java.util.concurrent.locks.ReentrantLock$Sync.nonfairTryAcquire(I)Z @ 19
Event: 14514,836 Thread 0x00007f7e882ba000 Uncommon trap: reason=unstable_if action=reinterpret pc=0x00007f7e798863a4 method=java.util.concurrent.locks.ReentrantLock$Sync.nonfairTryAcquire(I)Z @ 19
Event: 19403,503 Thread 0x00007f7e882ef800 Uncommon trap: reason=unstable_if action=reinterpret pc=0x00007f7e79672dac method=org.jfree.data.time.Hour.compareTo(Ljava/lang/Object;)I @ 25
Event: 19403,503 Thread 0x00007f7e882ef800 Uncommon trap: reason=unstable_if action=reinterpret pc=0x00007f7e794acc40 method=org.jfree.data.time.Hour.compareTo(Ljava/lang/Object;)I @ 25
Event: 19403,503 Thread 0x00007f7e882ef800 Uncommon trap: reason=unstable_if action=reinterpret pc=0x00007f7e796774f8 method=java.util.GregorianCalendar.computeFields(II)I @ 723
Event: 19403,568 Thread 0x00007f7e882ef800 Uncommon trap: reason=unstable_if action=reinterpret pc=0x00007f7e796960ac method=java.text.SimpleDateFormat.zeroPaddingNumber(IIILjava/lang/StringBuffer;)V @ 52
Event: 19404,565 Thread 0x00007f7e882ef800 Uncommon trap: reason=unstable_if action=reinterpret pc=0x00007f7e79680880 method=java.text.SimpleDateFormat.zeroPaddingNumber(IIILjava/lang/StringBuffer;)V @ 52

Internal exceptions (10 events):
Event: 0,278 Thread 0x00007f7e8800a000 Exception <a 'java/lang/ClassNotFoundException': javax/swing/JToolBarSeparator> (0x00000000d74ff520) thrown at [/HUDSON3/workspace/8-2-build-linux-amd64/jdk8u111/7883/hotspot/src/share/vm/classfile/systemDictionary.cpp, line 210]
Event: 0,278 Thread 0x00007f7e8800a000 Exception <a 'java/lang/ClassNotFoundException': ToolBarSeparator> (0x00000000d74ff9b8) thrown at [/HUDSON3/workspace/8-2-build-linux-amd64/jdk8u111/7883/hotspot/src/share/vm/classfile/systemDictionary.cpp, line 210]
Event: 0,278 Thread 0x00007f7e8800a000 Exception <a 'java/lang/ClassNotFoundException': ToolTip> (0x00000000d75000f8) thrown at [/HUDSON3/workspace/8-2-build-linux-amd64/jdk8u111/7883/hotspot/src/share/vm/classfile/systemDictionary.cpp, line 210]
Event: 0,279 Thread 0x00007f7e8800a000 Exception <a 'java/lang/ClassNotFoundException': Tree> (0x00000000d7500d18) thrown at [/HUDSON3/workspace/8-2-build-linux-amd64/jdk8u111/7883/hotspot/src/share/vm/classfile/systemDictionary.cpp, line 210]
Event: 0,279 Thread 0x00007f7e8800a000 Exception <a 'java/lang/ClassNotFoundException': Tree> (0x00000000d7501458) thrown at [/HUDSON3/workspace/8-2-build-linux-amd64/jdk8u111/7883/hotspot/src/share/vm/classfile/systemDictionary.cpp, line 210]
Event: 0,279 Thread 0x00007f7e8800a000 Exception <a 'java/lang/ClassNotFoundException': javax/swing/JTreeCell> (0x00000000d75017d8) thrown at [/HUDSON3/workspace/8-2-build-linux-amd64/jdk8u111/7883/hotspot/src/share/vm/classfile/systemDictionary.cpp, line 210]
Event: 0,279 Thread 0x00007f7e8800a000 Exception <a 'java/lang/ClassNotFoundException': TreeCell> (0x00000000d7501c60) thrown at [/HUDSON3/workspace/8-2-build-linux-amd64/jdk8u111/7883/hotspot/src/share/vm/classfile/systemDictionary.cpp, line 210]
Event: 0,279 Thread 0x00007f7e8800a000 Exception <a 'java/lang/ClassNotFoundException': RootPane> (0x00000000d75026c0) thrown at [/HUDSON3/workspace/8-2-build-linux-amd64/jdk8u111/7883/hotspot/src/share/vm/classfile/systemDictionary.cpp, line 210]
Event: 0,305 Thread 0x00007f7e882ef800 Implicit null exception at 0x00007f7e791e5ff6 to 0x00007f7e791e63a5
Event: 0,781 Thread 0x00007f7e882ef800 Exception <a 'java/lang/UnsupportedOperationException': > (0x00000000d85f79b8) thrown at [/HUDSON3/workspace/8-2-build-linux-amd64/jdk8u111/7883/hotspot/src/share/vm/prims/jni.cpp, line 735]

Events (10 events):
Event: 33105,432 Executing VM operation: ParallelGCFailedAllocation done
Event: 33106,429 Executing VM operation: ParallelGCFailedAllocation
Event: 33106,435 Executing VM operation: ParallelGCFailedAllocation done
Event: 33107,417 Executing VM operation: ParallelGCFailedAllocation
Event: 33107,424 Executing VM operation: ParallelGCFailedAllocation done
Event: 33108,440 Executing VM operation: ParallelGCFailedAllocation
Event: 33108,448 Executing VM operation: ParallelGCFailedAllocation done
Event: 33110,386 Executing VM operation: ParallelGCFailedAllocation
Event: 33110,389 Executing VM operation: ParallelGCFailedAllocation done
Event: 33111,407 Executing VM operation: ParallelGCFailedAllocation


Dynamic libraries:
00400000-00401000 r-xp 00000000 08:02 1967913                            /home/glazen/jdk1.8.0_111/jre/bin/java
00600000-00601000 rw-p 00000000 08:02 1967913                            /home/glazen/jdk1.8.0_111/jre/bin/java
01079000-0109a000 rw-p 00000000 00:00 0                                  [heap]
85000000-d7000000 rw-p 00000000 00:00 0 
d7000000-ded80000 rw-p 00000000 00:00 0 
ded80000-100000000 ---p 00000000 00:00 0 
100000000-100220000 rw-p 00000000 00:00 0 
100220000-140000000 ---p 00000000 00:00 0 
7f7e1c000000-7f7e1c021000 rw-p 00000000 00:00 0 
7f7e1c021000-7f7e20000000 ---p 00000000 00:00 0 
7f7e24000000-7f7e24021000 rw-p 00000000 00:00 0 
7f7e24021000-7f7e28000000 ---p 00000000 00:00 0 
7f7e28000000-7f7e28021000 rw-p 00000000 00:00 0 
7f7e28021000-7f7e2c000000 ---p 00000000 00:00 0 
7f7e2c000000-7f7e2c021000 rw-p 00000000 00:00 0 
7f7e2c021000-7f7e30000000 ---p 00000000 00:00 0 
7f7e30000000-7f7e30415000 rw-p 00000000 00:00 0 
7f7e30415000-7f7e34000000 ---p 00000000 00:00 0 
7f7e34000000-7f7e34021000 rw-p 00000000 00:00 0 
7f7e34021000-7f7e38000000 ---p 00000000 00:00 0 
7f7e38000000-7f7e38028000 rw-p 00000000 00:00 0 
7f7e38028000-7f7e3c000000 ---p 00000000 00:00 0 
7f7e3c000000-7f7e3c021000 rw-p 00000000 00:00 0 
7f7e3c021000-7f7e40000000 ---p 00000000 00:00 0 
7f7e40000000-7f7e40021000 rw-p 00000000 00:00 0 
7f7e40021000-7f7e44000000 ---p 00000000 00:00 0 
7f7e44000000-7f7e44589000 rw-p 00000000 00:00 0 
7f7e44589000-7f7e48000000 ---p 00000000 00:00 0 
7f7e48000000-7f7e498fa000 rw-p 00000000 00:00 0 
7f7e498fa000-7f7e4c000000 ---p 00000000 00:00 0 
7f7e4c028000-7f7e4c02b000 ---p 00000000 00:00 0 
7f7e4c02b000-7f7e4c129000 rw-p 00000000 00:00 0 
7f7e4c129000-7f7e4c12c000 ---p 00000000 00:00 0 
7f7e4c12c000-7f7e4c42a000 rw-p 00000000 00:00 0 
7f7e4c42a000-7f7e4c43d000 r--s 00345000 08:02 1967621                    /home/glazen/jdk1.8.0_111/jre/lib/resources.jar
7f7e4c43d000-7f7e4c467000 r-xp 00000000 08:02 1967726                    /home/glazen/jdk1.8.0_111/jre/lib/amd64/libdcpr.so
7f7e4c467000-7f7e4c667000 ---p 0002a000 08:02 1967726                    /home/glazen/jdk1.8.0_111/jre/lib/amd64/libdcpr.so
7f7e4c667000-7f7e4c66a000 rw-p 0002a000 08:02 1967726                    /home/glazen/jdk1.8.0_111/jre/lib/amd64/libdcpr.so
7f7e4c66a000-7f7e4c86a000 rw-p 00000000 00:00 0 
7f7e4caed000-7f7e4caf0000 ---p 00000000 00:00 0 
7f7e4caf0000-7f7e4cdee000 rw-p 00000000 00:00 0 
7f7e4cdee000-7f7e4ce57000 r-xp 00000000 08:02 1967758                    /home/glazen/jdk1.8.0_111/jre/lib/amd64/libt2k.so
7f7e4ce57000-7f7e4d057000 ---p 00069000 08:02 1967758                    /home/glazen/jdk1.8.0_111/jre/lib/amd64/libt2k.so
7f7e4d057000-7f7e4d05e000 rw-p 00069000 08:02 1967758                    /home/glazen/jdk1.8.0_111/jre/lib/amd64/libt2k.so
7f7e4d05e000-7f7e4d06e000 rw-p 00000000 00:00 0 
7f7e4d06e000-7f7e4d071000 ---p 00000000 00:00 0 
7f7e4d071000-7f7e4d16f000 rw-p 00000000 00:00 0 
7f7e4d16f000-7f7e4d172000 ---p 00000000 00:00 0 
7f7e4d172000-7f7e4d470000 rw-p 00000000 00:00 0 
7f7e4d470000-7f7e4d481000 r-xp 00000000 08:02 1967756                    /home/glazen/jdk1.8.0_111/jre/lib/amd64/libnio.so
7f7e4d481000-7f7e4d680000 ---p 00011000 08:02 1967756                    /home/glazen/jdk1.8.0_111/jre/lib/amd64/libnio.so
7f7e4d680000-7f7e4d681000 rw-p 00010000 08:02 1967756                    /home/glazen/jdk1.8.0_111/jre/lib/amd64/libnio.so
7f7e4d681000-7f7e4d982000 rw-p 00000000 00:00 0 
7f7e4d982000-7f7e4d998000 r-xp 00000000 08:02 1967757                    /home/glazen/jdk1.8.0_111/jre/lib/amd64/libnet.so
7f7e4d998000-7f7e4db98000 ---p 00016000 08:02 1967757                    /home/glazen/jdk1.8.0_111/jre/lib/amd64/libnet.so
7f7e4db98000-7f7e4db99000 rw-p 00016000 08:02 1967757                    /home/glazen/jdk1.8.0_111/jre/lib/amd64/libnet.so
7f7e4db99000-7f7e4db9c000 ---p 00000000 00:00 0 
7f7e4db9c000-7f7e4dc9a000 rw-p 00000000 00:00 0 
7f7e4dc9a000-7f7e4dc9f000 r-xp 00000000 08:02 2892395                    /usr/lib/x86_64-linux-gnu/libXfixes.so.3.1.0
7f7e4dc9f000-7f7e4de9e000 ---p 00005000 08:02 2892395                    /usr/lib/x86_64-linux-gnu/libXfixes.so.3.1.0
7f7e4de9e000-7f7e4de9f000 r--p 00004000 08:02 2892395                    /usr/lib/x86_64-linux-gnu/libXfixes.so.3.1.0
7f7e4de9f000-7f7e4dea0000 rw-p 00005000 08:02 2892395                    /usr/lib/x86_64-linux-gnu/libXfixes.so.3.1.0
7f7e4dea0000-7f7e4dea9000 r-xp 00000000 08:02 2892387                    /usr/lib/x86_64-linux-gnu/libXcursor.so.1.0.2
7f7e4dea9000-7f7e4e0a8000 ---p 00009000 08:02 2892387                    /usr/lib/x86_64-linux-gnu/libXcursor.so.1.0.2
7f7e4e0a8000-7f7e4e0a9000 r--p 00008000 08:02 2892387                    /usr/lib/x86_64-linux-gnu/libXcursor.so.1.0.2
7f7e4e0a9000-7f7e4e0aa000 rw-p 00009000 08:02 2892387                    /usr/lib/x86_64-linux-gnu/libXcursor.so.1.0.2
7f7e4e0aa000-7f7e4e0ad000 ---p 00000000 00:00 0 
7f7e4e0ad000-7f7e4e1ab000 rw-p 00000000 00:00 0 
7f7e4e1ab000-7f7e4e1c1000 r-xp 00000000 08:02 9048472                    /lib/x86_64-linux-gnu/libgcc_s.so.1
7f7e4e1c1000-7f7e4e3c0000 ---p 00016000 08:02 9048472                    /lib/x86_64-linux-gnu/libgcc_s.so.1
7f7e4e3c0000-7f7e4e3c1000 rw-p 00015000 08:02 9048472                    /lib/x86_64-linux-gnu/libgcc_s.so.1
7f7e4e3c1000-7f7e4e426000 r-xp 00000000 08:02 1967593                    /home/glazen/jdk1.8.0_111/jre/lib/amd64/libfontmanager.so
7f7e4e426000-7f7e4e625000 ---p 00065000 08:02 1967593                    /home/glazen/jdk1.8.0_111/jre/lib/amd64/libfontmanager.so
7f7e4e625000-7f7e4e62a000 rw-p 00064000 08:02 1967593                    /home/glazen/jdk1.8.0_111/jre/lib/amd64/libfontmanager.so
7f7e4e62a000-7f7e4e63a000 rw-p 00000000 00:00 0 
7f7e4e63a000-7f7e4e63f000 r-xp 00000000 08:02 2892391                    /usr/lib/x86_64-linux-gnu/libXdmcp.so.6.0.0
7f7e4e63f000-7f7e4e83e000 ---p 00005000 08:02 2892391                    /usr/lib/x86_64-linux-gnu/libXdmcp.so.6.0.0
7f7e4e83e000-7f7e4e83f000 r--p 00004000 08:02 2892391                    /usr/lib/x86_64-linux-gnu/libXdmcp.so.6.0.0
7f7e4e83f000-7f7e4e840000 rw-p 00005000 08:02 2892391                    /usr/lib/x86_64-linux-gnu/libXdmcp.so.6.0.0
7f7e4e840000-7f7e4e842000 r-xp 00000000 08:02 2892380                    /usr/lib/x86_64-linux-gnu/libXau.so.6.0.0
7f7e4e842000-7f7e4ea42000 ---p 00002000 08:02 2892380                    /usr/lib/x86_64-linux-gnu/libXau.so.6.0.0
7f7e4ea42000-7f7e4ea43000 r--p 00002000 08:02 2892380                    /usr/lib/x86_64-linux-gnu/libXau.so.6.0.0
7f7e4ea43000-7f7e4ea44000 rw-p 00003000 08:02 2892380                    /usr/lib/x86_64-linux-gnu/libXau.so.6.0.0
7f7e4ea44000-7f7e4ea65000 r-xp 00000000 08:02 2893600                    /usr/lib/x86_64-linux-gnu/libxcb.so.1.1.0
7f7e4ea65000-7f7e4ec64000 ---p 00021000 08:02 2893600                    /usr/lib/x86_64-linux-gnu/libxcb.so.1.1.0
7f7e4ec64000-7f7e4ec65000 r--p 00020000 08:02 2893600                    /usr/lib/x86_64-linux-gnu/libxcb.so.1.1.0
7f7e4ec65000-7f7e4ec66000 rw-p 00021000 08:02 2893600                    /usr/lib/x86_64-linux-gnu/libxcb.so.1.1.0
7f7e4ec66000-7f7e4ec75000 r-xp 00000000 08:02 2892401                    /usr/lib/x86_64-linux-gnu/libXi.so.6.1.0
7f7e4ec75000-7f7e4ee74000 ---p 0000f000 08:02 2892401                    /usr/lib/x86_64-linux-gnu/libXi.so.6.1.0
7f7e4ee74000-7f7e4ee75000 r--p 0000e000 08:02 2892401                    /usr/lib/x86_64-linux-gnu/libXi.so.6.1.0
7f7e4ee75000-7f7e4ee76000 rw-p 0000f000 08:02 2892401                    /usr/lib/x86_64-linux-gnu/libXi.so.6.1.0
7f7e4ee76000-7f7e4ee7b000 r-xp 00000000 08:02 2892419                    /usr/lib/x86_64-linux-gnu/libXtst.so.6.1.0
7f7e4ee7b000-7f7e4f07a000 ---p 00005000 08:02 2892419                    /usr/lib/x86_64-linux-gnu/libXtst.so.6.1.0
7f7e4f07a000-7f7e4f07b000 r--p 00004000 08:02 2892419                    /usr/lib/x86_64-linux-gnu/libXtst.so.6.1.0
7f7e4f07b000-7f7e4f07c000 rw-p 00005000 08:02 2892419                    /usr/lib/x86_64-linux-gnu/libXtst.so.6.1.0
7f7e4f07c000-7f7e4f085000 r-xp 00000000 08:02 2892413                    /usr/lib/x86_64-linux-gnu/libXrender.so.1.3.0
7f7e4f085000-7f7e4f284000 ---p 00009000 08:02 2892413                    /usr/lib/x86_64-linux-gnu/libXrender.so.1.3.0
7f7e4f284000-7f7e4f285000 r--p 00008000 08:02 2892413                    /usr/lib/x86_64-linux-gnu/libXrender.so.1.3.0
7f7e4f285000-7f7e4f286000 rw-p 00009000 08:02 2892413                    /usr/lib/x86_64-linux-gnu/libXrender.so.1.3.0
7f7e4f286000-7f7e4f3bb000 r-xp 00000000 08:02 2892376                    /usr/lib/x86_64-linux-gnu/libX11.so.6.3.0
7f7e4f3bb000-7f7e4f5bb000 ---p 00135000 08:02 2892376                    /usr/lib/x86_64-linux-gnu/libX11.so.6.3.0
7f7e4f5bb000-7f7e4f5bc000 r--p 00135000 08:02 2892376                    /usr/lib/x86_64-linux-gnu/libX11.so.6.3.0
7f7e4f5bc000-7f7e4f5c0000 rw-p 00136000 08:02 2892376                    /usr/lib/x86_64-linux-gnu/libX11.so.6.3.0
7f7e4f5c0000-7f7e4f5d1000 r-xp 00000000 08:02 2892393                    /usr/lib/x86_64-linux-gnu/libXext.so.6.4.0
7f7e4f5d1000-7f7e4f7d0000 ---p 00011000 08:02 2892393                    /usr/lib/x86_64-linux-gnu/libXext.so.6.4.0
7f7e4f7d0000-7f7e4f7d1000 r--p 00010000 08:02 2892393                    /usr/lib/x86_64-linux-gnu/libXext.so.6.4.0
7f7e4f7d1000-7f7e4f7d2000 rw-p 00011000 08:02 2892393                    /usr/lib/x86_64-linux-gnu/libXext.so.6.4.0
7f7e4f7d2000-7f7e4f826000 r-xp 00000000 08:02 1967649                    /home/glazen/jdk1.8.0_111/jre/lib/amd64/libawt_xawt.so
7f7e4f826000-7f7e4fa26000 ---p 00054000 08:02 1967649                    /home/glazen/jdk1.8.0_111/jre/lib/amd64/libawt_xawt.so
7f7e4fa26000-7f7e4fa2a000 rw-p 00054000 08:02 1967649                    /home/glazen/jdk1.8.0_111/jre/lib/amd64/libawt_xawt.so
7f7e4fa2a000-7f7e4fa2b000 rw-p 00000000 00:00 0 
7f7e4fa2b000-7f7e4facd000 r-xp 00000000 08:02 1967759                    /home/glazen/jdk1.8.0_111/jre/lib/amd64/libawt.so
7f7e4facd000-7f7e4fccd000 ---p 000a2000 08:02 1967759                    /home/glazen/jdk1.8.0_111/jre/lib/amd64/libawt.so
7f7e4fccd000-7f7e4fcd9000 rw-p 000a2000 08:02 1967759                    /home/glazen/jdk1.8.0_111/jre/lib/amd64/libawt.so
7f7e4fcd9000-7f7e4fcfd000 rw-p 00000000 00:00 0 
7f7e4fcfd000-7f7e4fcfe000 ---p 00000000 00:00 0 
7f7e4fcfe000-7f7e4fdfe000 rw-p 00000000 00:00 0 
7f7e4fdfe000-7f7e4fe01000 ---p 00000000 00:00 0 
7f7e4fe01000-7f7e4feff000 rw-p 00000000 00:00 0 
7f7e4feff000-7f7e4ff02000 ---p 00000000 00:00 0 
7f7e4ff02000-7f7e50000000 rw-p 00000000 00:00 0 
7f7e50000000-7f7e50021000 rw-p 00000000 00:00 0 
7f7e50021000-7f7e54000000 ---p 00000000 00:00 0 
7f7e54000000-7f7e55470000 rw-p 00000000 00:00 0 
7f7e55470000-7f7e58000000 ---p 00000000 00:00 0 
7f7e58000000-7f7e58021000 rw-p 00000000 00:00 0 
7f7e58021000-7f7e5c000000 ---p 00000000 00:00 0 
7f7e5c000000-7f7e5c021000 rw-p 00000000 00:00 0 
7f7e5c021000-7f7e60000000 ---p 00000000 00:00 0 
7f7e60000000-7f7e60073000 rw-p 00000000 00:00 0 
7f7e60073000-7f7e64000000 ---p 00000000 00:00 0 
7f7e6407e000-7f7e64081000 ---p 00000000 00:00 0 
7f7e64081000-7f7e6417f000 rw-p 00000000 00:00 0 
7f7e6417f000-7f7e64182000 ---p 00000000 00:00 0 
7f7e64182000-7f7e68000000 rw-p 00000000 00:00 0 
7f7e68000000-7f7e68021000 rw-p 00000000 00:00 0 
7f7e68021000-7f7e6c000000 ---p 00000000 00:00 0 
7f7e6c000000-7f7e6c021000 rw-p 00000000 00:00 0 
7f7e6c021000-7f7e70000000 ---p 00000000 00:00 0 
7f7e70000000-7f7e70295000 rw-p 00000000 00:00 0 
7f7e70295000-7f7e74000000 ---p 00000000 00:00 0 
7f7e74000000-7f7e74021000 rw-p 00000000 00:00 0 
7f7e74021000-7f7e78000000 ---p 00000000 00:00 0 
7f7e78016000-7f7e78021000 r--s 00000000 08:02 11403365                   /var/cache/fontconfig/945677eb7aeaf62f1d50efc3fb3ec7d8-le64.cache-6
7f7e78021000-7f7e78027000 r--s 00000000 08:02 11410960                   /var/cache/fontconfig/2cd17615ca594fa2959ae173292e504c-le64.cache-6
7f7e78027000-7f7e78028000 r--s 00000000 08:02 11410959                   /var/cache/fontconfig/0d8c3b2ac0904cb8a57a757ad11a4a08-le64.cache-6
7f7e78028000-7f7e7803d000 r--s 00000000 08:02 11410933                   /var/cache/fontconfig/04aabc0a78ac019cf9454389977116d2-le64.cache-6
7f7e7803d000-7f7e7803e000 r--s 00000000 08:02 11410894                   /var/cache/fontconfig/1ac9eb803944fde146138c791f5cc56a-le64.cache-6
7f7e7803e000-7f7e78042000 r--s 00000000 08:02 11410893                   /var/cache/fontconfig/385c0604a188198f04d133e54aba7fe7-le64.cache-6
7f7e78042000-7f7e78043000 r--s 00000000 08:02 11410794                   /var/cache/fontconfig/dc05db6664285cc2f12bf69c139ae4c3-le64.cache-6
7f7e78043000-7f7e78046000 r--s 00000000 08:02 11410791                   /var/cache/fontconfig/767a8244fc0220cfb567a839d0392e0b-le64.cache-6
7f7e78046000-7f7e78047000 r--s 00000000 08:02 11410790                   /var/cache/fontconfig/4794a0821666d79190d59a36cb4f44b5-le64.cache-6
7f7e78047000-7f7e7806e000 r--s 00000000 08:02 11410785                   /var/cache/fontconfig/0bd3dc0958fa2205aaaa8ebb13e2872b-le64.cache-6
7f7e7806e000-7f7e78073000 r--s 00000000 08:02 11410784                   /var/cache/fontconfig/8801497958630a81b71ace7c5f9b32a8-le64.cache-6
7f7e78073000-7f7e78074000 r--s 00000000 08:02 11410595                   /var/cache/fontconfig/bab58bb527bb656aaa9f116d68a48d89-le64.cache-6
7f7e78074000-7f7e7807b000 r--s 00000000 08:02 11410594                   /var/cache/fontconfig/3047814df9a2f067bd2d96a2b9c36e5a-le64.cache-6
7f7e7807b000-7f7e7807c000 r--s 00000000 08:02 11410593                   /var/cache/fontconfig/56cf4f4769d0f4abc89a4895d7bd3ae1-le64.cache-6
7f7e7807c000-7f7e7807d000 r--s 00000000 08:02 11410592                   /var/cache/fontconfig/b9d506c9ac06c20b433354fa67a72993-le64.cache-6
7f7e7807d000-7f7e78083000 r--s 00000000 08:02 11410591                   /var/cache/fontconfig/b47c4e1ecd0709278f4910c18777a504-le64.cache-6
7f7e78083000-7f7e78096000 r--s 00000000 08:02 11410585                   /var/cache/fontconfig/d52a8644073d54c13679302ca1180695-le64.cache-6
7f7e78096000-7f7e78097000 r--s 00000000 08:02 11410584                   /var/cache/fontconfig/551ecf3b0e8b0bca0f25c0944f561853-le64.cache-6
7f7e78097000-7f7e7809b000 r--s 00000000 08:02 11410532                   /var/cache/fontconfig/d589a48862398ed80a3d6066f4f56f4c-le64.cache-6
7f7e7809b000-7f7e7809e000 r--s 00000000 08:02 11410321                   /var/cache/fontconfig/75114ca45c98e8a441da0ff356701271-le64.cache-6
7f7e7809e000-7f7e780a9000 r--s 00000000 08:02 11410320                   /var/cache/fontconfig/83bf95040141907cd45bb53cf7c1c148-le64.cache-6
7f7e780a9000-7f7e780bb000 r--s 00000000 08:02 11403344                   /var/cache/fontconfig/9b89f8e3dae116d678bbf48e5f21f69b-le64.cache-6
7f7e780d3000-7f7e780d6000 ---p 00000000 00:00 0 
7f7e780d6000-7f7e781d4000 rw-p 00000000 00:00 0 
7f7e781d4000-7f7e78bfc000 r--p 00000000 08:02 2891573                    /usr/lib/locale/locale-archive
7f7e78bfc000-7f7e78bff000 ---p 00000000 00:00 0 
7f7e78bff000-7f7e78cfd000 rw-p 00000000 00:00 0 
7f7e78cfd000-7f7e78d00000 ---p 00000000 00:00 0 
7f7e78d00000-7f7e78dfe000 rw-p 00000000 00:00 0 
7f7e78dfe000-7f7e78dff000 ---p 00000000 00:00 0 
7f7e78dff000-7f7e79000000 rw-p 00000000 00:00 0 
7f7e79000000-7f7e79980000 rwxp 00000000 00:00 0 
7f7e79980000-7f7e88000000 ---p 00000000 00:00 0 
7f7e88000000-7f7e88348000 rw-p 00000000 00:00 0 
7f7e88348000-7f7e8c000000 ---p 00000000 00:00 0 
7f7e8c000000-7f7e8c001000 r--s 00000000 08:02 11410531                   /var/cache/fontconfig/30829fa25452a46451e813d634d7f916-le64.cache-6
7f7e8c001000-7f7e8c002000 r--s 00000000 08:02 11410527                   /var/cache/fontconfig/0c9eb80ebd1c36541ebe2852d3bb0c49-le64.cache-6
7f7e8c002000-7f7e8c005000 r--s 00000000 08:02 11403360                   /var/cache/fontconfig/e13b20fdb08344e0e664864cc2ede53d-le64.cache-6
7f7e8c005000-7f7e8c009000 r--s 00000000 08:02 11403338                   /var/cache/fontconfig/7ef2298fde41cc6eeb7af42e48b7d293-le64.cache-6
7f7e8c009000-7f7e8c013000 r--s 00115000 08:02 1967540                    /home/glazen/jdk1.8.0_111/jre/lib/ext/localedata.jar
7f7e8c013000-7f7e8c02e000 r--s 0038e000 08:02 1967577                    /home/glazen/jdk1.8.0_111/jre/lib/ext/cldrdata.jar
7f7e8c02e000-7f7e8c039000 r--s 00000000 08:02 11403365                   /var/cache/fontconfig/945677eb7aeaf62f1d50efc3fb3ec7d8-le64.cache-6
7f7e8c039000-7f7e8c03f000 r--s 00000000 08:02 11410960                   /var/cache/fontconfig/2cd17615ca594fa2959ae173292e504c-le64.cache-6
7f7e8c03f000-7f7e8c040000 r--s 00000000 08:02 11410959                   /var/cache/fontconfig/0d8c3b2ac0904cb8a57a757ad11a4a08-le64.cache-6
7f7e8c040000-7f7e8c055000 r--s 00000000 08:02 11410933                   /var/cache/fontconfig/04aabc0a78ac019cf9454389977116d2-le64.cache-6
7f7e8c055000-7f7e8c056000 r--s 00000000 08:02 11410894                   /var/cache/fontconfig/1ac9eb803944fde146138c791f5cc56a-le64.cache-6
7f7e8c056000-7f7e8c05a000 r--s 00000000 08:02 11410893                   /var/cache/fontconfig/385c0604a188198f04d133e54aba7fe7-le64.cache-6
7f7e8c05a000-7f7e8c05b000 r--s 00000000 08:02 11410794                   /var/cache/fontconfig/dc05db6664285cc2f12bf69c139ae4c3-le64.cache-6
7f7e8c05b000-7f7e8c05e000 r--s 00000000 08:02 11410791                   /var/cache/fontconfig/767a8244fc0220cfb567a839d0392e0b-le64.cache-6
7f7e8c05e000-7f7e8c05f000 r--s 00000000 08:02 11410790                   /var/cache/fontconfig/4794a0821666d79190d59a36cb4f44b5-le64.cache-6
7f7e8c05f000-7f7e8c086000 r--s 00000000 08:02 11410785                   /var/cache/fontconfig/0bd3dc0958fa2205aaaa8ebb13e2872b-le64.cache-6
7f7e8c086000-7f7e8c08b000 r--s 00000000 08:02 11410784                   /var/cache/fontconfig/8801497958630a81b71ace7c5f9b32a8-le64.cache-6
7f7e8c08b000-7f7e8c08c000 r--s 00000000 08:02 11410595                   /var/cache/fontconfig/bab58bb527bb656aaa9f116d68a48d89-le64.cache-6
7f7e8c08c000-7f7e8c093000 r--s 00000000 08:02 11410594                   /var/cache/fontconfig/3047814df9a2f067bd2d96a2b9c36e5a-le64.cache-6
7f7e8c093000-7f7e8c094000 r--s 00000000 08:02 11410593                   /var/cache/fontconfig/56cf4f4769d0f4abc89a4895d7bd3ae1-le64.cache-6
7f7e8c094000-7f7e8c095000 r--s 00000000 08:02 11410592                   /var/cache/fontconfig/b9d506c9ac06c20b433354fa67a72993-le64.cache-6
7f7e8c095000-7f7e8c09b000 r--s 00000000 08:02 11410591                   /var/cache/fontconfig/b47c4e1ecd0709278f4910c18777a504-le64.cache-6
7f7e8c09b000-7f7e8c0ae000 r--s 00000000 08:02 11410585                   /var/cache/fontconfig/d52a8644073d54c13679302ca1180695-le64.cache-6
7f7e8c0ae000-7f7e8c0af000 r--s 00000000 08:02 11410584                   /var/cache/fontconfig/551ecf3b0e8b0bca0f25c0944f561853-le64.cache-6
7f7e8c0af000-7f7e8c0b3000 r--s 00000000 08:02 11410532                   /var/cache/fontconfig/d589a48862398ed80a3d6066f4f56f4c-le64.cache-6
7f7e8c0b3000-7f7e8c0b4000 r--s 00000000 08:02 11410531                   /var/cache/fontconfig/30829fa25452a46451e813d634d7f916-le64.cache-6
7f7e8c0b4000-7f7e8c0b5000 r--s 00000000 08:02 11410527                   /var/cache/fontconfig/0c9eb80ebd1c36541ebe2852d3bb0c49-le64.cache-6
7f7e8c0b5000-7f7e8c0b8000 r--s 00000000 08:02 11410321                   /var/cache/fontconfig/75114ca45c98e8a441da0ff356701271-le64.cache-6
7f7e8c0b8000-7f7e8c0c3000 r--s 00000000 08:02 11410320                   /var/cache/fontconfig/83bf95040141907cd45bb53cf7c1c148-le64.cache-6
7f7e8c0c3000-7f7e8c0d5000 r--s 00000000 08:02 11403344                   /var/cache/fontconfig/9b89f8e3dae116d678bbf48e5f21f69b-le64.cache-6
7f7e8c0d5000-7f7e8c0d8000 r--s 00000000 08:02 11403360                   /var/cache/fontconfig/e13b20fdb08344e0e664864cc2ede53d-le64.cache-6
7f7e8c0d8000-7f7e8c0dc000 r--s 00000000 08:02 11403338                   /var/cache/fontconfig/7ef2298fde41cc6eeb7af42e48b7d293-le64.cache-6
7f7e8c0dc000-7f7e8c0df000 r--s 00011000 08:02 2228825                    /home/glazen/Desktop/Java_Project-master/lib/servlet.jar
7f7e8c0df000-7f7e8c0e2000 r--s 0001b000 08:02 2228823                    /home/glazen/Desktop/Java_Project-master/lib/junit.jar
7f7e8c0e2000-7f7e8c0f3000 r--s 0014c000 08:02 2228821                    /home/glazen/Desktop/Java_Project-master/lib/jfreechart-1.0.13.jar
7f7e8c0f3000-7f7e8cfd4000 rw-p 00000000 00:00 0 
7f7e8cfd4000-7f7e8d1ac000 r--s 03d2a000 08:02 1967891                    /home/glazen/jdk1.8.0_111/jre/lib/rt.jar
7f7e8d1ac000-7f7e8ddfa000 rw-p 00000000 00:00 0 
7f7e8ddfa000-7f7e8ddfb000 ---p 00000000 00:00 0 
7f7e8ddfb000-7f7e8defb000 rw-p 00000000 00:00 0 
7f7e8defb000-7f7e8defc000 ---p 00000000 00:00 0 
7f7e8defc000-7f7e8dffc000 rw-p 00000000 00:00 0 
7f7e8dffc000-7f7e8dffd000 ---p 00000000 00:00 0 
7f7e8dffd000-7f7e8e0fd000 rw-p 00000000 00:00 0 
7f7e8e0fd000-7f7e8e0fe000 ---p 00000000 00:00 0 
7f7e8e0fe000-7f7e8e48e000 rw-p 00000000 00:00 0 
7f7e8e48e000-7f7e8e71e000 rw-p 00000000 00:00 0 
7f7e8e71e000-7f7e8e75d000 rw-p 00000000 00:00 0 
7f7e8e75d000-7f7e8e866000 ---p 00000000 00:00 0 
7f7e8e866000-7f7e8e88d000 rw-p 00000000 00:00 0 
7f7e8e88d000-7f7e8ec27000 ---p 00000000 00:00 0 
7f7e8ec27000-7f7e8ec41000 r-xp 00000000 08:02 1967755                    /home/glazen/jdk1.8.0_111/jre/lib/amd64/libzip.so
7f7e8ec41000-7f7e8ee41000 ---p 0001a000 08:02 1967755                    /home/glazen/jdk1.8.0_111/jre/lib/amd64/libzip.so
7f7e8ee41000-7f7e8ee42000 rw-p 0001a000 08:02 1967755                    /home/glazen/jdk1.8.0_111/jre/lib/amd64/libzip.so
7f7e8ee42000-7f7e8ee4d000 r-xp 00000000 08:02 9048533                    /lib/x86_64-linux-gnu/libnss_files-2.23.so
7f7e8ee4d000-7f7e8f04c000 ---p 0000b000 08:02 9048533                    /lib/x86_64-linux-gnu/libnss_files-2.23.so
7f7e8f04c000-7f7e8f04d000 r--p 0000a000 08:02 9048533                    /lib/x86_64-linux-gnu/libnss_files-2.23.so
7f7e8f04d000-7f7e8f04e000 rw-p 0000b000 08:02 9048533                    /lib/x86_64-linux-gnu/libnss_files-2.23.so
7f7e8f04e000-7f7e8f054000 rw-p 00000000 00:00 0 
7f7e8f054000-7f7e8f05f000 r-xp 00000000 08:02 9048543                    /lib/x86_64-linux-gnu/libnss_nis-2.23.so
7f7e8f05f000-7f7e8f25e000 ---p 0000b000 08:02 9048543                    /lib/x86_64-linux-gnu/libnss_nis-2.23.so
7f7e8f25e000-7f7e8f25f000 r--p 0000a000 08:02 9048543                    /lib/x86_64-linux-gnu/libnss_nis-2.23.so
7f7e8f25f000-7f7e8f260000 rw-p 0000b000 08:02 9048543                    /lib/x86_64-linux-gnu/libnss_nis-2.23.so
7f7e8f260000-7f7e8f276000 r-xp 00000000 08:02 9048527                    /lib/x86_64-linux-gnu/libnsl-2.23.so
7f7e8f276000-7f7e8f475000 ---p 00016000 08:02 9048527                    /lib/x86_64-linux-gnu/libnsl-2.23.so
7f7e8f475000-7f7e8f476000 r--p 00015000 08:02 9048527                    /lib/x86_64-linux-gnu/libnsl-2.23.so
7f7e8f476000-7f7e8f477000 rw-p 00016000 08:02 9048527                    /lib/x86_64-linux-gnu/libnsl-2.23.so
7f7e8f477000-7f7e8f479000 rw-p 00000000 00:00 0 
7f7e8f479000-7f7e8f481000 r-xp 00000000 08:02 9048529                    /lib/x86_64-linux-gnu/libnss_compat-2.23.so
7f7e8f481000-7f7e8f680000 ---p 00008000 08:02 9048529                    /lib/x86_64-linux-gnu/libnss_compat-2.23.so
7f7e8f680000-7f7e8f681000 r--p 00007000 08:02 9048529                    /lib/x86_64-linux-gnu/libnss_compat-2.23.so
7f7e8f681000-7f7e8f682000 rw-p 00008000 08:02 9048529                    /lib/x86_64-linux-gnu/libnss_compat-2.23.so
7f7e8f682000-7f7e8f6ad000 r-xp 00000000 08:02 1967728                    /home/glazen/jdk1.8.0_111/jre/lib/amd64/libjava.so
7f7e8f6ad000-7f7e8f8ac000 ---p 0002b000 08:02 1967728                    /home/glazen/jdk1.8.0_111/jre/lib/amd64/libjava.so
7f7e8f8ac000-7f7e8f8ae000 rw-p 0002a000 08:02 1967728                    /home/glazen/jdk1.8.0_111/jre/lib/amd64/libjava.so
7f7e8f8ae000-7f7e8f8bb000 r-xp 00000000 08:02 1967691                    /home/glazen/jdk1.8.0_111/jre/lib/amd64/libverify.so
7f7e8f8bb000-7f7e8faba000 ---p 0000d000 08:02 1967691                    /home/glazen/jdk1.8.0_111/jre/lib/amd64/libverify.so
7f7e8faba000-7f7e8fabc000 rw-p 0000c000 08:02 1967691                    /home/glazen/jdk1.8.0_111/jre/lib/amd64/libverify.so
7f7e8fabc000-7f7e8fac3000 r-xp 00000000 08:02 9048588                    /lib/x86_64-linux-gnu/librt-2.23.so
7f7e8fac3000-7f7e8fcc2000 ---p 00007000 08:02 9048588                    /lib/x86_64-linux-gnu/librt-2.23.so
7f7e8fcc2000-7f7e8fcc3000 r--p 00006000 08:02 9048588                    /lib/x86_64-linux-gnu/librt-2.23.so
7f7e8fcc3000-7f7e8fcc4000 rw-p 00007000 08:02 9048588                    /lib/x86_64-linux-gnu/librt-2.23.so
7f7e8fcc4000-7f7e8fdcc000 r-xp 00000000 08:02 9048504                    /lib/x86_64-linux-gnu/libm-2.23.so
7f7e8fdcc000-7f7e8ffcb000 ---p 00108000 08:02 9048504                    /lib/x86_64-linux-gnu/libm-2.23.so
7f7e8ffcb000-7f7e8ffcc000 r--p 00107000 08:02 9048504                    /lib/x86_64-linux-gnu/libm-2.23.so
7f7e8ffcc000-7f7e8ffcd000 rw-p 00108000 08:02 9048504                    /lib/x86_64-linux-gnu/libm-2.23.so
7f7e8ffcd000-7f7e90c9a000 r-xp 00000000 08:02 1967606                    /home/glazen/jdk1.8.0_111/jre/lib/amd64/server/libjvm.so
7f7e90c9a000-7f7e90e99000 ---p 00ccd000 08:02 1967606                    /home/glazen/jdk1.8.0_111/jre/lib/amd64/server/libjvm.so
7f7e90e99000-7f7e90f72000 rw-p 00ccc000 08:02 1967606                    /home/glazen/jdk1.8.0_111/jre/lib/amd64/server/libjvm.so
7f7e90f72000-7f7e90fbd000 rw-p 00000000 00:00 0 
7f7e90fbd000-7f7e9117d000 r-xp 00000000 08:02 9048434                    /lib/x86_64-linux-gnu/libc-2.23.so
7f7e9117d000-7f7e9137c000 ---p 001c0000 08:02 9048434                    /lib/x86_64-linux-gnu/libc-2.23.so
7f7e9137c000-7f7e91380000 r--p 001bf000 08:02 9048434                    /lib/x86_64-linux-gnu/libc-2.23.so
7f7e91380000-7f7e91382000 rw-p 001c3000 08:02 9048434                    /lib/x86_64-linux-gnu/libc-2.23.so
7f7e91382000-7f7e91386000 rw-p 00000000 00:00 0 
7f7e91386000-7f7e91389000 r-xp 00000000 08:02 9048458                    /lib/x86_64-linux-gnu/libdl-2.23.so
7f7e91389000-7f7e91588000 ---p 00003000 08:02 9048458                    /lib/x86_64-linux-gnu/libdl-2.23.so
7f7e91588000-7f7e91589000 r--p 00002000 08:02 9048458                    /lib/x86_64-linux-gnu/libdl-2.23.so
7f7e91589000-7f7e9158a000 rw-p 00003000 08:02 9048458                    /lib/x86_64-linux-gnu/libdl-2.23.so
7f7e9158a000-7f7e9159f000 r-xp 00000000 08:02 1967670                    /home/glazen/jdk1.8.0_111/jre/lib/amd64/jli/libjli.so
7f7e9159f000-7f7e9179f000 ---p 00015000 08:02 1967670                    /home/glazen/jdk1.8.0_111/jre/lib/amd64/jli/libjli.so
7f7e9179f000-7f7e917a0000 rw-p 00015000 08:02 1967670                    /home/glazen/jdk1.8.0_111/jre/lib/amd64/jli/libjli.so
7f7e917a0000-7f7e917b8000 r-xp 00000000 08:02 9048580                    /lib/x86_64-linux-gnu/libpthread-2.23.so
7f7e917b8000-7f7e919b7000 ---p 00018000 08:02 9048580                    /lib/x86_64-linux-gnu/libpthread-2.23.so
7f7e919b7000-7f7e919b8000 r--p 00017000 08:02 9048580                    /lib/x86_64-linux-gnu/libpthread-2.23.so
7f7e919b8000-7f7e919b9000 rw-p 00018000 08:02 9048580                    /lib/x86_64-linux-gnu/libpthread-2.23.so
7f7e919b9000-7f7e919bd000 rw-p 00000000 00:00 0 
7f7e919bd000-7f7e919e3000 r-xp 00000000 08:02 9048406                    /lib/x86_64-linux-gnu/ld-2.23.so
7f7e919e3000-7f7e919e4000 r--s 00006000 08:02 2228822                    /home/glazen/Desktop/Java_Project-master/lib/jpcap.jar
7f7e919e4000-7f7e919f1000 r--s 000fa000 08:02 2228820                    /home/glazen/Desktop/Java_Project-master/lib/jfreechart-1.0.1.jar
7f7e919f1000-7f7e919f7000 r--s 0004a000 08:02 2228818                    /home/glazen/Desktop/Java_Project-master/lib/jcommon-1.0.23.jar
7f7e919f7000-7f7e919fd000 r--s 00046000 08:02 2228817                    /home/glazen/Desktop/Java_Project-master/lib/jcommon-1.0.16.jar
7f7e919fd000-7f7e91ac8000 rw-p 00000000 00:00 0 
7f7e91ac8000-7f7e91acb000 ---p 00000000 00:00 0 
7f7e91acb000-7f7e91bcd000 rw-p 00000000 00:00 0 
7f7e91bcd000-7f7e91bd1000 r--s 00028000 08:02 2228819                    /home/glazen/Desktop/Java_Project-master/lib/jcommon-xml-1.0.23.jar
7f7e91bd1000-7f7e91bd6000 r--s 00043000 08:02 2228815                    /home/glazen/Desktop/Java_Project-master/lib/jcommon-1.0.0.jar
7f7e91bd6000-7f7e91bde000 rw-s 00000000 08:02 3674917                    /tmp/hsperfdata_glazen/6947
7f7e91bde000-7f7e91bdf000 rw-p 00000000 00:00 0 
7f7e91bdf000-7f7e91be0000 ---p 00000000 00:00 0 
7f7e91be0000-7f7e91be2000 rw-p 00000000 00:00 0 
7f7e91be2000-7f7e91be3000 r--p 00025000 08:02 9048406                    /lib/x86_64-linux-gnu/ld-2.23.so
7f7e91be3000-7f7e91be4000 rw-p 00026000 08:02 9048406                    /lib/x86_64-linux-gnu/ld-2.23.so
7f7e91be4000-7f7e91be5000 rw-p 00000000 00:00 0 
7ffe1a0d6000-7ffe1a0f7000 rw-p 00000000 00:00 0                          [stack]
7ffe1a124000-7ffe1a126000 r--p 00000000 00:00 0                          [vvar]
7ffe1a126000-7ffe1a128000 r-xp 00000000 00:00 0                          [vdso]
ffffffffff600000-ffffffffff601000 r-xp 00000000 00:00 0                  [vsyscall]

VM Arguments:
jvm_args: -Dfile.encoding=UTF-8 
java_command: Server.ServerUI
java_class_path (initial): /home/glazen/Desktop/Java_Project-master/lib/jcommon-1.0.0.jar:/home/glazen/Desktop/Java_Project-master/lib/jcommon-1.0.16.jar:/home/glazen/Desktop/Java_Project-master/lib/jcommon-1.0.23.jar:/home/glazen/Desktop/Java_Project-master/lib/jcommon-xml-1.0.23.jar:/home/glazen/Desktop/Java_Project-master/lib/jfreechart-1.0.1.jar:/home/glazen/Desktop/Java_Project-master/lib/jfreechart-1.0.13.jar:/home/glazen/Desktop/Java_Project-master/lib/jpcap.jar:/home/glazen/Desktop/Java_Project-master/lib/junit.jar:/home/glazen/Desktop/Java_Project-master/lib/servlet.jar:/home/glazen/Desktop/Java_Project-master/build/classes
Launcher Type: SUN_STANDARD

Environment Variables:
PATH=/usr/local/sbin:/usr/local/bin:/usr/sbin:/usr/bin:/sbin:/bin:/usr/games:/usr/local/games:/snap/bin
LD_LIBRARY_PATH=/home/glazen/jdk1.8.0_111/jre/lib/amd64:/home/glazen/jdk1.8.0_111/jre/lib/i386:
SHELL=/bin/bash
DISPLAY=:0.0

Signal Handlers:
SIGSEGV: [libjvm.so+0xac64b0], sa_mask[0]=11111111011111111101111111111110, sa_flags=SA_RESTART|SA_SIGINFO
SIGBUS: [libjvm.so+0xac64b0], sa_mask[0]=11111111011111111101111111111110, sa_flags=SA_RESTART|SA_SIGINFO
SIGFPE: [libjvm.so+0x91f950], sa_mask[0]=11111111011111111101111111111110, sa_flags=SA_RESTART|SA_SIGINFO
SIGPIPE: [libjvm.so+0x91f950], sa_mask[0]=11111111011111111101111111111110, sa_flags=SA_RESTART|SA_SIGINFO
SIGXFSZ: [libjvm.so+0x91f950], sa_mask[0]=11111111011111111101111111111110, sa_flags=SA_RESTART|SA_SIGINFO
SIGILL: [libjvm.so+0x91f950], sa_mask[0]=11111111011111111101111111111110, sa_flags=SA_RESTART|SA_SIGINFO
SIGUSR1: SIG_DFL, sa_mask[0]=00000000000000000000000000000000, sa_flags=none
SIGUSR2: [libjvm.so+0x920f80], sa_mask[0]=00100000000000000000000000000000, sa_flags=SA_RESTART|SA_SIGINFO
SIGHUP: [libjvm.so+0x922380], sa_mask[0]=11111111011111111101111111111110, sa_flags=SA_RESTART|SA_SIGINFO
SIGINT: SIG_IGN, sa_mask[0]=00000000000000000000000000000000, sa_flags=none
SIGTERM: [libjvm.so+0x922380], sa_mask[0]=11111111011111111101111111111110, sa_flags=SA_RESTART|SA_SIGINFO
SIGQUIT: [libjvm.so+0x922380], sa_mask[0]=11111111011111111101111111111110, sa_flags=SA_RESTART|SA_SIGINFO


---------------  S Y S T E M  ---------------

OS:DISTRIB_ID=Ubuntu
DISTRIB_RELEASE=16.04
DISTRIB_CODENAME=xenial
DISTRIB_DESCRIPTION="Ubuntu 16.04 LTS"

uname:Linux 4.4.0-62-generic #83-Ubuntu SMP Wed Jan 18 14:10:15 UTC 2017 x86_64
libc:glibc 2.23 NPTL 2.23 
rlimit: STACK 8192k, CORE 0k, NPROC 31238, NOFILE 65536, AS infinity
load average:0,01 0,01 0,03

/proc/meminfo:
MemTotal:        8052760 kB
MemFree:         5537096 kB
MemAvailable:    6332452 kB
Buffers:           98772 kB
Cached:           941780 kB
SwapCached:            0 kB
Active:          1876308 kB
Inactive:         457880 kB
Active(anon):    1295036 kB
Inactive(anon):    61232 kB
Active(file):     581272 kB
Inactive(file):   396648 kB
Unevictable:          32 kB
Mlocked:              32 kB
SwapTotal:       8266748 kB
SwapFree:        8266748 kB
Dirty:                40 kB
Writeback:             0 kB
AnonPages:       1301856 kB
Mapped:           139400 kB
Shmem:             62636 kB
Slab:             104640 kB
SReclaimable:      76784 kB
SUnreclaim:        27856 kB
KernelStack:        5808 kB
PageTables:        21188 kB
NFS_Unstable:          0 kB
Bounce:                0 kB
WritebackTmp:          0 kB
CommitLimit:    12293128 kB
Committed_AS:    3939960 kB
VmallocTotal:   34359738367 kB
VmallocUsed:           0 kB
VmallocChunk:          0 kB
HardwareCorrupted:     0 kB
AnonHugePages:    970752 kB
CmaTotal:              0 kB
CmaFree:               0 kB
HugePages_Total:       0
HugePages_Free:        0
HugePages_Rsvd:        0
HugePages_Surp:        0
Hugepagesize:       2048 kB
DirectMap4k:       99356 kB
DirectMap2M:     8167424 kB


CPU:total 4 (4 cores per cpu, 1 threads per core) family 6 model 42 stepping 7, cmov, cx8, fxsr, mmx, sse, sse2, sse3, ssse3, sse4.1, sse4.2, popcnt, avx, aes, clmul, tsc, tscinvbit

/proc/cpuinfo:
processor	: 0
vendor_id	: GenuineIntel
cpu family	: 6
model		: 42
model name	: Intel(R) Core(TM) i5-2320 CPU @ 3.00GHz
stepping	: 7
microcode	: 0x29
cpu MHz		: 1853.203
cache size	: 6144 KB
physical id	: 0
siblings	: 4
core id		: 0
cpu cores	: 4
apicid		: 0
initial apicid	: 0
fpu		: yes
fpu_exception	: yes
cpuid level	: 13
wp		: yes
flags		: fpu vme de pse tsc msr pae mce cx8 apic sep mtrr pge mca cmov pat pse36 clflush dts acpi mmx fxsr sse sse2 ss ht tm pbe syscall nx rdtscp lm constant_tsc arch_perfmon pebs bts rep_good nopl xtopology nonstop_tsc aperfmperf eagerfpu pni pclmulqdq dtes64 monitor ds_cpl vmx est tm2 ssse3 cx16 xtpr pdcm pcid sse4_1 sse4_2 popcnt tsc_deadline_timer aes xsave avx lahf_lm epb tpr_shadow vnmi flexpriority ept vpid xsaveopt dtherm ida arat pln pts
bugs		:
bogomips	: 5985.93
clflush size	: 64
cache_alignment	: 64
address sizes	: 36 bits physical, 48 bits virtual
power management:

processor	: 1
vendor_id	: GenuineIntel
cpu family	: 6
model		: 42
model name	: Intel(R) Core(TM) i5-2320 CPU @ 3.00GHz
stepping	: 7
microcode	: 0x29
cpu MHz		: 2993.906
cache size	: 6144 KB
physical id	: 0
siblings	: 4
core id		: 1
cpu cores	: 4
apicid		: 2
initial apicid	: 2
fpu		: yes
fpu_exception	: yes
cpuid level	: 13
wp		: yes
flags		: fpu vme de pse tsc msr pae mce cx8 apic sep mtrr pge mca cmov pat pse36 clflush dts acpi mmx fxsr sse sse2 ss ht tm pbe syscall nx rdtscp lm constant_tsc arch_perfmon pebs bts rep_good nopl xtopology nonstop_tsc aperfmperf eagerfpu pni pclmulqdq dtes64 monitor ds_cpl vmx est tm2 ssse3 cx16 xtpr pdcm pcid sse4_1 sse4_2 popcnt tsc_deadline_timer aes xsave avx lahf_lm epb tpr_shadow vnmi flexpriority ept vpid xsaveopt dtherm ida arat pln pts
bugs		:
bogomips	: 5985.93
clflush size	: 64
cache_alignment	: 64
address sizes	: 36 bits physical, 48 bits virtual
power management:

processor	: 2
vendor_id	: GenuineIntel
cpu family	: 6
model		: 42
model name	: Intel(R) Core(TM) i5-2320 CPU @ 3.00GHz
stepping	: 7
microcode	: 0x29
cpu MHz		: 2471.953
cache size	: 6144 KB
physical id	: 0
siblings	: 4
core id		: 2
cpu cores	: 4
apicid		: 4
initial apicid	: 4
fpu		: yes
fpu_exception	: yes
cpuid level	: 13
wp		: yes
flags		: fpu vme de pse tsc msr pae mce cx8 apic sep mtrr pge mca cmov pat pse36 clflush dts acpi mmx fxsr sse sse2 ss ht tm pbe syscall nx rdtscp lm constant_tsc arch_perfmon pebs bts rep_good nopl xtopology nonstop_tsc aperfmperf eagerfpu pni pclmulqdq dtes64 monitor ds_cpl vmx est tm2 ssse3 cx16 xtpr pdcm pcid sse4_1 sse4_2 popcnt tsc_deadline_timer aes xsave avx lahf_lm epb tpr_shadow vnmi flexpriority ept vpid xsaveopt dtherm ida arat pln pts
bugs		:
bogomips	: 5985.93
clflush size	: 64
cache_alignment	: 64
address sizes	: 36 bits physical, 48 bits virtual
power management:

processor	: 3
vendor_id	: GenuineIntel
cpu family	: 6
model		: 42
model name	: Intel(R) Core(TM) i5-2320 CPU @ 3.00GHz
stepping	: 7
microcode	: 0x29
cpu MHz		: 2683.242
cache size	: 6144 KB
physical id	: 0
siblings	: 4
core id		: 3
cpu cores	: 4
apicid		: 6
initial apicid	: 6
fpu		: yes
fpu_exception	: yes
cpuid level	: 13
wp		: yes
flags		: fpu vme de pse tsc msr pae mce cx8 apic sep mtrr pge mca cmov pat pse36 clflush dts acpi mmx fxsr sse sse2 ss ht tm pbe syscall nx rdtscp lm constant_tsc arch_perfmon pebs bts rep_good nopl xtopology nonstop_tsc aperfmperf eagerfpu pni pclmulqdq dtes64 monitor ds_cpl vmx est tm2 ssse3 cx16 xtpr pdcm pcid sse4_1 sse4_2 popcnt tsc_deadline_timer aes xsave avx lahf_lm epb tpr_shadow vnmi flexpriority ept vpid xsaveopt dtherm ida arat pln pts
bugs		:
bogomips	: 5985.93
clflush size	: 64
cache_alignment	: 64
address sizes	: 36 bits physical, 48 bits virtual
power management:



Memory: 4k page, physical 8052760k(5537096k free), swap 8266748k(8266748k free)

vm_info: Java HotSpot(TM) 64-Bit Server VM (25.111-b14) for linux-amd64 JRE (1.8.0_111-b14), built on Sep 22 2016 16:14:03 by "java_re" with gcc 4.3.0 20080428 (Red Hat 4.3.0-8)

time: Thu Feb  9 03:48:28 2017
elapsed time: 33111 seconds (0d 9h 11m 51s)

