#
# A fatal error has been detected by the Java Runtime Environment:
#
#  SIGSEGV (0xb) at pc=0x00007fd39f781613, pid=11731, tid=0x00007fd39cd1e700
#
# JRE version: Java(TM) SE Runtime Environment (8.0_111-b14) (build 1.8.0_111-b14)
# Java VM: Java HotSpot(TM) 64-Bit Server VM (25.111-b14 mixed mode linux-amd64 compressed oops)
# Problematic frame:
# V  [libjvm.so+0x990613]  StealTask::do_it(GCTaskManager*, unsigned int)+0x113
#
# Failed to write core dump. Core dumps have been disabled. To enable core dumping, try "ulimit -c unlimited" before starting Java again
#
# If you would like to submit a bug report, please visit:
#   http://bugreport.java.com/bugreport/crash.jsp
#

---------------  T H R E A D  ---------------

Current thread (0x00007fd398024800):  GCTaskThread [stack: 0x00007fd39cc1e000,0x00007fd39cd1f000] [id=11739]

siginfo: si_signo: 11 (SIGSEGV), si_code: 1 (SEGV_MAPERR), si_addr: 0x0000000000340031

Registers:
RAX=0x0000000000340031, RBX=0x0000000086b080c4, RCX=0x0000000000000000, RDX=0x0000000000000001
RSP=0x00007fd39cd1dda0, RBP=0x00007fd39cd1ddf0, RSI=0x0000000000340031, RDI=0x0000000000000000
R8 =0x003316850001171f, R9 =0x00007fd39fdb4390, R10=0x00007fd39fda5159, R11=0x00007fd39ff768f0
R12=0x00007fd39fd80c70, R13=0x0000000000000003, R14=0x00007fd39cd1ddb0, R15=0x00007fd39cd1ddbc
RIP=0x00007fd39f781613, EFLAGS=0x0000000000010202, CSGSFS=0x0000000000000033, ERR=0x0000000000000004
  TRAPNO=0x000000000000000e

Top of Stack: (sp=0x00007fd39cd1dda0)
0x00007fd39cd1dda0:   00007fd36046e360 00007fd398075340
0x00007fd39cd1ddb0:   0000000086b080c5 5c2922d69f3c75a7
0x00007fd39cd1ddc0:   00007fd39cd1ddf0 00007fd36046e360
0x00007fd39cd1ddd0:   00007fd398024800 0000000000000001
0x00007fd39cd1dde0:   00007fd398024c30 00007fd39f942943
0x00007fd39cd1ddf0:   00007fd39cd1df00 00007fd39f3c829f
0x00007fd39cd1de00:   0000000000000000 00007fd39cd1de40
0x00007fd39cd1de10:   00007fd39cd1dec0 0000000000000000
0x00007fd39cd1de20:   00007fd398024c70 00007fd398024c80
0x00007fd39cd1de30:   00007fd398025058 00000000000003d8
0x00007fd39cd1de40:   00007fd398024800 00007fd398025060
0x00007fd39cd1de50:   00007fd3980250a0 00007fd3980250b0
0x00007fd39cd1de60:   00007fd398025188 00000000000000d8
0x00007fd39cd1de70:   00007fd39cd1de80 00007fd39f6d0097
0x00007fd39cd1de80:   00007fd398024800 00007fd398025060
0x00007fd39cd1de90:   00007fd3980250a0 00007fd3980250b0
0x00007fd39cd1dea0:   00007fd398025188 00000000000000d8
0x00007fd39cd1deb0:   00007fd3980252c0 00007fd39f6d0956
0x00007fd39cd1dec0:   0000000000000000 00007fd398024800
0x00007fd39cd1ded0:   00007fd39cd1df00 0000000000000000
0x00007fd39cd1dee0:   00007fd398025c30 00007fd398025b40
0x00007fd39cd1def0:   00007fd398024800 0000000000000000
0x00007fd39cd1df00:   00007fd39cd1df50 00007fd39f715ea8
0x00007fd39cd1df10:   0000000000000000 0000000000000000
0x00007fd39cd1df20:   0000000000000000 0000000000000000
0x00007fd39cd1df30:   0000000000000000 00007fd3a09eb77f
0x00007fd39cd1df40:   00007fd39cd1e9c0 0000000000000000
0x00007fd39cd1df50:   0000000000000000 00007fd3a05cb6fa
0x00007fd39cd1df60:   0000000000000000 00007fd39cd1e700
0x00007fd39cd1df70:   00007fd39cd1e700 690571287300e7a7
0x00007fd39cd1df80:   0000000000000000 00007fd3a09eb77f
0x00007fd39cd1df90:   00007fd39cd1e9c0 0000000000000000 

Instructions: (pc=0x00007fd39f781613)
0x00007fd39f7815f3:   01 00 00 4c 8b 25 73 cb 5d 00 48 83 e3 fe 8b 03
0x00007fd39f781603:   41 8b 4c 24 08 49 8b 3c 24 48 d3 e0 48 8d 34 07
0x00007fd39f781613:   48 8b 06 83 e0 03 48 83 f8 03 0f 85 ca 01 00 00
0x00007fd39f781623:   48 8b 05 1e 12 5e 00 48 8b 36 80 38 00 74 11 48 

Register to memory mapping:

RAX=0x0000000000340031 is an unknown value
RBX=0x0000000086b080c4 is pointing into object: 0x0000000086b08078
[C 
 - klass: {type array char}
 - length: 39
RCX=0x0000000000000000 is an unknown value
RDX=0x0000000000000001 is an unknown value
RSP=0x00007fd39cd1dda0 is an unknown value
RBP=0x00007fd39cd1ddf0 is an unknown value
RSI=0x0000000000340031 is an unknown value
RDI=0x0000000000000000 is an unknown value
R8 =0x003316850001171f is an unknown value
R9 =0x00007fd39fdb4390: <offset 0xfc3390> in /home/glazen/jdk1.8.0_111/jre/lib/amd64/server/libjvm.so at 0x00007fd39edf1000
R10=0x00007fd39fda5159: <offset 0xfb4159> in /home/glazen/jdk1.8.0_111/jre/lib/amd64/server/libjvm.so at 0x00007fd39edf1000
R11=0x00007fd39ff768f0: <offset 0x1958f0> in /lib/x86_64-linux-gnu/libc.so.6 at 0x00007fd39fde1000
R12=0x00007fd39fd80c70: <offset 0xf8fc70> in /home/glazen/jdk1.8.0_111/jre/lib/amd64/server/libjvm.so at 0x00007fd39edf1000
R13=0x0000000000000003 is an unknown value
R14=0x00007fd39cd1ddb0 is an unknown value
R15=0x00007fd39cd1ddbc is an unknown value


Stack: [0x00007fd39cc1e000,0x00007fd39cd1f000],  sp=0x00007fd39cd1dda0,  free space=1023k
Native frames: (J=compiled Java code, j=interpreted, Vv=VM code, C=native code)
V  [libjvm.so+0x990613]  StealTask::do_it(GCTaskManager*, unsigned int)+0x113
V  [libjvm.so+0x5d729f]  GCTaskThread::run()+0x12f
V  [libjvm.so+0x924ea8]  java_start(Thread*)+0x108


---------------  P R O C E S S  ---------------

Java Threads: ( => current thread )
  0x00007fd3381f2000 JavaThread "Thread-0" [_thread_in_native, id=11754, stack(0x00007fd342f48000,0x00007fd343049000)]
  0x00007fd33808b000 JavaThread "TimerQueue" daemon [_thread_blocked, id=11753, stack(0x00007fd34397e000,0x00007fd343a7f000)]
  0x00007fd39800a000 JavaThread "DestroyJavaVM" [_thread_blocked, id=11734, stack(0x00007fd3a08ec000,0x00007fd3a09ed000)]
  0x00007fd398301000 JavaThread "AWT-EventQueue-0" [_thread_blocked, id=11752, stack(0x00007fd343eff000,0x00007fd344000000)]
  0x00007fd398347800 JavaThread "AWT-Shutdown" [_thread_blocked, id=11751, stack(0x00007fd378036000,0x00007fd378137000)]
  0x00007fd3982ca000 JavaThread "AWT-XAWT" daemon [_thread_in_native, id=11750, stack(0x00007fd378b6b000,0x00007fd378c6c000)]
  0x00007fd3982ad000 JavaThread "Java2D Disposer" daemon [_thread_blocked, id=11749, stack(0x00007fd37907c000,0x00007fd37917d000)]
  0x00007fd3980d3800 JavaThread "Service Thread" daemon [_thread_blocked, id=11747, stack(0x00007fd37add0000,0x00007fd37aed1000)]
  0x00007fd3980be800 JavaThread "C1 CompilerThread2" daemon [_thread_blocked, id=11746, stack(0x00007fd37aed1000,0x00007fd37afd2000)]
  0x00007fd3980bc800 JavaThread "C2 CompilerThread1" daemon [_thread_blocked, id=11745, stack(0x00007fd37afd2000,0x00007fd37b0d3000)]
  0x00007fd3980b9800 JavaThread "C2 CompilerThread0" daemon [_thread_blocked, id=11744, stack(0x00007fd37b0d3000,0x00007fd37b1d4000)]
  0x00007fd3980b8800 JavaThread "Signal Dispatcher" daemon [_thread_blocked, id=11743, stack(0x00007fd37b1d4000,0x00007fd37b2d5000)]
  0x00007fd398084000 JavaThread "Finalizer" daemon [_thread_blocked, id=11742, stack(0x00007fd37bcfd000,0x00007fd37bdfe000)]
  0x00007fd39807f800 JavaThread "Reference Handler" daemon [_thread_blocked, id=11741, stack(0x00007fd37bdfe000,0x00007fd37beff000)]

Other Threads:
  0x00007fd398078000 VMThread [stack: 0x00007fd37beff000,0x00007fd37c000000] [id=11740]
  0x00007fd3980d6800 WatcherThread [stack: 0x00007fd37accf000,0x00007fd37add0000] [id=11748]

=>0x00007fd398024800 (exited) GCTaskThread [stack: 0x00007fd39cc1e000,0x00007fd39cd1f000] [id=11739]

VM state:at safepoint (normal execution)

VM Mutex/Monitor currently owned by a thread:  ([mutex/lock_event])
[0x00007fd398006360] Threads_lock - owner thread: 0x00007fd398078000
[0x00007fd398006860] Heap_lock - owner thread: 0x00007fd398301000

Heap:
 PSYoungGen      total 23040K, used 21920K [0x00000000d7000000, 0x00000000d8880000, 0x0000000100000000)
  eden space 20992K, 100% used [0x00000000d7000000,0x00000000d8480000,0x00000000d8480000)
  from space 2048K, 45% used [0x00000000d8480000,0x00000000d8568000,0x00000000d8680000)
  to   space 2048K, 51% used [0x00000000d8680000,0x00000000d8788000,0x00000000d8880000)
 ParOldGen       total 84992K, used 42829K [0x0000000085000000, 0x000000008a300000, 0x00000000d7000000)
  object space 84992K, 50% used [0x0000000085000000,0x00000000879d3680,0x000000008a300000)
 Metaspace       used 18175K, capacity 18400K, committed 18560K, reserved 1064960K
  class space    used 2058K, capacity 2122K, committed 2176K, reserved 1048576K

Card table byte_map: [0x00007fd39d2b2000,0x00007fd39d68b000] byte_map_base: 0x00007fd39ce8a000

Marking Bits: (ParMarkBitMap*) 0x00007fd39fdb4220
 Begin Bits: [0x00007fd380280000, 0x00007fd382140000)
 End Bits:   [0x00007fd382140000, 0x00007fd384000000)

Polling page: 0x00007fd3a0a03000

CodeCache: size=245760Kb used=9434Kb max_used=9605Kb free=236325Kb
 bounds [0x00007fd389000000, 0x00007fd3899f0000, 0x00007fd398000000]
 total_blobs=3405 nmethods=2794 adapters=524
 compilation: enabled

Compilation events (10 events):
Event: 7459,357 Thread 0x00007fd3980bc800 nmethod 3449 0x00007fd38911e710 code [0x00007fd38911e860, 0x00007fd38911e8f8]
Event: 7459,366 Thread 0x00007fd3980bc800 3450       4       org.jfree.chart.plot.Plot::drawOutline (36 bytes)
Event: 7459,372 Thread 0x00007fd3980bc800 nmethod 3450 0x00007fd3893ec050 code [0x00007fd3893ec260, 0x00007fd3893ec8f0]
Event: 7459,386 Thread 0x00007fd3980b9800 nmethod 3447 0x00007fd389792090 code [0x00007fd389792420, 0x00007fd3897944c8]
Event: 7678,367 Thread 0x00007fd3980bc800 3451       4       org.jfree.chart.block.CenterArrangement::arrange (197 bytes)
Event: 7678,367 Thread 0x00007fd3980b9800 3452       4       org.jfree.chart.block.CenterArrangement::arrangeNN (48 bytes)
Event: 7678,369 Thread 0x00007fd3980b9800 nmethod 3452 0x00007fd38940d7d0 code [0x00007fd38940d960, 0x00007fd38940db58]
Event: 7678,369 Thread 0x00007fd3980b9800 3453       4       org.jfree.chart.block.BorderArrangement::arrange (252 bytes)
Event: 7678,371 Thread 0x00007fd3980bc800 nmethod 3451 0x00007fd389243e50 code [0x00007fd389243fe0, 0x00007fd389244258]
Event: 7678,374 Thread 0x00007fd3980b9800 nmethod 3453 0x00007fd389863e50 code [0x00007fd389864000, 0x00007fd389864358]

GC Heap History (10 events):
Event: 8124,436 GC heap after
Heap after GC invocations=3915 (full 0):
 PSYoungGen      total 23552K, used 96K [0x00000000d7000000, 0x00000000d8980000, 0x0000000100000000)
  eden space 20992K, 0% used [0x00000000d7000000,0x00000000d7000000,0x00000000d8480000)
  from space 2560K, 3% used [0x00000000d8480000,0x00000000d8498000,0x00000000d8700000)
  to   space 2560K, 0% used [0x00000000d8700000,0x00000000d8700000,0x00000000d8980000)
 ParOldGen       total 84992K, used 42733K [0x0000000085000000, 0x000000008a300000, 0x00000000d7000000)
  object space 84992K, 50% used [0x0000000085000000,0x00000000879bb680,0x000000008a300000)
 Metaspace       used 18175K, capacity 18400K, committed 18560K, reserved 1064960K
  class space    used 2058K, capacity 2122K, committed 2176K, reserved 1048576K
}
Event: 8125,438 GC heap before
{Heap before GC invocations=3916 (full 0):
 PSYoungGen      total 23552K, used 21088K [0x00000000d7000000, 0x00000000d8980000, 0x0000000100000000)
  eden space 20992K, 100% used [0x00000000d7000000,0x00000000d8480000,0x00000000d8480000)
  from space 2560K, 3% used [0x00000000d8480000,0x00000000d8498000,0x00000000d8700000)
  to   space 2560K, 0% used [0x00000000d8700000,0x00000000d8700000,0x00000000d8980000)
 ParOldGen       total 84992K, used 42733K [0x0000000085000000, 0x000000008a300000, 0x00000000d7000000)
  object space 84992K, 50% used [0x0000000085000000,0x00000000879bb680,0x000000008a300000)
 Metaspace       used 18175K, capacity 18400K, committed 18560K, reserved 1064960K
  class space    used 2058K, capacity 2122K, committed 2176K, reserved 1048576K
Event: 8125,440 GC heap after
Heap after GC invocations=3916 (full 0):
 PSYoungGen      total 23552K, used 288K [0x00000000d7000000, 0x00000000d8980000, 0x0000000100000000)
  eden space 20992K, 0% used [0x00000000d7000000,0x00000000d7000000,0x00000000d8480000)
  from space 2560K, 11% used [0x00000000d8700000,0x00000000d8748000,0x00000000d8980000)
  to   space 2560K, 0% used [0x00000000d8480000,0x00000000d8480000,0x00000000d8700000)
 ParOldGen       total 84992K, used 42741K [0x0000000085000000, 0x000000008a300000, 0x00000000d7000000)
  object space 84992K, 50% used [0x0000000085000000,0x00000000879bd680,0x000000008a300000)
 Metaspace       used 18175K, capacity 18400K, committed 18560K, reserved 1064960K
  class space    used 2058K, capacity 2122K, committed 2176K, reserved 1048576K
}
Event: 8126,441 GC heap before
{Heap before GC invocations=3917 (full 0):
 PSYoungGen      total 23552K, used 21280K [0x00000000d7000000, 0x00000000d8980000, 0x0000000100000000)
  eden space 20992K, 100% used [0x00000000d7000000,0x00000000d8480000,0x00000000d8480000)
  from space 2560K, 11% used [0x00000000d8700000,0x00000000d8748000,0x00000000d8980000)
  to   space 2560K, 0% used [0x00000000d8480000,0x00000000d8480000,0x00000000d8700000)
 ParOldGen       total 84992K, used 42741K [0x0000000085000000, 0x000000008a300000, 0x00000000d7000000)
  object space 84992K, 50% used [0x0000000085000000,0x00000000879bd680,0x000000008a300000)
 Metaspace       used 18175K, capacity 18400K, committed 18560K, reserved 1064960K
  class space    used 2058K, capacity 2122K, committed 2176K, reserved 1048576K
Event: 8126,443 GC heap after
Heap after GC invocations=3917 (full 0):
 PSYoungGen      total 21504K, used 512K [0x00000000d7000000, 0x00000000d8880000, 0x0000000100000000)
  eden space 20992K, 0% used [0x00000000d7000000,0x00000000d7000000,0x00000000d8480000)
  from space 512K, 100% used [0x00000000d8480000,0x00000000d8500000,0x00000000d8500000)
  to   space 2048K, 0% used [0x00000000d8680000,0x00000000d8680000,0x00000000d8880000)
 ParOldGen       total 84992K, used 42749K [0x0000000085000000, 0x000000008a300000, 0x00000000d7000000)
  object space 84992K, 50% used [0x0000000085000000,0x00000000879bf680,0x000000008a300000)
 Metaspace       used 18175K, capacity 18400K, committed 18560K, reserved 1064960K
  class space    used 2058K, capacity 2122K, committed 2176K, reserved 1048576K
}
Event: 8127,443 GC heap before
{Heap before GC invocations=3918 (full 0):
 PSYoungGen      total 21504K, used 21504K [0x00000000d7000000, 0x00000000d8880000, 0x0000000100000000)
  eden space 20992K, 100% used [0x00000000d7000000,0x00000000d8480000,0x00000000d8480000)
  from space 512K, 100% used [0x00000000d8480000,0x00000000d8500000,0x00000000d8500000)
  to   space 2048K, 0% used [0x00000000d8680000,0x00000000d8680000,0x00000000d8880000)
 ParOldGen       total 84992K, used 42749K [0x0000000085000000, 0x000000008a300000, 0x00000000d7000000)
  object space 84992K, 50% used [0x0000000085000000,0x00000000879bf680,0x000000008a300000)
 Metaspace       used 18175K, capacity 18400K, committed 18560K, reserved 1064960K
  class space    used 2058K, capacity 2122K, committed 2176K, reserved 1048576K
Event: 8127,445 GC heap after
Heap after GC invocations=3918 (full 0):
 PSYoungGen      total 23040K, used 672K [0x00000000d7000000, 0x00000000d8880000, 0x0000000100000000)
  eden space 20992K, 0% used [0x00000000d7000000,0x00000000d7000000,0x00000000d8480000)
  from space 2048K, 32% used [0x00000000d8680000,0x00000000d8728000,0x00000000d8880000)
  to   space 2048K, 0% used [0x00000000d8480000,0x00000000d8480000,0x00000000d8680000)
 ParOldGen       total 84992K, used 42757K [0x0000000085000000, 0x000000008a300000, 0x00000000d7000000)
  object space 84992K, 50% used [0x0000000085000000,0x00000000879c1680,0x000000008a300000)
 Metaspace       used 18175K, capacity 18400K, committed 18560K, reserved 1064960K
  class space    used 2058K, capacity 2122K, committed 2176K, reserved 1048576K
}
Event: 8128,446 GC heap before
{Heap before GC invocations=3919 (full 0):
 PSYoungGen      total 23040K, used 21664K [0x00000000d7000000, 0x00000000d8880000, 0x0000000100000000)
  eden space 20992K, 100% used [0x00000000d7000000,0x00000000d8480000,0x00000000d8480000)
  from space 2048K, 32% used [0x00000000d8680000,0x00000000d8728000,0x00000000d8880000)
  to   space 2048K, 0% used [0x00000000d8480000,0x00000000d8480000,0x00000000d8680000)
 ParOldGen       total 84992K, used 42757K [0x0000000085000000, 0x000000008a300000, 0x00000000d7000000)
  object space 84992K, 50% used [0x0000000085000000,0x00000000879c1680,0x000000008a300000)
 Metaspace       used 18175K, capacity 18400K, committed 18560K, reserved 1064960K
  class space    used 2058K, capacity 2122K, committed 2176K, reserved 1048576K
Event: 8128,448 GC heap after
Heap after GC invocations=3919 (full 0):
 PSYoungGen      total 23040K, used 928K [0x00000000d7000000, 0x00000000d8880000, 0x0000000100000000)
  eden space 20992K, 0% used [0x00000000d7000000,0x00000000d7000000,0x00000000d8480000)
  from space 2048K, 45% used [0x00000000d8480000,0x00000000d8568000,0x00000000d8680000)
  to   space 2048K, 0% used [0x00000000d8680000,0x00000000d8680000,0x00000000d8880000)
 ParOldGen       total 84992K, used 42789K [0x0000000085000000, 0x000000008a300000, 0x00000000d7000000)
  object space 84992K, 50% used [0x0000000085000000,0x00000000879c9680,0x000000008a300000)
 Metaspace       used 18175K, capacity 18400K, committed 18560K, reserved 1064960K
  class space    used 2058K, capacity 2122K, committed 2176K, reserved 1048576K
}
Event: 8129,448 GC heap before
{Heap before GC invocations=3920 (full 0):
 PSYoungGen      total 23040K, used 21920K [0x00000000d7000000, 0x00000000d8880000, 0x0000000100000000)
  eden space 20992K, 100% used [0x00000000d7000000,0x00000000d8480000,0x00000000d8480000)
  from space 2048K, 45% used [0x00000000d8480000,0x00000000d8568000,0x00000000d8680000)
  to   space 2048K, 0% used [0x00000000d8680000,0x00000000d8680000,0x00000000d8880000)
 ParOldGen       total 84992K, used 42789K [0x0000000085000000, 0x000000008a300000, 0x00000000d7000000)
  object space 84992K, 50% used [0x0000000085000000,0x00000000879c9680,0x000000008a300000)
 Metaspace       used 18175K, capacity 18400K, committed 18560K, reserved 1064960K
  class space    used 2058K, capacity 2122K, committed 2176K, reserved 1048576K

Deoptimization events (10 events):
Event: 0,358 Thread 0x00007fd398301000 Uncommon trap: reason=class_check action=maybe_recompile pc=0x00007fd38923f0a0 method=java.util.HashMap.putVal(ILjava/lang/Object;Ljava/lang/Object;ZZ)Ljava/lang/Object; @ 253
Event: 0,359 Thread 0x00007fd398301000 Uncommon trap: reason=class_check action=maybe_recompile pc=0x00007fd38923f0a0 method=java.util.HashMap.putVal(ILjava/lang/Object;Ljava/lang/Object;ZZ)Ljava/lang/Object; @ 253
Event: 0,359 Thread 0x00007fd398301000 Uncommon trap: reason=class_check action=maybe_recompile pc=0x00007fd38923f0a0 method=java.util.HashMap.putVal(ILjava/lang/Object;Ljava/lang/Object;ZZ)Ljava/lang/Object; @ 253
Event: 0,359 Thread 0x00007fd398301000 Uncommon trap: reason=class_check action=maybe_recompile pc=0x00007fd38923b714 method=java.util.HashMap.putVal(ILjava/lang/Object;Ljava/lang/Object;ZZ)Ljava/lang/Object; @ 253
Event: 0,454 Thread 0x00007fd398301000 Uncommon trap: reason=unstable_if action=reinterpret pc=0x00007fd38928af60 method=java.lang.CharacterData.of(I)Ljava/lang/CharacterData; @ 4
Event: 0,578 Thread 0x00007fd398301000 Uncommon trap: reason=unstable_if action=reinterpret pc=0x00007fd3892600dc method=java.util.HashMap.putVal(ILjava/lang/Object;Ljava/lang/Object;ZZ)Ljava/lang/Object; @ 109
Event: 0,632 Thread 0x00007fd398301000 Uncommon trap: reason=unstable_if action=reinterpret pc=0x00007fd38934ba44 method=java.lang.String.replace(CC)Ljava/lang/String; @ 26
Event: 2,334 Thread 0x00007fd398301000 Uncommon trap: reason=unstable_if action=reinterpret pc=0x00007fd389445430 method=java.lang.StrictMath.floorOrCeil(DDDD)D @ 24
Event: 48,334 Thread 0x00007fd398301000 Uncommon trap: reason=unstable_if action=reinterpret pc=0x00007fd3895c75e0 method=java.lang.ref.SoftReference.get()Ljava/lang/Object; @ 17
Event: 1913,609 Thread 0x00007fd398301000 Uncommon trap: reason=unstable_if action=reinterpret pc=0x00007fd3898cb90c method=org.jfree.data.time.Minute.compareTo(Ljava/lang/Object;)I @ 25

Internal exceptions (10 events):
Event: 0,247 Thread 0x00007fd39800a000 Exception <a 'java/lang/ClassNotFoundException': Tree> (0x00000000d7500d18) thrown at [/HUDSON3/workspace/8-2-build-linux-amd64/jdk8u111/7883/hotspot/src/share/vm/classfile/systemDictionary.cpp, line 210]
Event: 0,247 Thread 0x00007fd39800a000 Exception <a 'java/lang/ClassNotFoundException': Tree> (0x00000000d7501458) thrown at [/HUDSON3/workspace/8-2-build-linux-amd64/jdk8u111/7883/hotspot/src/share/vm/classfile/systemDictionary.cpp, line 210]
Event: 0,247 Thread 0x00007fd39800a000 Exception <a 'java/lang/ClassNotFoundException': javax/swing/JTreeCell> (0x00000000d75017d8) thrown at [/HUDSON3/workspace/8-2-build-linux-amd64/jdk8u111/7883/hotspot/src/share/vm/classfile/systemDictionary.cpp, line 210]
Event: 0,247 Thread 0x00007fd39800a000 Exception <a 'java/lang/ClassNotFoundException': TreeCell> (0x00000000d7501c60) thrown at [/HUDSON3/workspace/8-2-build-linux-amd64/jdk8u111/7883/hotspot/src/share/vm/classfile/systemDictionary.cpp, line 210]
Event: 0,248 Thread 0x00007fd39800a000 Exception <a 'java/lang/ClassNotFoundException': RootPane> (0x00000000d75026c0) thrown at [/HUDSON3/workspace/8-2-build-linux-amd64/jdk8u111/7883/hotspot/src/share/vm/classfile/systemDictionary.cpp, line 210]
Event: 0,272 Thread 0x00007fd398301000 Implicit null exception at 0x00007fd3891e3836 to 0x00007fd3891e3be5
Event: 0,744 Thread 0x00007fd398301000 Exception <a 'java/lang/UnsupportedOperationException': > (0x00000000d85f8660) thrown at [/HUDSON3/workspace/8-2-build-linux-amd64/jdk8u111/7883/hotspot/src/share/vm/prims/jni.cpp, line 735]
Event: 32,739 Thread 0x00007fd328001000 Exception <a 'java/net/SocketTimeoutException': Read timed out> (0x00000000d88fada8) thrown at [/HUDSON3/workspace/8-2-build-linux-amd64/jdk8u111/7883/hotspot/src/share/vm/prims/jni.cpp, line 735]
Event: 32,739 Thread 0x00007fd334001800 Exception <a 'java/net/SocketTimeoutException': Read timed out> (0x00000000d89997c0) thrown at [/HUDSON3/workspace/8-2-build-linux-amd64/jdk8u111/7883/hotspot/src/share/vm/prims/jni.cpp, line 735]
Event: 33,332 Thread 0x00007fd398301000 Exception <a 'java/net/BindException'> (0x00000000d8c6d988) thrown at [/HUDSON3/workspace/8-2-build-linux-amd64/jdk8u111/7883/hotspot/src/share/vm/prims/jni.cpp, line 709]

Events (10 events):
Event: 8124,436 Executing VM operation: ParallelGCFailedAllocation done
Event: 8125,438 Executing VM operation: ParallelGCFailedAllocation
Event: 8125,440 Executing VM operation: ParallelGCFailedAllocation done
Event: 8126,441 Executing VM operation: ParallelGCFailedAllocation
Event: 8126,443 Executing VM operation: ParallelGCFailedAllocation done
Event: 8127,443 Executing VM operation: ParallelGCFailedAllocation
Event: 8127,445 Executing VM operation: ParallelGCFailedAllocation done
Event: 8128,446 Executing VM operation: ParallelGCFailedAllocation
Event: 8128,448 Executing VM operation: ParallelGCFailedAllocation done
Event: 8129,448 Executing VM operation: ParallelGCFailedAllocation


Dynamic libraries:
00400000-00401000 r-xp 00000000 08:02 1967913                            /home/glazen/jdk1.8.0_111/jre/bin/java
00600000-00601000 rw-p 00000000 08:02 1967913                            /home/glazen/jdk1.8.0_111/jre/bin/java
007b3000-007d4000 rw-p 00000000 00:00 0                                  [heap]
85000000-8a300000 rw-p 00000000 00:00 0 
8a300000-d7000000 ---p 00000000 00:00 0 
d7000000-d8880000 rw-p 00000000 00:00 0 
d8880000-100000000 ---p 00000000 00:00 0 
100000000-100220000 rw-p 00000000 00:00 0 
100220000-140000000 ---p 00000000 00:00 0 
7fd320000000-7fd320021000 rw-p 00000000 00:00 0 
7fd320021000-7fd324000000 ---p 00000000 00:00 0 
7fd328000000-7fd328021000 rw-p 00000000 00:00 0 
7fd328021000-7fd32c000000 ---p 00000000 00:00 0 
7fd32c000000-7fd32c021000 rw-p 00000000 00:00 0 
7fd32c021000-7fd330000000 ---p 00000000 00:00 0 
7fd330000000-7fd330021000 rw-p 00000000 00:00 0 
7fd330021000-7fd334000000 ---p 00000000 00:00 0 
7fd334000000-7fd334021000 rw-p 00000000 00:00 0 
7fd334021000-7fd338000000 ---p 00000000 00:00 0 
7fd338000000-7fd338425000 rw-p 00000000 00:00 0 
7fd338425000-7fd33c000000 ---p 00000000 00:00 0 
7fd33c000000-7fd33c021000 rw-p 00000000 00:00 0 
7fd33c021000-7fd340000000 ---p 00000000 00:00 0 
7fd342c45000-7fd342c48000 ---p 00000000 00:00 0 
7fd342c48000-7fd342d46000 rw-p 00000000 00:00 0 
7fd342d46000-7fd342d49000 ---p 00000000 00:00 0 
7fd342d49000-7fd342e47000 rw-p 00000000 00:00 0 
7fd342e47000-7fd342e4a000 ---p 00000000 00:00 0 
7fd342e4a000-7fd342f48000 rw-p 00000000 00:00 0 
7fd342f48000-7fd342f4b000 ---p 00000000 00:00 0 
7fd342f4b000-7fd343249000 rw-p 00000000 00:00 0 
7fd343249000-7fd34325c000 r--s 00345000 08:02 1967621                    /home/glazen/jdk1.8.0_111/jre/lib/resources.jar
7fd34325c000-7fd343286000 r-xp 00000000 08:02 1967726                    /home/glazen/jdk1.8.0_111/jre/lib/amd64/libdcpr.so
7fd343286000-7fd343486000 ---p 0002a000 08:02 1967726                    /home/glazen/jdk1.8.0_111/jre/lib/amd64/libdcpr.so
7fd343486000-7fd343489000 rw-p 0002a000 08:02 1967726                    /home/glazen/jdk1.8.0_111/jre/lib/amd64/libdcpr.so
7fd343489000-7fd343689000 rw-p 00000000 00:00 0 
7fd34397e000-7fd343981000 ---p 00000000 00:00 0 
7fd343981000-7fd343c7f000 rw-p 00000000 00:00 0 
7fd343c7f000-7fd343ce8000 r-xp 00000000 08:02 1967758                    /home/glazen/jdk1.8.0_111/jre/lib/amd64/libt2k.so
7fd343ce8000-7fd343ee8000 ---p 00069000 08:02 1967758                    /home/glazen/jdk1.8.0_111/jre/lib/amd64/libt2k.so
7fd343ee8000-7fd343eef000 rw-p 00069000 08:02 1967758                    /home/glazen/jdk1.8.0_111/jre/lib/amd64/libt2k.so
7fd343eef000-7fd343eff000 rw-p 00000000 00:00 0 
7fd343eff000-7fd343f02000 ---p 00000000 00:00 0 
7fd343f02000-7fd344000000 rw-p 00000000 00:00 0 
7fd344000000-7fd344021000 rw-p 00000000 00:00 0 
7fd344021000-7fd348000000 ---p 00000000 00:00 0 
7fd348000000-7fd34802a000 rw-p 00000000 00:00 0 
7fd34802a000-7fd34c000000 ---p 00000000 00:00 0 
7fd34c000000-7fd34c021000 rw-p 00000000 00:00 0 
7fd34c021000-7fd350000000 ---p 00000000 00:00 0 
7fd350000000-7fd350021000 rw-p 00000000 00:00 0 
7fd350021000-7fd354000000 ---p 00000000 00:00 0 
7fd354000000-7fd35594d000 rw-p 00000000 00:00 0 
7fd35594d000-7fd358000000 ---p 00000000 00:00 0 
7fd358000000-7fd358784000 rw-p 00000000 00:00 0 
7fd358784000-7fd35c000000 ---p 00000000 00:00 0 
7fd35c000000-7fd35c021000 rw-p 00000000 00:00 0 
7fd35c021000-7fd360000000 ---p 00000000 00:00 0 
7fd360000000-7fd3629a2000 rw-p 00000000 00:00 0 
7fd3629a2000-7fd364000000 ---p 00000000 00:00 0 
7fd364000000-7fd364021000 rw-p 00000000 00:00 0 
7fd364021000-7fd368000000 ---p 00000000 00:00 0 
7fd368000000-7fd368021000 rw-p 00000000 00:00 0 
7fd368021000-7fd36c000000 ---p 00000000 00:00 0 
7fd36c000000-7fd36c28d000 rw-p 00000000 00:00 0 
7fd36c28d000-7fd370000000 ---p 00000000 00:00 0 
7fd370000000-7fd370021000 rw-p 00000000 00:00 0 
7fd370021000-7fd374000000 ---p 00000000 00:00 0 
7fd374000000-7fd374021000 rw-p 00000000 00:00 0 
7fd374021000-7fd378000000 ---p 00000000 00:00 0 
7fd378025000-7fd378030000 r--s 00000000 08:02 11403365                   /var/cache/fontconfig/945677eb7aeaf62f1d50efc3fb3ec7d8-le64.cache-6
7fd378030000-7fd378036000 r--s 00000000 08:02 11410960                   /var/cache/fontconfig/2cd17615ca594fa2959ae173292e504c-le64.cache-6
7fd378036000-7fd378039000 ---p 00000000 00:00 0 
7fd378039000-7fd378137000 rw-p 00000000 00:00 0 
7fd378137000-7fd378142000 r--s 00000000 08:02 11403365                   /var/cache/fontconfig/945677eb7aeaf62f1d50efc3fb3ec7d8-le64.cache-6
7fd378142000-7fd378148000 r--s 00000000 08:02 11410960                   /var/cache/fontconfig/2cd17615ca594fa2959ae173292e504c-le64.cache-6
7fd378148000-7fd378149000 r--s 00000000 08:02 11410959                   /var/cache/fontconfig/0d8c3b2ac0904cb8a57a757ad11a4a08-le64.cache-6
7fd378149000-7fd37815e000 r--s 00000000 08:02 11410933                   /var/cache/fontconfig/04aabc0a78ac019cf9454389977116d2-le64.cache-6
7fd37815e000-7fd37815f000 r--s 00000000 08:02 11410894                   /var/cache/fontconfig/1ac9eb803944fde146138c791f5cc56a-le64.cache-6
7fd37815f000-7fd378163000 r--s 00000000 08:02 11410893                   /var/cache/fontconfig/385c0604a188198f04d133e54aba7fe7-le64.cache-6
7fd378163000-7fd378166000 r--s 00000000 08:02 11410791                   /var/cache/fontconfig/767a8244fc0220cfb567a839d0392e0b-le64.cache-6
7fd378168000-7fd378169000 r--s 00000000 08:02 11410959                   /var/cache/fontconfig/0d8c3b2ac0904cb8a57a757ad11a4a08-le64.cache-6
7fd378169000-7fd37817e000 r--s 00000000 08:02 11410933                   /var/cache/fontconfig/04aabc0a78ac019cf9454389977116d2-le64.cache-6
7fd37817e000-7fd37817f000 r--s 00000000 08:02 11410894                   /var/cache/fontconfig/1ac9eb803944fde146138c791f5cc56a-le64.cache-6
7fd37817f000-7fd378183000 r--s 00000000 08:02 11410893                   /var/cache/fontconfig/385c0604a188198f04d133e54aba7fe7-le64.cache-6
7fd378183000-7fd378184000 r--s 00000000 08:02 11410794                   /var/cache/fontconfig/dc05db6664285cc2f12bf69c139ae4c3-le64.cache-6
7fd378184000-7fd378187000 r--s 00000000 08:02 11410791                   /var/cache/fontconfig/767a8244fc0220cfb567a839d0392e0b-le64.cache-6
7fd378187000-7fd378188000 r--s 00000000 08:02 11410790                   /var/cache/fontconfig/4794a0821666d79190d59a36cb4f44b5-le64.cache-6
7fd378188000-7fd3781af000 r--s 00000000 08:02 11410785                   /var/cache/fontconfig/0bd3dc0958fa2205aaaa8ebb13e2872b-le64.cache-6
7fd3781af000-7fd3781b4000 r--s 00000000 08:02 11410784                   /var/cache/fontconfig/8801497958630a81b71ace7c5f9b32a8-le64.cache-6
7fd3781b4000-7fd3781b5000 r--s 00000000 08:02 11410595                   /var/cache/fontconfig/bab58bb527bb656aaa9f116d68a48d89-le64.cache-6
7fd3781b5000-7fd3781bc000 r--s 00000000 08:02 11410594                   /var/cache/fontconfig/3047814df9a2f067bd2d96a2b9c36e5a-le64.cache-6
7fd3781bc000-7fd3781bd000 r--s 00000000 08:02 11410593                   /var/cache/fontconfig/56cf4f4769d0f4abc89a4895d7bd3ae1-le64.cache-6
7fd3781bd000-7fd3781be000 r--s 00000000 08:02 11410592                   /var/cache/fontconfig/b9d506c9ac06c20b433354fa67a72993-le64.cache-6
7fd3781be000-7fd3781c4000 r--s 00000000 08:02 11410591                   /var/cache/fontconfig/b47c4e1ecd0709278f4910c18777a504-le64.cache-6
7fd3781c4000-7fd3781d7000 r--s 00000000 08:02 11410585                   /var/cache/fontconfig/d52a8644073d54c13679302ca1180695-le64.cache-6
7fd3781d7000-7fd3781d8000 r--s 00000000 08:02 11410584                   /var/cache/fontconfig/551ecf3b0e8b0bca0f25c0944f561853-le64.cache-6
7fd3781d8000-7fd3781dc000 r--s 00000000 08:02 11410532                   /var/cache/fontconfig/d589a48862398ed80a3d6066f4f56f4c-le64.cache-6
7fd3781dc000-7fd3781dd000 r--s 00000000 08:02 11410531                   /var/cache/fontconfig/30829fa25452a46451e813d634d7f916-le64.cache-6
7fd3781dd000-7fd3781de000 r--s 00000000 08:02 11410527                   /var/cache/fontconfig/0c9eb80ebd1c36541ebe2852d3bb0c49-le64.cache-6
7fd3781de000-7fd3781e1000 r--s 00000000 08:02 11410321                   /var/cache/fontconfig/75114ca45c98e8a441da0ff356701271-le64.cache-6
7fd3781e1000-7fd3781ec000 r--s 00000000 08:02 11410320                   /var/cache/fontconfig/83bf95040141907cd45bb53cf7c1c148-le64.cache-6
7fd3781ec000-7fd3781fe000 r--s 00000000 08:02 11403344                   /var/cache/fontconfig/9b89f8e3dae116d678bbf48e5f21f69b-le64.cache-6
7fd3781fe000-7fd378201000 r--s 00000000 08:02 11403360                   /var/cache/fontconfig/e13b20fdb08344e0e664864cc2ede53d-le64.cache-6
7fd378201000-7fd378205000 r--s 00000000 08:02 11403338                   /var/cache/fontconfig/7ef2298fde41cc6eeb7af42e48b7d293-le64.cache-6
7fd37821d000-7fd378227000 r--s 00115000 08:02 1967540                    /home/glazen/jdk1.8.0_111/jre/lib/ext/localedata.jar
7fd378227000-7fd378242000 r--s 0038e000 08:02 1967577                    /home/glazen/jdk1.8.0_111/jre/lib/ext/cldrdata.jar
7fd378242000-7fd378442000 rw-p 00000000 00:00 0 
7fd378442000-7fd378453000 r-xp 00000000 08:02 1967756                    /home/glazen/jdk1.8.0_111/jre/lib/amd64/libnio.so
7fd378453000-7fd378652000 ---p 00011000 08:02 1967756                    /home/glazen/jdk1.8.0_111/jre/lib/amd64/libnio.so
7fd378652000-7fd378653000 rw-p 00010000 08:02 1967756                    /home/glazen/jdk1.8.0_111/jre/lib/amd64/libnio.so
7fd378653000-7fd378954000 rw-p 00000000 00:00 0 
7fd378954000-7fd37896a000 r-xp 00000000 08:02 1967757                    /home/glazen/jdk1.8.0_111/jre/lib/amd64/libnet.so
7fd37896a000-7fd378b6a000 ---p 00016000 08:02 1967757                    /home/glazen/jdk1.8.0_111/jre/lib/amd64/libnet.so
7fd378b6a000-7fd378b6b000 rw-p 00016000 08:02 1967757                    /home/glazen/jdk1.8.0_111/jre/lib/amd64/libnet.so
7fd378b6b000-7fd378b6e000 ---p 00000000 00:00 0 
7fd378b6e000-7fd378c6c000 rw-p 00000000 00:00 0 
7fd378c6c000-7fd378c71000 r-xp 00000000 08:02 2892395                    /usr/lib/x86_64-linux-gnu/libXfixes.so.3.1.0
7fd378c71000-7fd378e70000 ---p 00005000 08:02 2892395                    /usr/lib/x86_64-linux-gnu/libXfixes.so.3.1.0
7fd378e70000-7fd378e71000 r--p 00004000 08:02 2892395                    /usr/lib/x86_64-linux-gnu/libXfixes.so.3.1.0
7fd378e71000-7fd378e72000 rw-p 00005000 08:02 2892395                    /usr/lib/x86_64-linux-gnu/libXfixes.so.3.1.0
7fd378e72000-7fd378e7b000 r-xp 00000000 08:02 2892387                    /usr/lib/x86_64-linux-gnu/libXcursor.so.1.0.2
7fd378e7b000-7fd37907a000 ---p 00009000 08:02 2892387                    /usr/lib/x86_64-linux-gnu/libXcursor.so.1.0.2
7fd37907a000-7fd37907b000 r--p 00008000 08:02 2892387                    /usr/lib/x86_64-linux-gnu/libXcursor.so.1.0.2
7fd37907b000-7fd37907c000 rw-p 00009000 08:02 2892387                    /usr/lib/x86_64-linux-gnu/libXcursor.so.1.0.2
7fd37907c000-7fd37907f000 ---p 00000000 00:00 0 
7fd37907f000-7fd37917d000 rw-p 00000000 00:00 0 
7fd37917d000-7fd379193000 r-xp 00000000 08:02 9048472                    /lib/x86_64-linux-gnu/libgcc_s.so.1
7fd379193000-7fd379392000 ---p 00016000 08:02 9048472                    /lib/x86_64-linux-gnu/libgcc_s.so.1
7fd379392000-7fd379393000 rw-p 00015000 08:02 9048472                    /lib/x86_64-linux-gnu/libgcc_s.so.1
7fd379393000-7fd3793f8000 r-xp 00000000 08:02 1967593                    /home/glazen/jdk1.8.0_111/jre/lib/amd64/libfontmanager.so
7fd3793f8000-7fd3795f7000 ---p 00065000 08:02 1967593                    /home/glazen/jdk1.8.0_111/jre/lib/amd64/libfontmanager.so
7fd3795f7000-7fd3795fc000 rw-p 00064000 08:02 1967593                    /home/glazen/jdk1.8.0_111/jre/lib/amd64/libfontmanager.so
7fd3795fc000-7fd37960c000 rw-p 00000000 00:00 0 
7fd37960c000-7fd379611000 r-xp 00000000 08:02 2892391                    /usr/lib/x86_64-linux-gnu/libXdmcp.so.6.0.0
7fd379611000-7fd379810000 ---p 00005000 08:02 2892391                    /usr/lib/x86_64-linux-gnu/libXdmcp.so.6.0.0
7fd379810000-7fd379811000 r--p 00004000 08:02 2892391                    /usr/lib/x86_64-linux-gnu/libXdmcp.so.6.0.0
7fd379811000-7fd379812000 rw-p 00005000 08:02 2892391                    /usr/lib/x86_64-linux-gnu/libXdmcp.so.6.0.0
7fd379812000-7fd379814000 r-xp 00000000 08:02 2892380                    /usr/lib/x86_64-linux-gnu/libXau.so.6.0.0
7fd379814000-7fd379a14000 ---p 00002000 08:02 2892380                    /usr/lib/x86_64-linux-gnu/libXau.so.6.0.0
7fd379a14000-7fd379a15000 r--p 00002000 08:02 2892380                    /usr/lib/x86_64-linux-gnu/libXau.so.6.0.0
7fd379a15000-7fd379a16000 rw-p 00003000 08:02 2892380                    /usr/lib/x86_64-linux-gnu/libXau.so.6.0.0
7fd379a16000-7fd379a37000 r-xp 00000000 08:02 2893600                    /usr/lib/x86_64-linux-gnu/libxcb.so.1.1.0
7fd379a37000-7fd379c36000 ---p 00021000 08:02 2893600                    /usr/lib/x86_64-linux-gnu/libxcb.so.1.1.0
7fd379c36000-7fd379c37000 r--p 00020000 08:02 2893600                    /usr/lib/x86_64-linux-gnu/libxcb.so.1.1.0
7fd379c37000-7fd379c38000 rw-p 00021000 08:02 2893600                    /usr/lib/x86_64-linux-gnu/libxcb.so.1.1.0
7fd379c38000-7fd379c47000 r-xp 00000000 08:02 2892401                    /usr/lib/x86_64-linux-gnu/libXi.so.6.1.0
7fd379c47000-7fd379e46000 ---p 0000f000 08:02 2892401                    /usr/lib/x86_64-linux-gnu/libXi.so.6.1.0
7fd379e46000-7fd379e47000 r--p 0000e000 08:02 2892401                    /usr/lib/x86_64-linux-gnu/libXi.so.6.1.0
7fd379e47000-7fd379e48000 rw-p 0000f000 08:02 2892401                    /usr/lib/x86_64-linux-gnu/libXi.so.6.1.0
7fd379e48000-7fd379e4d000 r-xp 00000000 08:02 2892419                    /usr/lib/x86_64-linux-gnu/libXtst.so.6.1.0
7fd379e4d000-7fd37a04c000 ---p 00005000 08:02 2892419                    /usr/lib/x86_64-linux-gnu/libXtst.so.6.1.0
7fd37a04c000-7fd37a04d000 r--p 00004000 08:02 2892419                    /usr/lib/x86_64-linux-gnu/libXtst.so.6.1.0
7fd37a04d000-7fd37a04e000 rw-p 00005000 08:02 2892419                    /usr/lib/x86_64-linux-gnu/libXtst.so.6.1.0
7fd37a04e000-7fd37a057000 r-xp 00000000 08:02 2892413                    /usr/lib/x86_64-linux-gnu/libXrender.so.1.3.0
7fd37a057000-7fd37a256000 ---p 00009000 08:02 2892413                    /usr/lib/x86_64-linux-gnu/libXrender.so.1.3.0
7fd37a256000-7fd37a257000 r--p 00008000 08:02 2892413                    /usr/lib/x86_64-linux-gnu/libXrender.so.1.3.0
7fd37a257000-7fd37a258000 rw-p 00009000 08:02 2892413                    /usr/lib/x86_64-linux-gnu/libXrender.so.1.3.0
7fd37a258000-7fd37a38d000 r-xp 00000000 08:02 2892376                    /usr/lib/x86_64-linux-gnu/libX11.so.6.3.0
7fd37a38d000-7fd37a58d000 ---p 00135000 08:02 2892376                    /usr/lib/x86_64-linux-gnu/libX11.so.6.3.0
7fd37a58d000-7fd37a58e000 r--p 00135000 08:02 2892376                    /usr/lib/x86_64-linux-gnu/libX11.so.6.3.0
7fd37a58e000-7fd37a592000 rw-p 00136000 08:02 2892376                    /usr/lib/x86_64-linux-gnu/libX11.so.6.3.0
7fd37a592000-7fd37a5a3000 r-xp 00000000 08:02 2892393                    /usr/lib/x86_64-linux-gnu/libXext.so.6.4.0
7fd37a5a3000-7fd37a7a2000 ---p 00011000 08:02 2892393                    /usr/lib/x86_64-linux-gnu/libXext.so.6.4.0
7fd37a7a2000-7fd37a7a3000 r--p 00010000 08:02 2892393                    /usr/lib/x86_64-linux-gnu/libXext.so.6.4.0
7fd37a7a3000-7fd37a7a4000 rw-p 00011000 08:02 2892393                    /usr/lib/x86_64-linux-gnu/libXext.so.6.4.0
7fd37a7a4000-7fd37a7f8000 r-xp 00000000 08:02 1967649                    /home/glazen/jdk1.8.0_111/jre/lib/amd64/libawt_xawt.so
7fd37a7f8000-7fd37a9f8000 ---p 00054000 08:02 1967649                    /home/glazen/jdk1.8.0_111/jre/lib/amd64/libawt_xawt.so
7fd37a9f8000-7fd37a9fc000 rw-p 00054000 08:02 1967649                    /home/glazen/jdk1.8.0_111/jre/lib/amd64/libawt_xawt.so
7fd37a9fc000-7fd37a9fd000 rw-p 00000000 00:00 0 
7fd37a9fd000-7fd37aa9f000 r-xp 00000000 08:02 1967759                    /home/glazen/jdk1.8.0_111/jre/lib/amd64/libawt.so
7fd37aa9f000-7fd37ac9f000 ---p 000a2000 08:02 1967759                    /home/glazen/jdk1.8.0_111/jre/lib/amd64/libawt.so
7fd37ac9f000-7fd37acab000 rw-p 000a2000 08:02 1967759                    /home/glazen/jdk1.8.0_111/jre/lib/amd64/libawt.so
7fd37acab000-7fd37accf000 rw-p 00000000 00:00 0 
7fd37accf000-7fd37acd0000 ---p 00000000 00:00 0 
7fd37acd0000-7fd37add0000 rw-p 00000000 00:00 0 
7fd37add0000-7fd37add3000 ---p 00000000 00:00 0 
7fd37add3000-7fd37aed1000 rw-p 00000000 00:00 0 
7fd37aed1000-7fd37aed4000 ---p 00000000 00:00 0 
7fd37aed4000-7fd37afd2000 rw-p 00000000 00:00 0 
7fd37afd2000-7fd37afd5000 ---p 00000000 00:00 0 
7fd37afd5000-7fd37b0d3000 rw-p 00000000 00:00 0 
7fd37b0d3000-7fd37b0d6000 ---p 00000000 00:00 0 
7fd37b0d6000-7fd37b1d4000 rw-p 00000000 00:00 0 
7fd37b1d4000-7fd37b1d7000 ---p 00000000 00:00 0 
7fd37b1d7000-7fd37b2d5000 rw-p 00000000 00:00 0 
7fd37b2d5000-7fd37bcfd000 r--p 00000000 08:02 2891573                    /usr/lib/locale/locale-archive
7fd37bcfd000-7fd37bd00000 ---p 00000000 00:00 0 
7fd37bd00000-7fd37bdfe000 rw-p 00000000 00:00 0 
7fd37bdfe000-7fd37be01000 ---p 00000000 00:00 0 
7fd37be01000-7fd37beff000 rw-p 00000000 00:00 0 
7fd37beff000-7fd37bf00000 ---p 00000000 00:00 0 
7fd37bf00000-7fd37c000000 rw-p 00000000 00:00 0 
7fd37c000000-7fd37c021000 rw-p 00000000 00:00 0 
7fd37c021000-7fd380000000 ---p 00000000 00:00 0 
7fd380000000-7fd380001000 r--s 00000000 08:02 11410794                   /var/cache/fontconfig/dc05db6664285cc2f12bf69c139ae4c3-le64.cache-6
7fd380001000-7fd380002000 r--s 00000000 08:02 11410790                   /var/cache/fontconfig/4794a0821666d79190d59a36cb4f44b5-le64.cache-6
7fd380002000-7fd380029000 r--s 00000000 08:02 11410785                   /var/cache/fontconfig/0bd3dc0958fa2205aaaa8ebb13e2872b-le64.cache-6
7fd380029000-7fd38002e000 r--s 00000000 08:02 11410784                   /var/cache/fontconfig/8801497958630a81b71ace7c5f9b32a8-le64.cache-6
7fd38002e000-7fd38002f000 r--s 00000000 08:02 11410595                   /var/cache/fontconfig/bab58bb527bb656aaa9f116d68a48d89-le64.cache-6
7fd38002f000-7fd380036000 r--s 00000000 08:02 11410594                   /var/cache/fontconfig/3047814df9a2f067bd2d96a2b9c36e5a-le64.cache-6
7fd380036000-7fd380037000 r--s 00000000 08:02 11410593                   /var/cache/fontconfig/56cf4f4769d0f4abc89a4895d7bd3ae1-le64.cache-6
7fd380037000-7fd380038000 r--s 00000000 08:02 11410592                   /var/cache/fontconfig/b9d506c9ac06c20b433354fa67a72993-le64.cache-6
7fd380038000-7fd38003e000 r--s 00000000 08:02 11410591                   /var/cache/fontconfig/b47c4e1ecd0709278f4910c18777a504-le64.cache-6
7fd38003e000-7fd380051000 r--s 00000000 08:02 11410585                   /var/cache/fontconfig/d52a8644073d54c13679302ca1180695-le64.cache-6
7fd380051000-7fd380052000 r--s 00000000 08:02 11410584                   /var/cache/fontconfig/551ecf3b0e8b0bca0f25c0944f561853-le64.cache-6
7fd380052000-7fd380056000 r--s 00000000 08:02 11410532                   /var/cache/fontconfig/d589a48862398ed80a3d6066f4f56f4c-le64.cache-6
7fd380056000-7fd380057000 r--s 00000000 08:02 11410531                   /var/cache/fontconfig/30829fa25452a46451e813d634d7f916-le64.cache-6
7fd380057000-7fd38005a000 r--s 00000000 08:02 11410321                   /var/cache/fontconfig/75114ca45c98e8a441da0ff356701271-le64.cache-6
7fd38005a000-7fd380065000 r--s 00000000 08:02 11410320                   /var/cache/fontconfig/83bf95040141907cd45bb53cf7c1c148-le64.cache-6
7fd380065000-7fd380077000 r--s 00000000 08:02 11403344                   /var/cache/fontconfig/9b89f8e3dae116d678bbf48e5f21f69b-le64.cache-6
7fd380077000-7fd38007a000 r--s 00000000 08:02 11403360                   /var/cache/fontconfig/e13b20fdb08344e0e664864cc2ede53d-le64.cache-6
7fd38007a000-7fd38007e000 r--s 00000000 08:02 11403338                   /var/cache/fontconfig/7ef2298fde41cc6eeb7af42e48b7d293-le64.cache-6
7fd38007e000-7fd384000000 rw-p 00000000 00:00 0 
7fd384000000-7fd384021000 rw-p 00000000 00:00 0 
7fd384021000-7fd388000000 ---p 00000000 00:00 0 
7fd388000000-7fd388003000 r--s 00011000 08:02 2228825                    /home/glazen/Desktop/Java_Project-master/lib/servlet.jar
7fd388003000-7fd388014000 r--s 0014c000 08:02 2228821                    /home/glazen/Desktop/Java_Project-master/lib/jfreechart-1.0.13.jar
7fd388014000-7fd388db2000 rw-p 00000000 00:00 0 
7fd388db2000-7fd388f8a000 r--s 03d2a000 08:02 1967891                    /home/glazen/jdk1.8.0_111/jre/lib/rt.jar
7fd388f8a000-7fd389000000 rw-p 00000000 00:00 0 
7fd389000000-7fd3899f0000 rwxp 00000000 00:00 0 
7fd3899f0000-7fd398000000 ---p 00000000 00:00 0 
7fd398000000-7fd39835a000 rw-p 00000000 00:00 0 
7fd39835a000-7fd39c000000 ---p 00000000 00:00 0 
7fd39c000000-7fd39c001000 r--s 00000000 08:02 11410527                   /var/cache/fontconfig/0c9eb80ebd1c36541ebe2852d3bb0c49-le64.cache-6
7fd39c001000-7fd39c004000 r--s 0001b000 08:02 2228823                    /home/glazen/Desktop/Java_Project-master/lib/junit.jar
7fd39c004000-7fd39cc1e000 rw-p 00000000 00:00 0 
7fd39cc1e000-7fd39cc1f000 ---p 00000000 00:00 0 
7fd39cc1f000-7fd39cd1f000 rw-p 00000000 00:00 0 
7fd39cd1f000-7fd39cd20000 ---p 00000000 00:00 0 
7fd39cd20000-7fd39ce20000 rw-p 00000000 00:00 0 
7fd39ce20000-7fd39ce21000 ---p 00000000 00:00 0 
7fd39ce21000-7fd39cf21000 rw-p 00000000 00:00 0 
7fd39cf21000-7fd39cf22000 ---p 00000000 00:00 0 
7fd39cf22000-7fd39d04c000 rw-p 00000000 00:00 0 
7fd39d04c000-7fd39d2b2000 ---p 00000000 00:00 0 
7fd39d2b2000-7fd39d2dc000 rw-p 00000000 00:00 0 
7fd39d2dc000-7fd39d542000 ---p 00000000 00:00 0 
7fd39d542000-7fd39d54f000 rw-p 00000000 00:00 0 
7fd39d54f000-7fd39d68a000 ---p 00000000 00:00 0 
7fd39d68a000-7fd39d6b3000 rw-p 00000000 00:00 0 
7fd39d6b3000-7fd39da4b000 ---p 00000000 00:00 0 
7fd39da4b000-7fd39da65000 r-xp 00000000 08:02 1967755                    /home/glazen/jdk1.8.0_111/jre/lib/amd64/libzip.so
7fd39da65000-7fd39dc65000 ---p 0001a000 08:02 1967755                    /home/glazen/jdk1.8.0_111/jre/lib/amd64/libzip.so
7fd39dc65000-7fd39dc66000 rw-p 0001a000 08:02 1967755                    /home/glazen/jdk1.8.0_111/jre/lib/amd64/libzip.so
7fd39dc66000-7fd39dc71000 r-xp 00000000 08:02 9048533                    /lib/x86_64-linux-gnu/libnss_files-2.23.so
7fd39dc71000-7fd39de70000 ---p 0000b000 08:02 9048533                    /lib/x86_64-linux-gnu/libnss_files-2.23.so
7fd39de70000-7fd39de71000 r--p 0000a000 08:02 9048533                    /lib/x86_64-linux-gnu/libnss_files-2.23.so
7fd39de71000-7fd39de72000 rw-p 0000b000 08:02 9048533                    /lib/x86_64-linux-gnu/libnss_files-2.23.so
7fd39de72000-7fd39de78000 rw-p 00000000 00:00 0 
7fd39de78000-7fd39de83000 r-xp 00000000 08:02 9048543                    /lib/x86_64-linux-gnu/libnss_nis-2.23.so
7fd39de83000-7fd39e082000 ---p 0000b000 08:02 9048543                    /lib/x86_64-linux-gnu/libnss_nis-2.23.so
7fd39e082000-7fd39e083000 r--p 0000a000 08:02 9048543                    /lib/x86_64-linux-gnu/libnss_nis-2.23.so
7fd39e083000-7fd39e084000 rw-p 0000b000 08:02 9048543                    /lib/x86_64-linux-gnu/libnss_nis-2.23.so
7fd39e084000-7fd39e09a000 r-xp 00000000 08:02 9048527                    /lib/x86_64-linux-gnu/libnsl-2.23.so
7fd39e09a000-7fd39e299000 ---p 00016000 08:02 9048527                    /lib/x86_64-linux-gnu/libnsl-2.23.so
7fd39e299000-7fd39e29a000 r--p 00015000 08:02 9048527                    /lib/x86_64-linux-gnu/libnsl-2.23.so
7fd39e29a000-7fd39e29b000 rw-p 00016000 08:02 9048527                    /lib/x86_64-linux-gnu/libnsl-2.23.so
7fd39e29b000-7fd39e29d000 rw-p 00000000 00:00 0 
7fd39e29d000-7fd39e2a5000 r-xp 00000000 08:02 9048529                    /lib/x86_64-linux-gnu/libnss_compat-2.23.so
7fd39e2a5000-7fd39e4a4000 ---p 00008000 08:02 9048529                    /lib/x86_64-linux-gnu/libnss_compat-2.23.so
7fd39e4a4000-7fd39e4a5000 r--p 00007000 08:02 9048529                    /lib/x86_64-linux-gnu/libnss_compat-2.23.so
7fd39e4a5000-7fd39e4a6000 rw-p 00008000 08:02 9048529                    /lib/x86_64-linux-gnu/libnss_compat-2.23.so
7fd39e4a6000-7fd39e4d1000 r-xp 00000000 08:02 1967728                    /home/glazen/jdk1.8.0_111/jre/lib/amd64/libjava.so
7fd39e4d1000-7fd39e6d0000 ---p 0002b000 08:02 1967728                    /home/glazen/jdk1.8.0_111/jre/lib/amd64/libjava.so
7fd39e6d0000-7fd39e6d2000 rw-p 0002a000 08:02 1967728                    /home/glazen/jdk1.8.0_111/jre/lib/amd64/libjava.so
7fd39e6d2000-7fd39e6df000 r-xp 00000000 08:02 1967691                    /home/glazen/jdk1.8.0_111/jre/lib/amd64/libverify.so
7fd39e6df000-7fd39e8de000 ---p 0000d000 08:02 1967691                    /home/glazen/jdk1.8.0_111/jre/lib/amd64/libverify.so
7fd39e8de000-7fd39e8e0000 rw-p 0000c000 08:02 1967691                    /home/glazen/jdk1.8.0_111/jre/lib/amd64/libverify.so
7fd39e8e0000-7fd39e8e7000 r-xp 00000000 08:02 9048588                    /lib/x86_64-linux-gnu/librt-2.23.so
7fd39e8e7000-7fd39eae6000 ---p 00007000 08:02 9048588                    /lib/x86_64-linux-gnu/librt-2.23.so
7fd39eae6000-7fd39eae7000 r--p 00006000 08:02 9048588                    /lib/x86_64-linux-gnu/librt-2.23.so
7fd39eae7000-7fd39eae8000 rw-p 00007000 08:02 9048588                    /lib/x86_64-linux-gnu/librt-2.23.so
7fd39eae8000-7fd39ebf0000 r-xp 00000000 08:02 9048504                    /lib/x86_64-linux-gnu/libm-2.23.so
7fd39ebf0000-7fd39edef000 ---p 00108000 08:02 9048504                    /lib/x86_64-linux-gnu/libm-2.23.so
7fd39edef000-7fd39edf0000 r--p 00107000 08:02 9048504                    /lib/x86_64-linux-gnu/libm-2.23.so
7fd39edf0000-7fd39edf1000 rw-p 00108000 08:02 9048504                    /lib/x86_64-linux-gnu/libm-2.23.so
7fd39edf1000-7fd39fabe000 r-xp 00000000 08:02 1967606                    /home/glazen/jdk1.8.0_111/jre/lib/amd64/server/libjvm.so
7fd39fabe000-7fd39fcbd000 ---p 00ccd000 08:02 1967606                    /home/glazen/jdk1.8.0_111/jre/lib/amd64/server/libjvm.so
7fd39fcbd000-7fd39fd96000 rw-p 00ccc000 08:02 1967606                    /home/glazen/jdk1.8.0_111/jre/lib/amd64/server/libjvm.so
7fd39fd96000-7fd39fde1000 rw-p 00000000 00:00 0 
7fd39fde1000-7fd39ffa1000 r-xp 00000000 08:02 9048434                    /lib/x86_64-linux-gnu/libc-2.23.so
7fd39ffa1000-7fd3a01a0000 ---p 001c0000 08:02 9048434                    /lib/x86_64-linux-gnu/libc-2.23.so
7fd3a01a0000-7fd3a01a4000 r--p 001bf000 08:02 9048434                    /lib/x86_64-linux-gnu/libc-2.23.so
7fd3a01a4000-7fd3a01a6000 rw-p 001c3000 08:02 9048434                    /lib/x86_64-linux-gnu/libc-2.23.so
7fd3a01a6000-7fd3a01aa000 rw-p 00000000 00:00 0 
7fd3a01aa000-7fd3a01ad000 r-xp 00000000 08:02 9048458                    /lib/x86_64-linux-gnu/libdl-2.23.so
7fd3a01ad000-7fd3a03ac000 ---p 00003000 08:02 9048458                    /lib/x86_64-linux-gnu/libdl-2.23.so
7fd3a03ac000-7fd3a03ad000 r--p 00002000 08:02 9048458                    /lib/x86_64-linux-gnu/libdl-2.23.so
7fd3a03ad000-7fd3a03ae000 rw-p 00003000 08:02 9048458                    /lib/x86_64-linux-gnu/libdl-2.23.so
7fd3a03ae000-7fd3a03c3000 r-xp 00000000 08:02 1967670                    /home/glazen/jdk1.8.0_111/jre/lib/amd64/jli/libjli.so
7fd3a03c3000-7fd3a05c3000 ---p 00015000 08:02 1967670                    /home/glazen/jdk1.8.0_111/jre/lib/amd64/jli/libjli.so
7fd3a05c3000-7fd3a05c4000 rw-p 00015000 08:02 1967670                    /home/glazen/jdk1.8.0_111/jre/lib/amd64/jli/libjli.so
7fd3a05c4000-7fd3a05dc000 r-xp 00000000 08:02 9048580                    /lib/x86_64-linux-gnu/libpthread-2.23.so
7fd3a05dc000-7fd3a07db000 ---p 00018000 08:02 9048580                    /lib/x86_64-linux-gnu/libpthread-2.23.so
7fd3a07db000-7fd3a07dc000 r--p 00017000 08:02 9048580                    /lib/x86_64-linux-gnu/libpthread-2.23.so
7fd3a07dc000-7fd3a07dd000 rw-p 00018000 08:02 9048580                    /lib/x86_64-linux-gnu/libpthread-2.23.so
7fd3a07dd000-7fd3a07e1000 rw-p 00000000 00:00 0 
7fd3a07e1000-7fd3a0807000 r-xp 00000000 08:02 9048406                    /lib/x86_64-linux-gnu/ld-2.23.so
7fd3a0807000-7fd3a0808000 r--s 00006000 08:02 2228822                    /home/glazen/Desktop/Java_Project-master/lib/jpcap.jar
7fd3a0808000-7fd3a0815000 r--s 000fa000 08:02 2228820                    /home/glazen/Desktop/Java_Project-master/lib/jfreechart-1.0.1.jar
7fd3a0815000-7fd3a081b000 r--s 0004a000 08:02 2228818                    /home/glazen/Desktop/Java_Project-master/lib/jcommon-1.0.23.jar
7fd3a081b000-7fd3a0821000 r--s 00046000 08:02 2228817                    /home/glazen/Desktop/Java_Project-master/lib/jcommon-1.0.16.jar
7fd3a0821000-7fd3a08ec000 rw-p 00000000 00:00 0 
7fd3a08ec000-7fd3a08ef000 ---p 00000000 00:00 0 
7fd3a08ef000-7fd3a09f1000 rw-p 00000000 00:00 0 
7fd3a09f1000-7fd3a09f5000 r--s 00028000 08:02 2228819                    /home/glazen/Desktop/Java_Project-master/lib/jcommon-xml-1.0.23.jar
7fd3a09f5000-7fd3a09fa000 r--s 00043000 08:02 2228815                    /home/glazen/Desktop/Java_Project-master/lib/jcommon-1.0.0.jar
7fd3a09fa000-7fd3a0a02000 rw-s 00000000 08:02 3674917                    /tmp/hsperfdata_glazen/11731
7fd3a0a02000-7fd3a0a03000 rw-p 00000000 00:00 0 
7fd3a0a03000-7fd3a0a04000 ---p 00000000 00:00 0 
7fd3a0a04000-7fd3a0a06000 rw-p 00000000 00:00 0 
7fd3a0a06000-7fd3a0a07000 r--p 00025000 08:02 9048406                    /lib/x86_64-linux-gnu/ld-2.23.so
7fd3a0a07000-7fd3a0a08000 rw-p 00026000 08:02 9048406                    /lib/x86_64-linux-gnu/ld-2.23.so
7fd3a0a08000-7fd3a0a09000 rw-p 00000000 00:00 0 
7ffe55b09000-7ffe55b2a000 rw-p 00000000 00:00 0                          [stack]
7ffe55bed000-7ffe55bef000 r--p 00000000 00:00 0                          [vvar]
7ffe55bef000-7ffe55bf1000 r-xp 00000000 00:00 0                          [vdso]
ffffffffff600000-ffffffffff601000 r-xp 00000000 00:00 0                  [vsyscall]

VM Arguments:
jvm_args: -Dfile.encoding=UTF-8 
java_command: Server.ServerUI
java_class_path (initial): /home/glazen/Desktop/Java_Project-master/lib/jcommon-1.0.0.jar:/home/glazen/Desktop/Java_Project-master/lib/jcommon-1.0.16.jar:/home/glazen/Desktop/Java_Project-master/lib/jcommon-1.0.23.jar:/home/glazen/Desktop/Java_Project-master/lib/jcommon-xml-1.0.23.jar:/home/glazen/Desktop/Java_Project-master/lib/jfreechart-1.0.1.jar:/home/glazen/Desktop/Java_Project-master/lib/jfreechart-1.0.13.jar:/home/glazen/Desktop/Java_Project-master/lib/jpcap.jar:/home/glazen/Desktop/Java_Project-master/lib/junit.jar:/home/glazen/Desktop/Java_Project-master/lib/servlet.jar:/home/glazen/Desktop/Java_Project-master/build/classes
Launcher Type: SUN_STANDARD

Environment Variables:
PATH=/usr/local/sbin:/usr/local/bin:/usr/sbin:/usr/bin:/sbin:/bin:/usr/games:/usr/local/games:/snap/bin
LD_LIBRARY_PATH=/home/glazen/jdk1.8.0_111/jre/lib/amd64:/home/glazen/jdk1.8.0_111/jre/lib/i386:
SHELL=/bin/bash
DISPLAY=:0.0

Signal Handlers:
SIGSEGV: [libjvm.so+0xac64b0], sa_mask[0]=11111111011111111101111111111110, sa_flags=SA_RESTART|SA_SIGINFO
SIGBUS: [libjvm.so+0xac64b0], sa_mask[0]=11111111011111111101111111111110, sa_flags=SA_RESTART|SA_SIGINFO
SIGFPE: [libjvm.so+0x91f950], sa_mask[0]=11111111011111111101111111111110, sa_flags=SA_RESTART|SA_SIGINFO
SIGPIPE: [libjvm.so+0x91f950], sa_mask[0]=11111111011111111101111111111110, sa_flags=SA_RESTART|SA_SIGINFO
SIGXFSZ: [libjvm.so+0x91f950], sa_mask[0]=11111111011111111101111111111110, sa_flags=SA_RESTART|SA_SIGINFO
SIGILL: [libjvm.so+0x91f950], sa_mask[0]=11111111011111111101111111111110, sa_flags=SA_RESTART|SA_SIGINFO
SIGUSR1: SIG_DFL, sa_mask[0]=00000000000000000000000000000000, sa_flags=none
SIGUSR2: [libjvm.so+0x920f80], sa_mask[0]=00100000000000000000000000000000, sa_flags=SA_RESTART|SA_SIGINFO
SIGHUP: [libjvm.so+0x922380], sa_mask[0]=11111111011111111101111111111110, sa_flags=SA_RESTART|SA_SIGINFO
SIGINT: SIG_IGN, sa_mask[0]=00000000000000000000000000000000, sa_flags=none
SIGTERM: [libjvm.so+0x922380], sa_mask[0]=11111111011111111101111111111110, sa_flags=SA_RESTART|SA_SIGINFO
SIGQUIT: [libjvm.so+0x922380], sa_mask[0]=11111111011111111101111111111110, sa_flags=SA_RESTART|SA_SIGINFO


---------------  S Y S T E M  ---------------

OS:DISTRIB_ID=Ubuntu
DISTRIB_RELEASE=16.04
DISTRIB_CODENAME=xenial
DISTRIB_DESCRIPTION="Ubuntu 16.04 LTS"

uname:Linux 4.4.0-62-generic #83-Ubuntu SMP Wed Jan 18 14:10:15 UTC 2017 x86_64
libc:glibc 2.23 NPTL 2.23 
rlimit: STACK 8192k, CORE 0k, NPROC 31238, NOFILE 65536, AS infinity
load average:0,00 0,01 0,00

/proc/meminfo:
MemTotal:        8052760 kB
MemFree:         5362492 kB
MemAvailable:    6277624 kB
Buffers:          176376 kB
Cached:           958448 kB
SwapCached:            0 kB
Active:          2065756 kB
Inactive:         394356 kB
Active(anon):    1326704 kB
Inactive(anon):    63460 kB
Active(file):     739052 kB
Inactive(file):   330896 kB
Unevictable:          32 kB
Mlocked:              32 kB
SwapTotal:       8266748 kB
SwapFree:        8266748 kB
Dirty:                28 kB
Writeback:             0 kB
AnonPages:       1325396 kB
Mapped:           142240 kB
Shmem:             64880 kB
Slab:             160196 kB
SReclaimable:     132280 kB
SUnreclaim:        27916 kB
KernelStack:        5920 kB
PageTables:        21752 kB
NFS_Unstable:          0 kB
Bounce:                0 kB
WritebackTmp:          0 kB
CommitLimit:    12293128 kB
Committed_AS:    2735060 kB
VmallocTotal:   34359738367 kB
VmallocUsed:           0 kB
VmallocChunk:          0 kB
HardwareCorrupted:     0 kB
AnonHugePages:   1003520 kB
CmaTotal:              0 kB
CmaFree:               0 kB
HugePages_Total:       0
HugePages_Free:        0
HugePages_Rsvd:        0
HugePages_Surp:        0
Hugepagesize:       2048 kB
DirectMap4k:       99356 kB
DirectMap2M:     8167424 kB


CPU:total 4 (4 cores per cpu, 1 threads per core) family 6 model 42 stepping 7, cmov, cx8, fxsr, mmx, sse, sse2, sse3, ssse3, sse4.1, sse4.2, popcnt, avx, aes, clmul, tsc, tscinvbit

/proc/cpuinfo:
processor	: 0
vendor_id	: GenuineIntel
cpu family	: 6
model		: 42
model name	: Intel(R) Core(TM) i5-2320 CPU @ 3.00GHz
stepping	: 7
microcode	: 0x29
cpu MHz		: 2062.734
cache size	: 6144 KB
physical id	: 0
siblings	: 4
core id		: 0
cpu cores	: 4
apicid		: 0
initial apicid	: 0
fpu		: yes
fpu_exception	: yes
cpuid level	: 13
wp		: yes
flags		: fpu vme de pse tsc msr pae mce cx8 apic sep mtrr pge mca cmov pat pse36 clflush dts acpi mmx fxsr sse sse2 ss ht tm pbe syscall nx rdtscp lm constant_tsc arch_perfmon pebs bts rep_good nopl xtopology nonstop_tsc aperfmperf eagerfpu pni pclmulqdq dtes64 monitor ds_cpl vmx est tm2 ssse3 cx16 xtpr pdcm pcid sse4_1 sse4_2 popcnt tsc_deadline_timer aes xsave avx lahf_lm epb tpr_shadow vnmi flexpriority ept vpid xsaveopt dtherm ida arat pln pts
bugs		:
bogomips	: 5985.93
clflush size	: 64
cache_alignment	: 64
address sizes	: 36 bits physical, 48 bits virtual
power management:

processor	: 1
vendor_id	: GenuineIntel
cpu family	: 6
model		: 42
model name	: Intel(R) Core(TM) i5-2320 CPU @ 3.00GHz
stepping	: 7
microcode	: 0x29
cpu MHz		: 2188.476
cache size	: 6144 KB
physical id	: 0
siblings	: 4
core id		: 1
cpu cores	: 4
apicid		: 2
initial apicid	: 2
fpu		: yes
fpu_exception	: yes
cpuid level	: 13
wp		: yes
flags		: fpu vme de pse tsc msr pae mce cx8 apic sep mtrr pge mca cmov pat pse36 clflush dts acpi mmx fxsr sse sse2 ss ht tm pbe syscall nx rdtscp lm constant_tsc arch_perfmon pebs bts rep_good nopl xtopology nonstop_tsc aperfmperf eagerfpu pni pclmulqdq dtes64 monitor ds_cpl vmx est tm2 ssse3 cx16 xtpr pdcm pcid sse4_1 sse4_2 popcnt tsc_deadline_timer aes xsave avx lahf_lm epb tpr_shadow vnmi flexpriority ept vpid xsaveopt dtherm ida arat pln pts
bugs		:
bogomips	: 5985.93
clflush size	: 64
cache_alignment	: 64
address sizes	: 36 bits physical, 48 bits virtual
power management:

processor	: 2
vendor_id	: GenuineIntel
cpu family	: 6
model		: 42
model name	: Intel(R) Core(TM) i5-2320 CPU @ 3.00GHz
stepping	: 7
microcode	: 0x29
cpu MHz		: 1957.734
cache size	: 6144 KB
physical id	: 0
siblings	: 4
core id		: 2
cpu cores	: 4
apicid		: 4
initial apicid	: 4
fpu		: yes
fpu_exception	: yes
cpuid level	: 13
wp		: yes
flags		: fpu vme de pse tsc msr pae mce cx8 apic sep mtrr pge mca cmov pat pse36 clflush dts acpi mmx fxsr sse sse2 ss ht tm pbe syscall nx rdtscp lm constant_tsc arch_perfmon pebs bts rep_good nopl xtopology nonstop_tsc aperfmperf eagerfpu pni pclmulqdq dtes64 monitor ds_cpl vmx est tm2 ssse3 cx16 xtpr pdcm pcid sse4_1 sse4_2 popcnt tsc_deadline_timer aes xsave avx lahf_lm epb tpr_shadow vnmi flexpriority ept vpid xsaveopt dtherm ida arat pln pts
bugs		:
bogomips	: 5985.93
clflush size	: 64
cache_alignment	: 64
address sizes	: 36 bits physical, 48 bits virtual
power management:

processor	: 3
vendor_id	: GenuineIntel
cpu family	: 6
model		: 42
model name	: Intel(R) Core(TM) i5-2320 CPU @ 3.00GHz
stepping	: 7
microcode	: 0x29
cpu MHz		: 2366.015
cache size	: 6144 KB
physical id	: 0
siblings	: 4
core id		: 3
cpu cores	: 4
apicid		: 6
initial apicid	: 6
fpu		: yes
fpu_exception	: yes
cpuid level	: 13
wp		: yes
flags		: fpu vme de pse tsc msr pae mce cx8 apic sep mtrr pge mca cmov pat pse36 clflush dts acpi mmx fxsr sse sse2 ss ht tm pbe syscall nx rdtscp lm constant_tsc arch_perfmon pebs bts rep_good nopl xtopology nonstop_tsc aperfmperf eagerfpu pni pclmulqdq dtes64 monitor ds_cpl vmx est tm2 ssse3 cx16 xtpr pdcm pcid sse4_1 sse4_2 popcnt tsc_deadline_timer aes xsave avx lahf_lm epb tpr_shadow vnmi flexpriority ept vpid xsaveopt dtherm ida arat pln pts
bugs		:
bogomips	: 5985.93
clflush size	: 64
cache_alignment	: 64
address sizes	: 36 bits physical, 48 bits virtual
power management:



Memory: 4k page, physical 8052760k(5362492k free), swap 8266748k(8266748k free)

vm_info: Java HotSpot(TM) 64-Bit Server VM (25.111-b14) for linux-amd64 JRE (1.8.0_111-b14), built on Sep 22 2016 16:14:03 by "java_re" with gcc 4.3.0 20080428 (Red Hat 4.3.0-8)

time: Thu Feb  9 14:43:36 2017
elapsed time: 8129 seconds (0d 2h 15m 29s)

